#
# A fatal error has been detected by the Java Runtime Environment:
#
#  SIGSEGV (0xb) at pc=0x00007fff7f0f7060, pid=28390, tid=0x0000000000000307
#
# JRE version: Java(TM) SE Runtime Environment (8.0_144-b01) (build 1.8.0_144-b01)
# Java VM: Java HotSpot(TM) 64-Bit Server VM (25.144-b01 mixed mode bsd-amd64 compressed oops)
# Problematic frame:
# C  [libsystem_platform.dylib+0x5060]  _platform_memmove$VARIANT$Haswell+0x140
#
# Failed to write core dump. Core dumps have been disabled. To enable core dumping, try "ulimit -c unlimited" before starting Java again
#
# If you would like to submit a bug report, please visit:
#   http://bugreport.java.com/bugreport/crash.jsp
# The crash happened outside the Java Virtual Machine in native code.
# See problematic frame for where to report the bug.
#

---------------  T H R E A D  ---------------

Current thread (0x00007ff9438d3800):  JavaThread "JavaFX Application Thread" [_thread_in_native, id=775, stack(0x00007ffeea71a000,0x00007ffeeaf1a000)]

siginfo: si_signo: 11 (SIGSEGV), si_code: 1 (SEGV_MAPERR), si_addr: 0x00000001289ad000

Registers:
RAX=0x000000013e66a310, RBX=0x00000001289ac200, RCX=0x0000000000000010, RDX=0x0000000000000af0
RSP=0x00007ffeeaf107e0, RBP=0x00007ffeeaf107e0, RSI=0x00000001289acfd0, RDI=0x000000013e66b0e0
R8 =0x0000000000000000, R9 =0x00000000000911d0, R10=0x0000000000001ba0, R11=0x0000000015cbe110
R12=0x000000013e66a310, R13=0x0000000000000336, R14=0x0000000000001900, R15=0x0000000000001ba0
RIP=0x00007fff7f0f7060, EFLAGS=0x0000000000010202, ERR=0x0000000000000004
  TRAPNO=0x000000000000000e

Top of Stack: (sp=0x00007ffeeaf107e0)
0x00007ffeeaf107e0:   00007ffeeaf10830 0000000136dc393f
0x00007ffeeaf107f0:   0000000000001900 ffffffacffffffac
0x00007ffeeaf10800:   000004f0000006e8 000000013cf9a688
0x00007ffeeaf10810:   0000000000000001 000000013cf9a688
0x00007ffeeaf10820:   00007ffeeaf108e8 000000013e37e240
0x00007ffeeaf10830:   00007ffeeaf10890 0000000136dc343b
0x00007ffeeaf10840:   0000000000000000 0000000000000000
0x00007ffeeaf10850:   0000000000000000 0000022400000320
0x00007ffeeaf10860:   0000000000000000 000000013cf9a688
0x00007ffeeaf10870:   0000000000000001 000000013cf20bd0
0x00007ffeeaf10880:   000000013e37e240 000000013e3a51f8
0x00007ffeeaf10890:   00007ffeeaf10920 0000000136dbc894
0x00007ffeeaf108a0:   000000013e3a51f8 000000013cf9a688
0x00007ffeeaf108b0:   00007ffeeaf10920 0000000136dbc812
0x00007ffeeaf108c0:   0000000000000000 4228000042280000
0x00007ffeeaf108d0:   0000003400000000 0000022400000320
0x00007ffeeaf108e0:   00007ffeeaf10920 ffffffd6ffffffd6
0x00007ffeeaf108f0:   0000027800000374 0000000000000001
0x00007ffeeaf10900:   0000000000000001 000000013cf20bd0
0x00007ffeeaf10910:   000000013e3a51f8 000000013cf9a688
0x00007ffeeaf10920:   00007ffeeaf10960 0000000136dc2bbf
0x00007ffeeaf10930:   0000027800000374 441e0000445d0000
0x00007ffeeaf10940:   000000013e3a51f8 000000013e391de8
0x00007ffeeaf10950:   0000000000000000 00007ffeeaf11830
0x00007ffeeaf10960:   00007ffeeaf10a20 0000000136e16908
0x00007ffeeaf10970:   00007ffeeaf10a10 0000000136ef122e
0x00007ffeeaf10980:   0000000000000002 00000d0000000000
0x00007ffeeaf10990:   000089000000c800 00000d0000000000
0x00007ffeeaf109a0:   00007ffeeaf11830 00007ffeeaf10a28
0x00007ffeeaf109b0:   000000013d197c40 00007ffeeaf10bd0
0x00007ffeeaf109c0:   000000012c329e70 0000000000000064
0x00007ffeeaf109d0:   00007ffeeaf109f0 0000000136ecb9a2 

Instructions: (pc=0x00007fff7f0f7060)
0x00007fff7f0f7040:   80 00 00 00 76 5a 48 f7 c6 1f 00 00 00 74 31 c5
0x00007fff7f0f7050:   fc 29 0f c5 fc 29 57 20 48 83 c7 40 c5 fc 10 0e
0x00007fff7f0f7060:   c5 fc 10 56 20 48 83 c6 40 48 83 ea 40 77 e0 eb
0x00007fff7f0f7070:   2f 66 66 66 66 66 66 2e 0f 1f 84 00 00 00 00 00 

Register to memory mapping:

RAX=0x000000013e66a310 is an unknown value
RBX=0x00000001289ac200 is an unknown value
RCX=0x0000000000000010 is an unknown value
RDX=0x0000000000000af0 is an unknown value
RSP=0x00007ffeeaf107e0 is pointing into the stack for thread: 0x00007ff9438d3800
RBP=0x00007ffeeaf107e0 is pointing into the stack for thread: 0x00007ff9438d3800
RSI=0x00000001289acfd0 is an unknown value
RDI=0x000000013e66b0e0 is an unknown value
R8 =0x0000000000000000 is an unknown value
R9 =0x00000000000911d0 is an unknown value
R10=0x0000000000001ba0 is an unknown value
R11=0x0000000015cbe110 is an unknown value
R12=0x000000013e66a310 is an unknown value
R13=0x0000000000000336 is an unknown value
R14=0x0000000000001900 is an unknown value
R15=0x0000000000001ba0 is an unknown value


Stack: [0x00007ffeea71a000,0x00007ffeeaf1a000],  sp=0x00007ffeeaf107e0,  free space=8153k
Native frames: (J=compiled Java code, j=interpreted, Vv=VM code, C=native code)
C  [libsystem_platform.dylib+0x5060]  _platform_memmove$VARIANT$Haswell+0x140
C  [libjfxwebkit.dylib+0x69393f]  WebCore::FilterEffect::copyImageBytes(JSC::GenericTypedArrayView<JSC::Uint8ClampedAdaptor>*, JSC::GenericTypedArrayView<JSC::Uint8ClampedAdaptor>*, WebCore::IntRect const&)+0x1df
C  [libjfxwebkit.dylib+0x69343b]  WebCore::FilterEffect::copyPremultipliedImage(JSC::GenericTypedArrayView<JSC::Uint8ClampedAdaptor>*, WebCore::IntRect const&)+0x1eb
C  [libjfxwebkit.dylib+0x68c894]  WebCore::FEGaussianBlur::platformApplySoftware()+0x64
C  [libjfxwebkit.dylib+0x692bbf]  WebCore::FilterEffect::apply()+0x11f
C  [libjfxwebkit.dylib+0x6e6908]  WebCore::FilterEffectRendererHelper::applyFilterEffect(WebCore::GraphicsContext&)+0x88
C  [libjfxwebkit.dylib+0x7bca19]  WebCore::RenderLayer::applyFilters(WebCore::FilterEffectRendererHelper*, WebCore::GraphicsContext&, WebCore::RenderLayer::LayerPaintingInfo&, WTF::Vector<WebCore::LayerFragment, 1ul, WTF::CrashOnOverflow, 16ul>&)+0x129
C  [libjfxwebkit.dylib+0x7bb16d]  WebCore::RenderLayer::paintLayerContents(WebCore::GraphicsContext&, WebCore::RenderLayer::LayerPaintingInfo const&, unsigned int)+0xd4d
C  [libjfxwebkit.dylib+0x7b89f7]  WebCore::RenderLayer::paintLayer(WebCore::GraphicsContext&, WebCore::RenderLayer::LayerPaintingInfo const&, unsigned int)+0x447
C  [libjfxwebkit.dylib+0x7bb0a8]  WebCore::RenderLayer::paintLayerContents(WebCore::GraphicsContext&, WebCore::RenderLayer::LayerPaintingInfo const&, unsigned int)+0xc88
C  [libjfxwebkit.dylib+0x7b89f7]  WebCore::RenderLayer::paintLayer(WebCore::GraphicsContext&, WebCore::RenderLayer::LayerPaintingInfo const&, unsigned int)+0x447
C  [libjfxwebkit.dylib+0x7bb0a8]  WebCore::RenderLayer::paintLayerContents(WebCore::GraphicsContext&, WebCore::RenderLayer::LayerPaintingInfo const&, unsigned int)+0xc88
C  [libjfxwebkit.dylib+0x7b89f7]  WebCore::RenderLayer::paintLayer(WebCore::GraphicsContext&, WebCore::RenderLayer::LayerPaintingInfo const&, unsigned int)+0x447
C  [libjfxwebkit.dylib+0x7b84f5]  WebCore::RenderLayer::paint(WebCore::GraphicsContext&, WebCore::LayoutRect const&, WebCore::LayoutSize const&, unsigned int, WebCore::RenderObject*, unsigned int)+0x105
C  [libjfxwebkit.dylib+0x5a1066]  WebCore::FrameView::paintContents(WebCore::GraphicsContext&, WebCore::IntRect const&)+0x1f6
C  [libjfxwebkit.dylib+0x615971]  WebCore::ScrollView::paint(WebCore::GraphicsContext&, WebCore::IntRect const&)+0x251
C  [libjfxwebkit.dylib+0xa4911f]  WebCore::WebPage::paint(_jobject*, int, int, int, int)+0x14f
j  com.sun.webkit.WebPage.twkUpdateContent(JLcom/sun/webkit/graphics/WCRenderQueue;IIII)V+0
j  com.sun.webkit.WebPage.updateDirty(Lcom/sun/webkit/graphics/WCRectangle;)V+218
j  com.sun.webkit.WebPage.updateContent(Lcom/sun/webkit/graphics/WCRectangle;)V+48
j  com.sun.javafx.sg.prism.web.NGWebView.update()V+68
j  javafx.scene.web.WebView.handleStagePulse()V+40
j  javafx.scene.web.WebView.lambda$new$29()V+1
j  javafx.scene.web.WebView$$Lambda$392.pulse()V+4
J 3690 C1 com.sun.javafx.tk.Toolkit$$Lambda$211.run()Ljava/lang/Object; (8 bytes) @ 0x000000010ce39b4c [0x000000010ce39a00+0x14c]
v  ~StubRoutines::call_stub
V  [libjvm.dylib+0x2ee70a]  JavaCalls::call_helper(JavaValue*, methodHandle*, JavaCallArguments*, Thread*)+0x6ae
V  [libjvm.dylib+0x34ee68]  JVM_DoPrivileged+0x4b8
J 1347  java.security.AccessController.doPrivileged(Ljava/security/PrivilegedAction;Ljava/security/AccessControlContext;)Ljava/lang/Object; (0 bytes) @ 0x000000010c74c455 [0x000000010c74c380+0xd5]
J 4279 C1 com.sun.javafx.tk.Toolkit.firePulse()V (279 bytes) @ 0x000000010cfc1d24 [0x000000010cfc0ac0+0x1264]
j  com.sun.javafx.tk.quantum.QuantumToolkit.pulse(Z)V+97
J 4474 C1 com.sun.javafx.tk.quantum.QuantumToolkit$$Lambda$41.run()V (8 bytes) @ 0x000000010ca806cc [0x000000010ca804c0+0x20c]
J 4170 C1 com.sun.glass.ui.InvokeLaterDispatcher$Future.run()V (91 bytes) @ 0x000000010cf6a8d4 [0x000000010cf6a7c0+0x114]
v  ~StubRoutines::call_stub
V  [libjvm.dylib+0x2ee70a]  JavaCalls::call_helper(JavaValue*, methodHandle*, JavaCallArguments*, Thread*)+0x6ae
V  [libjvm.dylib+0x3258b9]  jni_invoke_nonstatic(JNIEnv_*, JavaValue*, _jobject*, JNICallType, _jmethodID*, JNI_ArgumentPusher*, Thread*)+0x2ec
V  [libjvm.dylib+0x318087]  jni_CallVoidMethod+0x16b
C  [libglass.dylib+0x456b]  -[GlassRunnable run]+0x6b
C  [Foundation+0x682b5]  __NSThreadPerformPerform+0x14e
C  [CoreFoundation+0xa3a11]  __CFRUNLOOP_IS_CALLING_OUT_TO_A_SOURCE0_PERFORM_FUNCTION__+0x11
C  [CoreFoundation+0x15d42c]  __CFRunLoopDoSource0+0x6c
C  [CoreFoundation+0x86470]  __CFRunLoopDoSources0+0xd0
C  [CoreFoundation+0x858ed]  __CFRunLoopRun+0x50d
C  [CoreFoundation+0x85153]  CFRunLoopRunSpecific+0x1e3
C  [Foundation+0x20f26]  -[NSRunLoop(NSRunLoop) runMode:beforeDate:]+0x115
C  [libglass.dylib+0x66d8]  +[GlassApplication enterNestedEventLoopWithEnv:]+0x88
C  [libglass.dylib+0x713a]  Java_com_sun_glass_ui_mac_MacApplication__1enterNestedEventLoopImpl+0x4a
j  com.sun.glass.ui.mac.MacApplication._enterNestedEventLoopImpl()Ljava/lang/Object;+0
j  com.sun.glass.ui.mac.MacApplication._enterNestedEventLoop()Ljava/lang/Object;+15
j  com.sun.glass.ui.Application.enterNestedEventLoop()Ljava/lang/Object;+14
j  com.sun.glass.ui.EventLoop.enter()Ljava/lang/Object;+42
j  com.sun.javafx.tk.quantum.QuantumToolkit.enterNestedEventLoop(Ljava/lang/Object;)Ljava/lang/Object;+107
j  javafx.stage.Stage.showAndWait()V+93
j  djf.ui.dialogs.AppWebDialog.showWebDialog(Ljava/lang/String;)V+50
j  djf.ui.dialogs.AppDialogsFacade.showAboutDialog(Ldjf/AppTemplate;)V+50
j  djf.ui.controllers.AppHelpController.processAboutRequest()V+4
j  djf.modules.AppGUIModule.lambda$initHelpToolbar$14(Ljavafx/event/ActionEvent;)V+4
j  djf.modules.AppGUIModule$$Lambda$96.handle(Ljavafx/event/Event;)V+8
j  com.sun.javafx.event.CompositeEventHandler.dispatchBubblingEvent(Ljavafx/event/Event;)V+51
J 2644 C1 com.sun.javafx.event.EventHandlerManager.dispatchBubblingEvent(Ljavafx/event/Event;)Ljavafx/event/Event; (23 bytes) @ 0x000000010cb1cca4 [0x000000010cb1c600+0x6a4]
J 3249 C1 com.sun.javafx.event.CompositeEventDispatcher.dispatchBubblingEvent(Ljavafx/event/Event;)Ljavafx/event/Event; (35 bytes) @ 0x000000010ccb835c [0x000000010ccb81a0+0x1bc]
J 2579 C1 com.sun.javafx.event.BasicEventDispatcher.dispatchEvent(Ljavafx/event/Event;Ljavafx/event/EventDispatchChain;)Ljavafx/event/Event; (44 bytes) @ 0x000000010cacff7c [0x000000010cacfc40+0x33c]
J 1366 C1 com.sun.javafx.event.EventDispatchChainImpl.dispatchEvent(Ljavafx/event/Event;)Ljavafx/event/Event; (101 bytes) @ 0x000000010c753154 [0x000000010c752fa0+0x1b4]
J 2579 C1 com.sun.javafx.event.BasicEventDispatcher.dispatchEvent(Ljavafx/event/Event;Ljavafx/event/EventDispatchChain;)Ljavafx/event/Event; (44 bytes) @ 0x000000010cacfe94 [0x000000010cacfc40+0x254]
J 1366 C1 com.sun.javafx.event.EventDispatchChainImpl.dispatchEvent(Ljavafx/event/Event;)Ljavafx/event/Event; (101 bytes) @ 0x000000010c753154 [0x000000010c752fa0+0x1b4]
J 2579 C1 com.sun.javafx.event.BasicEventDispatcher.dispatchEvent(Ljavafx/event/Event;Ljavafx/event/EventDispatchChain;)Ljavafx/event/Event; (44 bytes) @ 0x000000010cacfe94 [0x000000010cacfc40+0x254]
J 1366 C1 com.sun.javafx.event.EventDispatchChainImpl.dispatchEvent(Ljavafx/event/Event;)Ljavafx/event/Event; (101 bytes) @ 0x000000010c753154 [0x000000010c752fa0+0x1b4]
J 2579 C1 com.sun.javafx.event.BasicEventDispatcher.dispatchEvent(Ljavafx/event/Event;Ljavafx/event/EventDispatchChain;)Ljavafx/event/Event; (44 bytes) @ 0x000000010cacfe94 [0x000000010cacfc40+0x254]
J 1366 C1 com.sun.javafx.event.EventDispatchChainImpl.dispatchEvent(Ljavafx/event/Event;)Ljavafx/event/Event; (101 bytes) @ 0x000000010c753154 [0x000000010c752fa0+0x1b4]
J 3349 C1 com.sun.javafx.event.EventUtil.fireEvent(Ljavafx/event/EventTarget;Ljavafx/event/Event;)Ljavafx/event/Event; (81 bytes) @ 0x000000010cd07f2c [0x000000010cd07340+0xbec]
J 3348 C1 javafx.event.Event.fireEvent(Ljavafx/event/EventTarget;Ljavafx/event/Event;)V (35 bytes) @ 0x000000010ccfb86c [0x000000010ccfb7a0+0xcc]
j  javafx.scene.Node.fireEvent(Ljavafx/event/Event;)V+86
j  javafx.scene.control.Button.fire()V+15
j  com.sun.javafx.scene.control.behavior.ButtonBehavior.mouseReleased(Ljavafx/scene/input/MouseEvent;)V+23
j  com.sun.javafx.scene.control.skin.BehaviorSkinBase$1.handle(Ljavafx/scene/input/MouseEvent;)V+83
j  com.sun.javafx.scene.control.skin.BehaviorSkinBase$1.handle(Ljavafx/event/Event;)V+5
j  com.sun.javafx.event.CompositeEventHandler$NormalEventHandlerRecord.handleBubblingEvent(Ljavafx/event/Event;)V+5
j  com.sun.javafx.event.CompositeEventHandler.dispatchBubblingEvent(Ljavafx/event/Event;)V+28
J 2644 C1 com.sun.javafx.event.EventHandlerManager.dispatchBubblingEvent(Ljavafx/event/Event;)Ljavafx/event/Event; (23 bytes) @ 0x000000010cb1cca4 [0x000000010cb1c600+0x6a4]
J 3249 C1 com.sun.javafx.event.CompositeEventDispatcher.dispatchBubblingEvent(Ljavafx/event/Event;)Ljavafx/event/Event; (35 bytes) @ 0x000000010ccb835c [0x000000010ccb81a0+0x1bc]
J 2579 C1 com.sun.javafx.event.BasicEventDispatcher.dispatchEvent(Ljavafx/event/Event;Ljavafx/event/EventDispatchChain;)Ljavafx/event/Event; (44 bytes) @ 0x000000010cacff7c [0x000000010cacfc40+0x33c]
J 1366 C1 com.sun.javafx.event.EventDispatchChainImpl.dispatchEvent(Ljavafx/event/Event;)Ljavafx/event/Event; (101 bytes) @ 0x000000010c753154 [0x000000010c752fa0+0x1b4]
J 2579 C1 com.sun.javafx.event.BasicEventDispatcher.dispatchEvent(Ljavafx/event/Event;Ljavafx/event/EventDispatchChain;)Ljavafx/event/Event; (44 bytes) @ 0x000000010cacfe94 [0x000000010cacfc40+0x254]
J 1366 C1 com.sun.javafx.event.EventDispatchChainImpl.dispatchEvent(Ljavafx/event/Event;)Ljavafx/event/Event; (101 bytes) @ 0x000000010c753154 [0x000000010c752fa0+0x1b4]
J 2579 C1 com.sun.javafx.event.BasicEventDispatcher.dispatchEvent(Ljavafx/event/Event;Ljavafx/event/EventDispatchChain;)Ljavafx/event/Event; (44 bytes) @ 0x000000010cacfe94 [0x000000010cacfc40+0x254]
J 1366 C1 com.sun.javafx.event.EventDispatchChainImpl.dispatchEvent(Ljavafx/event/Event;)Ljavafx/event/Event; (101 bytes) @ 0x000000010c753154 [0x000000010c752fa0+0x1b4]
J 2579 C1 com.sun.javafx.event.BasicEventDispatcher.dispatchEvent(Ljavafx/event/Event;Ljavafx/event/EventDispatchChain;)Ljavafx/event/Event; (44 bytes) @ 0x000000010cacfe94 [0x000000010cacfc40+0x254]
J 1366 C1 com.sun.javafx.event.EventDispatchChainImpl.dispatchEvent(Ljavafx/event/Event;)Ljavafx/event/Event; (101 bytes) @ 0x000000010c753154 [0x000000010c752fa0+0x1b4]
J 3349 C1 com.sun.javafx.event.EventUtil.fireEvent(Ljavafx/event/EventTarget;Ljavafx/event/Event;)Ljavafx/event/Event; (81 bytes) @ 0x000000010cd07a7c [0x000000010cd07340+0x73c]
J 3348 C1 javafx.event.Event.fireEvent(Ljavafx/event/EventTarget;Ljavafx/event/Event;)V (35 bytes) @ 0x000000010ccfb86c [0x000000010ccfb7a0+0xcc]
j  javafx.scene.Scene$MouseHandler.process(Ljavafx/scene/input/MouseEvent;Z)V+491
j  javafx.scene.Scene$MouseHandler.access$1500(Ljavafx/scene/Scene$MouseHandler;Ljavafx/scene/input/MouseEvent;Z)V+3
j  javafx.scene.Scene.impl_processMouseEvent(Ljavafx/scene/input/MouseEvent;)V+6
j  javafx.scene.Scene$ScenePeerListener.mouseEvent(Ljavafx/event/EventType;DDDDLjavafx/scene/input/MouseButton;ZZZZZZZZZ)V+46
j  com.sun.javafx.tk.quantum.GlassViewEventHandler$MouseEventNotification.run()Ljava/lang/Void;+514
j  com.sun.javafx.tk.quantum.GlassViewEventHandler$MouseEventNotification.run()Ljava/lang/Object;+1
v  ~StubRoutines::call_stub
V  [libjvm.dylib+0x2ee70a]  JavaCalls::call_helper(JavaValue*, methodHandle*, JavaCallArguments*, Thread*)+0x6ae
V  [libjvm.dylib+0x34ee68]  JVM_DoPrivileged+0x4b8
J 1347  java.security.AccessController.doPrivileged(Ljava/security/PrivilegedAction;Ljava/security/AccessControlContext;)Ljava/lang/Object; (0 bytes) @ 0x000000010c74c455 [0x000000010c74c380+0xd5]
...<more frames>...

Java frames: (J=compiled Java code, j=interpreted, Vv=VM code)
j  com.sun.webkit.WebPage.twkUpdateContent(JLcom/sun/webkit/graphics/WCRenderQueue;IIII)V+0
j  com.sun.webkit.WebPage.updateDirty(Lcom/sun/webkit/graphics/WCRectangle;)V+218
j  com.sun.webkit.WebPage.updateContent(Lcom/sun/webkit/graphics/WCRectangle;)V+48
j  com.sun.javafx.sg.prism.web.NGWebView.update()V+68
j  javafx.scene.web.WebView.handleStagePulse()V+40
j  javafx.scene.web.WebView.lambda$new$29()V+1
j  javafx.scene.web.WebView$$Lambda$392.pulse()V+4
J 3690 C1 com.sun.javafx.tk.Toolkit$$Lambda$211.run()Ljava/lang/Object; (8 bytes) @ 0x000000010ce39b4c [0x000000010ce39a00+0x14c]
v  ~StubRoutines::call_stub
J 1347  java.security.AccessController.doPrivileged(Ljava/security/PrivilegedAction;Ljava/security/AccessControlContext;)Ljava/lang/Object; (0 bytes) @ 0x000000010c74c3e3 [0x000000010c74c380+0x63]
J 4279 C1 com.sun.javafx.tk.Toolkit.firePulse()V (279 bytes) @ 0x000000010cfc1d24 [0x000000010cfc0ac0+0x1264]
j  com.sun.javafx.tk.quantum.QuantumToolkit.pulse(Z)V+97
J 4474 C1 com.sun.javafx.tk.quantum.QuantumToolkit$$Lambda$41.run()V (8 bytes) @ 0x000000010ca806cc [0x000000010ca804c0+0x20c]
J 4170 C1 com.sun.glass.ui.InvokeLaterDispatcher$Future.run()V (91 bytes) @ 0x000000010cf6a8d4 [0x000000010cf6a7c0+0x114]
v  ~StubRoutines::call_stub
j  com.sun.glass.ui.mac.MacApplication._enterNestedEventLoopImpl()Ljava/lang/Object;+0
j  com.sun.glass.ui.mac.MacApplication._enterNestedEventLoop()Ljava/lang/Object;+15
j  com.sun.glass.ui.Application.enterNestedEventLoop()Ljava/lang/Object;+14
j  com.sun.glass.ui.EventLoop.enter()Ljava/lang/Object;+42
j  com.sun.javafx.tk.quantum.QuantumToolkit.enterNestedEventLoop(Ljava/lang/Object;)Ljava/lang/Object;+107
j  javafx.stage.Stage.showAndWait()V+93
j  djf.ui.dialogs.AppWebDialog.showWebDialog(Ljava/lang/String;)V+50
j  djf.ui.dialogs.AppDialogsFacade.showAboutDialog(Ldjf/AppTemplate;)V+50
j  djf.ui.controllers.AppHelpController.processAboutRequest()V+4
j  djf.modules.AppGUIModule.lambda$initHelpToolbar$14(Ljavafx/event/ActionEvent;)V+4
j  djf.modules.AppGUIModule$$Lambda$96.handle(Ljavafx/event/Event;)V+8
j  com.sun.javafx.event.CompositeEventHandler.dispatchBubblingEvent(Ljavafx/event/Event;)V+51
J 2644 C1 com.sun.javafx.event.EventHandlerManager.dispatchBubblingEvent(Ljavafx/event/Event;)Ljavafx/event/Event; (23 bytes) @ 0x000000010cb1cca4 [0x000000010cb1c600+0x6a4]
J 3249 C1 com.sun.javafx.event.CompositeEventDispatcher.dispatchBubblingEvent(Ljavafx/event/Event;)Ljavafx/event/Event; (35 bytes) @ 0x000000010ccb835c [0x000000010ccb81a0+0x1bc]
J 2579 C1 com.sun.javafx.event.BasicEventDispatcher.dispatchEvent(Ljavafx/event/Event;Ljavafx/event/EventDispatchChain;)Ljavafx/event/Event; (44 bytes) @ 0x000000010cacff7c [0x000000010cacfc40+0x33c]
J 1366 C1 com.sun.javafx.event.EventDispatchChainImpl.dispatchEvent(Ljavafx/event/Event;)Ljavafx/event/Event; (101 bytes) @ 0x000000010c753154 [0x000000010c752fa0+0x1b4]
J 2579 C1 com.sun.javafx.event.BasicEventDispatcher.dispatchEvent(Ljavafx/event/Event;Ljavafx/event/EventDispatchChain;)Ljavafx/event/Event; (44 bytes) @ 0x000000010cacfe94 [0x000000010cacfc40+0x254]
J 1366 C1 com.sun.javafx.event.EventDispatchChainImpl.dispatchEvent(Ljavafx/event/Event;)Ljavafx/event/Event; (101 bytes) @ 0x000000010c753154 [0x000000010c752fa0+0x1b4]
J 2579 C1 com.sun.javafx.event.BasicEventDispatcher.dispatchEvent(Ljavafx/event/Event;Ljavafx/event/EventDispatchChain;)Ljavafx/event/Event; (44 bytes) @ 0x000000010cacfe94 [0x000000010cacfc40+0x254]
J 1366 C1 com.sun.javafx.event.EventDispatchChainImpl.dispatchEvent(Ljavafx/event/Event;)Ljavafx/event/Event; (101 bytes) @ 0x000000010c753154 [0x000000010c752fa0+0x1b4]
J 2579 C1 com.sun.javafx.event.BasicEventDispatcher.dispatchEvent(Ljavafx/event/Event;Ljavafx/event/EventDispatchChain;)Ljavafx/event/Event; (44 bytes) @ 0x000000010cacfe94 [0x000000010cacfc40+0x254]
J 1366 C1 com.sun.javafx.event.EventDispatchChainImpl.dispatchEvent(Ljavafx/event/Event;)Ljavafx/event/Event; (101 bytes) @ 0x000000010c753154 [0x000000010c752fa0+0x1b4]
J 3349 C1 com.sun.javafx.event.EventUtil.fireEvent(Ljavafx/event/EventTarget;Ljavafx/event/Event;)Ljavafx/event/Event; (81 bytes) @ 0x000000010cd07f2c [0x000000010cd07340+0xbec]
J 3348 C1 javafx.event.Event.fireEvent(Ljavafx/event/EventTarget;Ljavafx/event/Event;)V (35 bytes) @ 0x000000010ccfb86c [0x000000010ccfb7a0+0xcc]
j  javafx.scene.Node.fireEvent(Ljavafx/event/Event;)V+86
j  javafx.scene.control.Button.fire()V+15
j  com.sun.javafx.scene.control.behavior.ButtonBehavior.mouseReleased(Ljavafx/scene/input/MouseEvent;)V+23
j  com.sun.javafx.scene.control.skin.BehaviorSkinBase$1.handle(Ljavafx/scene/input/MouseEvent;)V+83
j  com.sun.javafx.scene.control.skin.BehaviorSkinBase$1.handle(Ljavafx/event/Event;)V+5
j  com.sun.javafx.event.CompositeEventHandler$NormalEventHandlerRecord.handleBubblingEvent(Ljavafx/event/Event;)V+5
j  com.sun.javafx.event.CompositeEventHandler.dispatchBubblingEvent(Ljavafx/event/Event;)V+28
J 2644 C1 com.sun.javafx.event.EventHandlerManager.dispatchBubblingEvent(Ljavafx/event/Event;)Ljavafx/event/Event; (23 bytes) @ 0x000000010cb1cca4 [0x000000010cb1c600+0x6a4]
J 3249 C1 com.sun.javafx.event.CompositeEventDispatcher.dispatchBubblingEvent(Ljavafx/event/Event;)Ljavafx/event/Event; (35 bytes) @ 0x000000010ccb835c [0x000000010ccb81a0+0x1bc]
J 2579 C1 com.sun.javafx.event.BasicEventDispatcher.dispatchEvent(Ljavafx/event/Event;Ljavafx/event/EventDispatchChain;)Ljavafx/event/Event; (44 bytes) @ 0x000000010cacff7c [0x000000010cacfc40+0x33c]
J 1366 C1 com.sun.javafx.event.EventDispatchChainImpl.dispatchEvent(Ljavafx/event/Event;)Ljavafx/event/Event; (101 bytes) @ 0x000000010c753154 [0x000000010c752fa0+0x1b4]
J 2579 C1 com.sun.javafx.event.BasicEventDispatcher.dispatchEvent(Ljavafx/event/Event;Ljavafx/event/EventDispatchChain;)Ljavafx/event/Event; (44 bytes) @ 0x000000010cacfe94 [0x000000010cacfc40+0x254]
J 1366 C1 com.sun.javafx.event.EventDispatchChainImpl.dispatchEvent(Ljavafx/event/Event;)Ljavafx/event/Event; (101 bytes) @ 0x000000010c753154 [0x000000010c752fa0+0x1b4]
J 2579 C1 com.sun.javafx.event.BasicEventDispatcher.dispatchEvent(Ljavafx/event/Event;Ljavafx/event/EventDispatchChain;)Ljavafx/event/Event; (44 bytes) @ 0x000000010cacfe94 [0x000000010cacfc40+0x254]
J 1366 C1 com.sun.javafx.event.EventDispatchChainImpl.dispatchEvent(Ljavafx/event/Event;)Ljavafx/event/Event; (101 bytes) @ 0x000000010c753154 [0x000000010c752fa0+0x1b4]
J 2579 C1 com.sun.javafx.event.BasicEventDispatcher.dispatchEvent(Ljavafx/event/Event;Ljavafx/event/EventDispatchChain;)Ljavafx/event/Event; (44 bytes) @ 0x000000010cacfe94 [0x000000010cacfc40+0x254]
J 1366 C1 com.sun.javafx.event.EventDispatchChainImpl.dispatchEvent(Ljavafx/event/Event;)Ljavafx/event/Event; (101 bytes) @ 0x000000010c753154 [0x000000010c752fa0+0x1b4]
J 3349 C1 com.sun.javafx.event.EventUtil.fireEvent(Ljavafx/event/EventTarget;Ljavafx/event/Event;)Ljavafx/event/Event; (81 bytes) @ 0x000000010cd07a7c [0x000000010cd07340+0x73c]
J 3348 C1 javafx.event.Event.fireEvent(Ljavafx/event/EventTarget;Ljavafx/event/Event;)V (35 bytes) @ 0x000000010ccfb86c [0x000000010ccfb7a0+0xcc]
j  javafx.scene.Scene$MouseHandler.process(Ljavafx/scene/input/MouseEvent;Z)V+491
j  javafx.scene.Scene$MouseHandler.access$1500(Ljavafx/scene/Scene$MouseHandler;Ljavafx/scene/input/MouseEvent;Z)V+3
j  javafx.scene.Scene.impl_processMouseEvent(Ljavafx/scene/input/MouseEvent;)V+6
j  javafx.scene.Scene$ScenePeerListener.mouseEvent(Ljavafx/event/EventType;DDDDLjavafx/scene/input/MouseButton;ZZZZZZZZZ)V+46
j  com.sun.javafx.tk.quantum.GlassViewEventHandler$MouseEventNotification.run()Ljava/lang/Void;+514
j  com.sun.javafx.tk.quantum.GlassViewEventHandler$MouseEventNotification.run()Ljava/lang/Object;+1
v  ~StubRoutines::call_stub
J 1347  java.security.AccessController.doPrivileged(Ljava/security/PrivilegedAction;Ljava/security/AccessControlContext;)Ljava/lang/Object; (0 bytes) @ 0x000000010c74c3e3 [0x000000010c74c380+0x63]
j  com.sun.javafx.tk.quantum.GlassViewEventHandler.lambda$handleMouseEvent$354()Ljava/lang/Void;+11
j  com.sun.javafx.tk.quantum.GlassViewEventHandler$$Lambda$222.get()Ljava/lang/Object;+4
J 1371 C1 com.sun.javafx.tk.quantum.QuantumToolkit.runWithoutRenderLock(Ljava/util/function/Supplier;)Ljava/lang/Object; (49 bytes) @ 0x000000010c75af74 [0x000000010c75aa40+0x534]
j  com.sun.javafx.tk.quantum.GlassViewEventHandler.handleMouseEvent(Lcom/sun/glass/ui/View;JIIIIIIIZZ)V+103
j  com.sun.glass.ui.View.handleMouseEvent(JIIIIIIIZZ)V+30
j  com.sun.glass.ui.View.notifyMouse(IIIIIIIZZ)V+181
v  ~StubRoutines::call_stub

---------------  P R O C E S S  ---------------

Java Threads: ( => current thread )
  0x00007ff943d49800 JavaThread "URL-Loader-20" daemon [_thread_blocked, id=128259, stack(0x00007000092a2000,0x00007000093a2000)]
  0x00007ff94581d000 JavaThread "URL-Loader-19" daemon [_thread_blocked, id=128771, stack(0x000070000919f000,0x000070000929f000)]
  0x00007ff943d47800 JavaThread "URL-Loader-18" daemon [_thread_in_native, id=129283, stack(0x000070000909c000,0x000070000919c000)]
  0x00007ff943d46800 JavaThread "URL-Loader-17" daemon [_thread_in_native, id=88579, stack(0x0000700008f99000,0x0000700009099000)]
  0x00007ff94f109800 JavaThread "URL-Loader-16" daemon [_thread_in_native, id=88067, stack(0x0000700008e96000,0x0000700008f96000)]
  0x00007ff9439ae800 JavaThread "URL-Loader-15" daemon [_thread_blocked, id=129795, stack(0x0000700008d93000,0x0000700008e93000)]
  0x00007ff9439ab800 JavaThread "URL-Loader-14" daemon [_thread_blocked, id=130307, stack(0x0000700008c90000,0x0000700008d90000)]
  0x00007ff9439ac800 JavaThread "URL-Loader-13" daemon [_thread_blocked, id=130599, stack(0x0000700008b8d000,0x0000700008c8d000)]
  0x00007ff944068800 JavaThread "Thread-6" daemon [_thread_in_native, id=87299, stack(0x0000700005c68000,0x0000700005ce8000)]
  0x00007ff945ae3000 JavaThread "URL-Loader-12" daemon [_thread_blocked, id=67843, stack(0x0000700008a8a000,0x0000700008b8a000)]
  0x00007ff945b7f800 JavaThread "URL-Loader-11" daemon [_thread_blocked, id=68363, stack(0x0000700008987000,0x0000700008a87000)]
  0x00007ff94809c800 JavaThread "URL-Loader-10" daemon [_thread_blocked, id=68623, stack(0x0000700008884000,0x0000700008984000)]
  0x00007ff943b12000 JavaThread "URL-Loader-9" daemon [_thread_blocked, id=67075, stack(0x0000700008781000,0x0000700008881000)]
  0x00007ff943b11800 JavaThread "URL-Loader-8" daemon [_thread_blocked, id=66819, stack(0x000070000867e000,0x000070000877e000)]
  0x00007ff94f0cb000 JavaThread "URL-Loader-7" daemon [_thread_blocked, id=66343, stack(0x000070000857b000,0x000070000867b000)]
  0x00007ff94f0ca000 JavaThread "URL-Loader-6" daemon [_thread_blocked, id=3335, stack(0x0000700008478000,0x0000700008578000)]
  0x00007ff94f0c9800 JavaThread "URL-Loader-5" daemon [_thread_blocked, id=54799, stack(0x0000700008375000,0x0000700008475000)]
  0x00007ff945a9b000 JavaThread "URL-Loader-4" daemon [_thread_in_native, id=72455, stack(0x0000700008272000,0x0000700008372000)]
  0x00007ff94f02d000 JavaThread "Keep-Alive-Timer" daemon [_thread_blocked, id=58375, stack(0x0000700007948000,0x0000700007a48000)]
  0x00007ff943810000 JavaThread "URL-Loader-3" daemon [_thread_blocked, id=58131, stack(0x000070000816f000,0x000070000826f000)]
  0x00007ff944c88800 JavaThread "URL-Loader-2" daemon [_thread_blocked, id=65035, stack(0x0000700007d5a000,0x0000700007e5a000)]
  0x00007ff944c7d800 JavaThread "URL-Loader-1" daemon [_thread_blocked, id=70403, stack(0x0000700007c57000,0x0000700007d57000)]
  0x00007ff943d1c000 JavaThread "Disposer" daemon [_thread_blocked, id=70915, stack(0x0000700007b54000,0x0000700007c54000)]
  0x00007ff943a3c800 JavaThread "Prism Font Disposer" daemon [_thread_blocked, id=52771, stack(0x000070000773f000,0x000070000783f000)]
  0x00007ff9460ca000 JavaThread "Java2D Queue Flusher" daemon [_thread_blocked, id=80647, stack(0x000070000763c000,0x000070000773c000)]
  0x00007ff94392f000 JavaThread "Java2D Disposer" daemon [_thread_blocked, id=50951, stack(0x0000700007539000,0x0000700007639000)]
  0x00007ff9460f8800 JavaThread "JavaFX-Launcher" [_thread_blocked, id=49931, stack(0x0000700007436000,0x0000700007536000)]
  0x00007ff944953800 JavaThread "Thread-3" daemon [_thread_in_native, id=34307, stack(0x00007000072ad000,0x000070000732d000)]
=>0x00007ff9438d3800 JavaThread "JavaFX Application Thread" [_thread_in_native, id=775, stack(0x00007ffeea71a000,0x00007ffeeaf1a000)]
  0x00007ff9459f2000 JavaThread "Thread-1" daemon [_thread_blocked, id=41219, stack(0x00007000071aa000,0x00007000072aa000)]
  0x00007ff9459e8000 JavaThread "QuantumRenderer-0" daemon [_thread_blocked, id=21763, stack(0x00007000070a7000,0x00007000071a7000)]
  0x00007ff943818000 JavaThread "Service Thread" daemon [_thread_blocked, id=16387, stack(0x0000700006ea1000,0x0000700006fa1000)]
  0x00007ff94600c000 JavaThread "C1 CompilerThread3" daemon [_thread_blocked, id=15107, stack(0x0000700006d9e000,0x0000700006e9e000)]
  0x00007ff94580f000 JavaThread "C2 CompilerThread2" daemon [_thread_blocked, id=16643, stack(0x0000700006c9b000,0x0000700006d9b000)]
  0x00007ff94380f000 JavaThread "C2 CompilerThread1" daemon [_thread_blocked, id=16899, stack(0x0000700006b98000,0x0000700006c98000)]
  0x00007ff94480b800 JavaThread "C2 CompilerThread0" daemon [_thread_blocked, id=17155, stack(0x0000700006a95000,0x0000700006b95000)]
  0x00007ff944805000 JavaThread "Signal Dispatcher" daemon [_thread_blocked, id=13835, stack(0x0000700006992000,0x0000700006a92000)]
  0x00007ff944838800 JavaThread "Finalizer" daemon [_thread_blocked, id=12291, stack(0x000070000688f000,0x000070000698f000)]
  0x00007ff944835800 JavaThread "Reference Handler" daemon [_thread_blocked, id=19203, stack(0x000070000678c000,0x000070000688c000)]
  0x00007ff945805000 JavaThread "main" [_thread_blocked, id=9731, stack(0x0000700005d6e000,0x0000700005e6e000)]

Other Threads:
  0x00007ff944831000 VMThread [stack: 0x0000700006689000,0x0000700006789000] [id=19715]
  0x00007ff943833000 WatcherThread [stack: 0x0000700006fa4000,0x00007000070a4000] [id=15875]

VM state:not at safepoint (normal execution)

VM Mutex/Monitor currently owned by a thread: None

Heap:
 PSYoungGen      total 135680K, used 36160K [0x000000076ab00000, 0x000000077bb80000, 0x00000007c0000000)
  eden space 124928K, 20% used [0x000000076ab00000,0x000000076c3d5dc8,0x0000000772500000)
  from space 10752K, 99% used [0x0000000772500000,0x0000000772f7a348,0x0000000772f80000)
  to   space 17920K, 0% used [0x000000077aa00000,0x000000077aa00000,0x000000077bb80000)
 ParOldGen       total 124928K, used 25063K [0x00000006c0000000, 0x00000006c7a00000, 0x000000076ab00000)
  object space 124928K, 20% used [0x00000006c0000000,0x00000006c1879e78,0x00000006c7a00000)
 Metaspace       used 30237K, capacity 31814K, committed 32128K, reserved 1077248K
  class space    used 4063K, capacity 4361K, committed 4480K, reserved 1048576K

Card table byte_map: [0x0000000107167000,0x0000000107968000] byte_map_base: 0x0000000103b67000

Marking Bits: (ParMarkBitMap*) 0x00000001066f35d0
 Begin Bits: [0x000000011b2bc000, 0x000000011f2bc000)
 End Bits:   [0x000000011f2bc000, 0x00000001232bc000)

Polling page: 0x0000000104d6a000

CodeCache: size=245760Kb used=12812Kb max_used=13568Kb free=232947Kb
 bounds [0x000000010c2bc000, 0x000000010d00c000, 0x000000011b2bc000]
 total_blobs=4988 nmethods=4116 adapters=784
 compilation: enabled

Compilation events (10 events):
Event: 8.298 Thread 0x00007ff94600c000 nmethod 4740 0x000000010cbaa290 code [0x000000010cbaa800, 0x000000010cbae158]
Event: 8.298 Thread 0x00007ff94600c000 4741       1       sun.security.rsa.RSAPublicKeyImpl::getModulus (5 bytes)
Event: 8.298 Thread 0x00007ff94600c000 nmethod 4741 0x000000010cb8cbd0 code [0x000000010cb8cd20, 0x000000010cb8ce30]
Event: 8.298 Thread 0x00007ff94600c000 4738       3       java.security.cert.CertificateFactory::generateCertificate (9 bytes)
Event: 8.298 Thread 0x00007ff94380f000 4743       4       java.math.BigInteger::montReduce (99 bytes)
Event: 8.298 Thread 0x00007ff94600c000 nmethod 4738 0x000000010c798950 code [0x000000010c798ac0, 0x000000010c798ce8]
Event: 8.298 Thread 0x00007ff94600c000 4739   !   3       sun.security.provider.X509Factory::engineGenerateCertificate (113 bytes)
Event: 8.299 Thread 0x00007ff94600c000 nmethod 4739 0x000000010cbc89d0 code [0x000000010cbc8d00, 0x000000010cbca358]
Event: 8.299 Thread 0x00007ff94600c000 4742       1       sun.security.util.ConstraintsParameters::getCertificate (5 bytes)
Event: 8.299 Thread 0x00007ff94600c000 nmethod 4742 0x000000010c6e3150 code [0x000000010c6e32a0, 0x000000010c6e33b0]

GC Heap History (10 events):
Event: 2.768 GC heap before
{Heap before GC invocations=2 (full 1):
 PSYoungGen      total 76288K, used 10363K [0x000000076ab00000, 0x0000000770000000, 0x00000007c0000000)
  eden space 65536K, 0% used [0x000000076ab00000,0x000000076ab00000,0x000000076eb00000)
  from space 10752K, 96% used [0x000000076eb00000,0x000000076f51ef90,0x000000076f580000)
  to   space 10752K, 0% used [0x000000076f580000,0x000000076f580000,0x0000000770000000)
 ParOldGen       total 175104K, used 88K [0x00000006c0000000, 0x00000006cab00000, 0x000000076ab00000)
  object space 175104K, 0% used [0x00000006c0000000,0x00000006c0016010,0x00000006cab00000)
 Metaspace       used 20246K, capacity 21224K, committed 21296K, reserved 1067008K
  class space    used 2826K, capacity 3042K, committed 3072K, reserved 1048576K
Event: 2.793 GC heap after
Heap after GC invocations=2 (full 1):
 PSYoungGen      total 76288K, used 0K [0x000000076ab00000, 0x0000000770000000, 0x00000007c0000000)
  eden space 65536K, 0% used [0x000000076ab00000,0x000000076ab00000,0x000000076eb00000)
  from space 10752K, 0% used [0x000000076eb00000,0x000000076eb00000,0x000000076f580000)
  to   space 10752K, 0% used [0x000000076f580000,0x000000076f580000,0x0000000770000000)
 ParOldGen       total 124928K, used 8845K [0x00000006c0000000, 0x00000006c7a00000, 0x000000076ab00000)
  object space 124928K, 7% used [0x00000006c0000000,0x00000006c08a3568,0x00000006c7a00000)
 Metaspace       used 20246K, capacity 21224K, committed 21296K, reserved 1067008K
  class space    used 2826K, capacity 3042K, committed 3072K, reserved 1048576K
}
Event: 7.705 GC heap before
{Heap before GC invocations=3 (full 1):
 PSYoungGen      total 76288K, used 65510K [0x000000076ab00000, 0x0000000770000000, 0x00000007c0000000)
  eden space 65536K, 99% used [0x000000076ab00000,0x000000076eaf9ad0,0x000000076eb00000)
  from space 10752K, 0% used [0x000000076eb00000,0x000000076eb00000,0x000000076f580000)
  to   space 10752K, 0% used [0x000000076f580000,0x000000076f580000,0x0000000770000000)
 ParOldGen       total 124928K, used 8845K [0x00000006c0000000, 0x00000006c7a00000, 0x000000076ab00000)
  object space 124928K, 7% used [0x00000006c0000000,0x00000006c08a3568,0x00000006c7a00000)
 Metaspace       used 29780K, capacity 31284K, committed 31488K, reserved 1077248K
  class space    used 4018K, capacity 4318K, committed 4352K, reserved 1048576K
Event: 7.714 GC heap after
Heap after GC invocations=3 (full 1):
 PSYoungGen      total 76288K, used 10723K [0x000000076ab00000, 0x0000000770d80000, 0x00000007c0000000)
  eden space 65536K, 0% used [0x000000076ab00000,0x000000076ab00000,0x000000076eb00000)
  from space 10752K, 99% used [0x000000076f580000,0x000000076fff8f00,0x0000000770000000)
  to   space 10752K, 0% used [0x000000076eb00000,0x000000076eb00000,0x000000076f580000)
 ParOldGen       total 124928K, used 14894K [0x00000006c0000000, 0x00000006c7a00000, 0x000000076ab00000)
  object space 124928K, 11% used [0x00000006c0000000,0x00000006c0e8bb00,0x00000006c7a00000)
 Metaspace       used 29780K, capacity 31284K, committed 31488K, reserved 1077248K
  class space    used 4018K, capacity 4318K, committed 4352K, reserved 1048576K
}
Event: 7.729 GC heap before
{Heap before GC invocations=4 (full 1):
 PSYoungGen      total 76288K, used 76198K [0x000000076ab00000, 0x0000000770d80000, 0x00000007c0000000)
  eden space 65536K, 99% used [0x000000076ab00000,0x000000076eaf0a90,0x000000076eb00000)
  from space 10752K, 99% used [0x000000076f580000,0x000000076fff8f00,0x0000000770000000)
  to   space 10752K, 0% used [0x000000076eb00000,0x000000076eb00000,0x000000076f580000)
 ParOldGen       total 124928K, used 14894K [0x00000006c0000000, 0x00000006c7a00000, 0x000000076ab00000)
  object space 124928K, 11% used [0x00000006c0000000,0x00000006c0e8bb00,0x00000006c7a00000)
 Metaspace       used 29783K, capacity 31284K, committed 31488K, reserved 1077248K
  class space    used 4018K, capacity 4318K, committed 4352K, reserved 1048576K
Event: 7.735 GC heap after
Heap after GC invocations=4 (full 1):
 PSYoungGen      total 76288K, used 10723K [0x000000076ab00000, 0x0000000773a00000, 0x00000007c0000000)
  eden space 65536K, 0% used [0x000000076ab00000,0x000000076ab00000,0x000000076eb00000)
  from space 10752K, 99% used [0x000000076eb00000,0x000000076f578d28,0x000000076f580000)
  to   space 10752K, 0% used [0x0000000772f80000,0x0000000772f80000,0x0000000773a00000)
 ParOldGen       total 124928K, used 18126K [0x00000006c0000000, 0x00000006c7a00000, 0x000000076ab00000)
  object space 124928K, 14% used [0x00000006c0000000,0x00000006c11b3b10,0x00000006c7a00000)
 Metaspace       used 29783K, capacity 31284K, committed 31488K, reserved 1077248K
  class space    used 4018K, capacity 4318K, committed 4352K, reserved 1048576K
}
Event: 7.744 GC heap before
{Heap before GC invocations=5 (full 1):
 PSYoungGen      total 76288K, used 76175K [0x000000076ab00000, 0x0000000773a00000, 0x00000007c0000000)
  eden space 65536K, 99% used [0x000000076ab00000,0x000000076eaeb2a0,0x000000076eb00000)
  from space 10752K, 99% used [0x000000076eb00000,0x000000076f578d28,0x000000076f580000)
  to   space 10752K, 0% used [0x0000000772f80000,0x0000000772f80000,0x0000000773a00000)
 ParOldGen       total 124928K, used 18126K [0x00000006c0000000, 0x00000006c7a00000, 0x000000076ab00000)
  object space 124928K, 14% used [0x00000006c0000000,0x00000006c11b3b10,0x00000006c7a00000)
 Metaspace       used 29783K, capacity 31284K, committed 31488K, reserved 1077248K
  class space    used 4018K, capacity 4318K, committed 4352K, reserved 1048576K
Event: 7.751 GC heap after
Heap after GC invocations=5 (full 1):
 PSYoungGen      total 135680K, used 10743K [0x000000076ab00000, 0x0000000773d00000, 0x00000007c0000000)
  eden space 124928K, 0% used [0x000000076ab00000,0x000000076ab00000,0x0000000772500000)
  from space 10752K, 99% used [0x0000000772f80000,0x00000007739fdc48,0x0000000773a00000)
  to   space 10752K, 0% used [0x0000000772500000,0x0000000772500000,0x0000000772f80000)
 ParOldGen       total 124928K, used 21513K [0x00000006c0000000, 0x00000006c7a00000, 0x000000076ab00000)
  object space 124928K, 17% used [0x00000006c0000000,0x00000006c1502500,0x00000006c7a00000)
 Metaspace       used 29783K, capacity 31284K, committed 31488K, reserved 1077248K
  class space    used 4018K, capacity 4318K, committed 4352K, reserved 1048576K
}
Event: 7.821 GC heap before
{Heap before GC invocations=6 (full 1):
 PSYoungGen      total 135680K, used 135671K [0x000000076ab00000, 0x0000000773d00000, 0x00000007c0000000)
  eden space 124928K, 100% used [0x000000076ab00000,0x0000000772500000,0x0000000772500000)
  from space 10752K, 99% used [0x0000000772f80000,0x00000007739fdc48,0x0000000773a00000)
  to   space 10752K, 0% used [0x0000000772500000,0x0000000772500000,0x0000000772f80000)
 ParOldGen       total 124928K, used 21513K [0x00000006c0000000, 0x00000006c7a00000, 0x000000076ab00000)
  object space 124928K, 17% used [0x00000006c0000000,0x00000006c1502500,0x00000006c7a00000)
 Metaspace       used 29835K, capacity 31348K, committed 31488K, reserved 1077248K
  class space    used 4020K, capacity 4318K, committed 4352K, reserved 1048576K
Event: 7.829 GC heap after
Heap after GC invocations=6 (full 1):
 PSYoungGen      total 135680K, used 10728K [0x000000076ab00000, 0x000000077bb80000, 0x00000007c0000000)
  eden space 124928K, 0% used [0x000000076ab00000,0x000000076ab00000,0x0000000772500000)
  from space 10752K, 99% used [0x0000000772500000,0x0000000772f7a348,0x0000000772f80000)
  to   space 17920K, 0% used [0x000000077aa00000,0x000000077aa00000,0x000000077bb80000)
 ParOldGen       total 124928K, used 25063K [0x00000006c0000000, 0x00000006c7a00000, 0x000000076ab00000)
  object space 124928K, 20% used [0x00000006c0000000,0x00000006c1879e78,0x00000006c7a00000)
 Metaspace       used 29835K, capacity 31348K, committed 31488K, reserved 1077248K
  class space    used 4020K, capacity 4318K, committed 4352K, reserved 1048576K
}

Deoptimization events (10 events):
Event: 8.209 Thread 0x00007ff9459e8000 Uncommon trap: reason=class_check action=maybe_recompile pc=0x000000010cd98a84 method=com.sun.javafx.sg.prism.NGNode.doRender(Lcom/sun/prism/Graphics;)V @ 319
Event: 8.217 Thread 0x00007ff9459e8000 Uncommon trap: reason=class_check action=maybe_recompile pc=0x000000010cd18f84 method=com.sun.javafx.font.CompositeStrike.getStrikeSlot(I)Lcom/sun/javafx/font/FontStrike; @ 16
Event: 8.219 Thread 0x00007ff9459e8000 Uncommon trap: reason=class_check action=maybe_recompile pc=0x000000010cd18f84 method=com.sun.javafx.font.CompositeStrike.getStrikeSlot(I)Lcom/sun/javafx/font/FontStrike; @ 16
Event: 8.225 Thread 0x00007ff9459e8000 Uncommon trap: reason=class_check action=maybe_recompile pc=0x000000010cd18f84 method=com.sun.javafx.font.CompositeStrike.getStrikeSlot(I)Lcom/sun/javafx/font/FontStrike; @ 16
Event: 8.226 Thread 0x00007ff9459e8000 Uncommon trap: reason=class_check action=maybe_recompile pc=0x000000010cd18f84 method=com.sun.javafx.font.CompositeStrike.getStrikeSlot(I)Lcom/sun/javafx/font/FontStrike; @ 16
Event: 8.230 Thread 0x00007ff9459e8000 Uncommon trap: reason=unstable_if action=reinterpret pc=0x000000010cd9bd30 method=com.sun.prism.impl.ps.BaseShaderContext.getPaintShader(ZLcom/sun/prism/impl/ps/BaseShaderContext$MaskType;Lcom/sun/prism/paint/Paint;)Lcom/sun/prism/ps/Shader; @ 33
Event: 8.237 Thread 0x00007ff9459e8000 Uncommon trap: reason=class_check action=maybe_recompile pc=0x000000010cd98a84 method=com.sun.javafx.sg.prism.NGNode.doRender(Lcom/sun/prism/Graphics;)V @ 319
Event: 8.239 Thread 0x00007ff9459e8000 Uncommon trap: reason=class_check action=maybe_recompile pc=0x000000010cd98a84 method=com.sun.javafx.sg.prism.NGNode.doRender(Lcom/sun/prism/Graphics;)V @ 319
Event: 8.276 Thread 0x00007ff9438d3800 Uncommon trap: reason=unstable_if action=reinterpret pc=0x000000010ce13f18 method=com.sun.javafx.image.impl.ByteBgra$ToByteBgraPreConv.doConvert([BII[BIIII)V @ 31
Event: 8.277 Thread 0x00007ff9438d3800 Uncommon trap: reason=unstable_if action=reinterpret pc=0x000000010ce11ea0 method=com.sun.javafx.image.impl.BaseByteToByteConverter$FourByteReorderer.doConvert([BII[BIIII)V @ 31

Internal exceptions (10 events):
Event: 2.081 Thread 0x00007ff9438d3800 Implicit null exception at 0x000000010c6ad632 to 0x000000010c6adc81
Event: 2.728 Thread 0x00007ff9438d3800 Exception <a 'java/lang/NullPointerException'> (0x000000076da7f488) thrown at [/Users/java_re/workspace/8-2-build-macosx-x86_64/jdk8u144/9417/hotspot/src/share/vm/prims/jvm.cpp, line 1394]
Event: 2.891 Thread 0x00007ff9438d3800 Implicit null exception at 0x000000010c80c00b to 0x000000010c80c4d9
Event: 2.955 Thread 0x00007ff9438d3800 Implicit null exception at 0x000000010c84a3d1 to 0x000000010c84a971
Event: 4.970 Thread 0x00007ff9438d3800 Exception <a 'sun/nio/fs/UnixException'> (0x000000076c8db2a8) thrown at [/Users/java_re/workspace/8-2-build-macosx-x86_64/jdk8u144/9417/hotspot/src/share/vm/prims/jni.cpp, line 709]
Event: 4.972 Thread 0x00007ff9438d3800 Exception <a 'sun/nio/fs/UnixException'> (0x000000076c8dd4a8) thrown at [/Users/java_re/workspace/8-2-build-macosx-x86_64/jdk8u144/9417/hotspot/src/share/vm/prims/jni.cpp, line 709]
Event: 5.077 Thread 0x00007ff9459e8000 Implicit null exception at 0x000000010cd4685f to 0x000000010cd46ba0
Event: 8.153 Thread 0x00007ff94f0cb000 Implicit null exception at 0x000000010c5945ef to 0x000000010c594659
Event: 8.170 Thread 0x00007ff944068800 Exception <a 'sun/nio/fs/UnixException'> (0x000000076b89cd30) thrown at [/Users/java_re/workspace/8-2-build-macosx-x86_64/jdk8u144/9417/hotspot/src/share/vm/prims/jni.cpp, line 709]
Event: 8.230 Thread 0x00007ff9459e8000 Implicit null exception at 0x000000010cd9afc8 to 0x000000010cd9bcc1

Events (10 events):
Event: 8.280 Executing VM operation: RevokeBias
Event: 8.280 Executing VM operation: RevokeBias done
Event: 8.280 Executing VM operation: RevokeBias
Event: 8.281 Executing VM operation: RevokeBias done
Event: 8.281 Executing VM operation: RevokeBias
Event: 8.281 Executing VM operation: RevokeBias done
Event: 8.283 Thread 0x00007ff944c75000 Thread added: 0x00007ff944c75000
Event: 8.283 Executing VM operation: RevokeBias
Event: 8.283 Executing VM operation: RevokeBias done
Event: 8.283 Thread 0x00007ff944c75000 Thread exited: 0x00007ff944c75000


Dynamic libraries:
0x000000002f405000 	/System/Library/Frameworks/Cocoa.framework/Versions/A/Cocoa
0x000000002f405000 	/System/Library/Frameworks/Security.framework/Versions/A/Security
0x000000002f405000 	/System/Library/Frameworks/ApplicationServices.framework/Versions/A/ApplicationServices
0x000000002f405000 	/usr/lib/libz.1.dylib
0x000000002f405000 	/usr/lib/libSystem.B.dylib
0x000000002f405000 	/usr/lib/libobjc.A.dylib
0x000000002f405000 	/System/Library/Frameworks/CoreFoundation.framework/Versions/A/CoreFoundation
0x000000002f405000 	/System/Library/Frameworks/Foundation.framework/Versions/C/Foundation
0x000000002f405000 	/System/Library/Frameworks/AppKit.framework/Versions/C/AppKit
0x000000002f405000 	/System/Library/Frameworks/CoreData.framework/Versions/A/CoreData
0x000000002f405000 	/System/Library/PrivateFrameworks/RemoteViewServices.framework/Versions/A/RemoteViewServices
0x000000002f405000 	/System/Library/PrivateFrameworks/UIFoundation.framework/Versions/A/UIFoundation
0x000000002f405000 	/System/Library/PrivateFrameworks/DFRFoundation.framework/Versions/A/DFRFoundation
0x000000002f405000 	/System/Library/Frameworks/Metal.framework/Versions/A/Metal
0x000000002f405000 	/System/Library/PrivateFrameworks/DesktopServicesPriv.framework/Versions/A/DesktopServicesPriv
0x000000002f405000 	/usr/lib/libenergytrace.dylib
0x000000002f405000 	/System/Library/PrivateFrameworks/SkyLight.framework/Versions/A/SkyLight
0x000000002f405000 	/System/Library/Frameworks/CoreGraphics.framework/Versions/A/CoreGraphics
0x000000002f405000 	/usr/lib/libScreenReader.dylib
0x000000002f405000 	/System/Library/Frameworks/Accelerate.framework/Versions/A/Accelerate
0x000000002f405000 	/System/Library/Frameworks/IOSurface.framework/Versions/A/IOSurface
0x000000002f405000 	/System/Library/Frameworks/AudioToolbox.framework/Versions/A/AudioToolbox
0x000000002f405000 	/System/Library/Frameworks/AudioUnit.framework/Versions/A/AudioUnit
0x000000002f405000 	/System/Library/PrivateFrameworks/DataDetectorsCore.framework/Versions/A/DataDetectorsCore
0x000000002f405000 	/System/Library/Frameworks/Carbon.framework/Versions/A/Frameworks/HIToolbox.framework/Versions/A/HIToolbox
0x000000002f405000 	/usr/lib/libicucore.A.dylib
0x000000002f405000 	/System/Library/Frameworks/QuartzCore.framework/Versions/A/QuartzCore
0x000000002f405000 	/System/Library/PrivateFrameworks/SignpostNotification.framework/Versions/A/SignpostNotification
0x000000002f405000 	/System/Library/Frameworks/Carbon.framework/Versions/A/Frameworks/SpeechRecognition.framework/Versions/A/SpeechRecognition
0x000000002f405000 	/usr/lib/libauto.dylib
0x000000002f405000 	/usr/lib/libxml2.2.dylib
0x000000002f405000 	/System/Library/PrivateFrameworks/CoreUI.framework/Versions/A/CoreUI
0x000000002f405000 	/System/Library/Frameworks/CoreAudio.framework/Versions/A/CoreAudio
0x000000002f405000 	/System/Library/Frameworks/DiskArbitration.framework/Versions/A/DiskArbitration
0x000000002f405000 	/usr/lib/liblangid.dylib
0x000000002f405000 	/System/Library/PrivateFrameworks/MultitouchSupport.framework/Versions/A/MultitouchSupport
0x000000002f405000 	/System/Library/Frameworks/IOKit.framework/Versions/A/IOKit
0x000000002f405000 	/usr/lib/libDiagnosticMessagesClient.dylib
0x000000002f405000 	/System/Library/Frameworks/CoreServices.framework/Versions/A/CoreServices
0x000000002f405000 	/System/Library/PrivateFrameworks/PerformanceAnalysis.framework/Versions/A/PerformanceAnalysis
0x000000002f405000 	/System/Library/Frameworks/OpenGL.framework/Versions/A/OpenGL
0x000000002f405000 	/System/Library/Frameworks/ColorSync.framework/Versions/A/ColorSync
0x000000002f405000 	/System/Library/Frameworks/CoreImage.framework/Versions/A/CoreImage
0x000000002f405000 	/System/Library/Frameworks/CoreText.framework/Versions/A/CoreText
0x000000002f405000 	/System/Library/Frameworks/ImageIO.framework/Versions/A/ImageIO
0x000000002f405000 	/System/Library/PrivateFrameworks/Backup.framework/Versions/A/Backup
0x000000002f405000 	/usr/lib/libarchive.2.dylib
0x000000002f405000 	/System/Library/Frameworks/CFNetwork.framework/Versions/A/CFNetwork
0x000000002f405000 	/System/Library/Frameworks/SystemConfiguration.framework/Versions/A/SystemConfiguration
0x000000002f405000 	/usr/lib/libCRFSuite.dylib
0x000000002f405000 	/usr/lib/libc++.1.dylib
0x000000002f405000 	/usr/lib/libc++abi.dylib
0x000000002f405000 	/usr/lib/system/libcache.dylib
0x000000002f405000 	/usr/lib/system/libcommonCrypto.dylib
0x000000002f405000 	/usr/lib/system/libcompiler_rt.dylib
0x000000002f405000 	/usr/lib/system/libcopyfile.dylib
0x000000002f405000 	/usr/lib/system/libcorecrypto.dylib
0x000000002f405000 	/usr/lib/system/libdispatch.dylib
0x000000002f405000 	/usr/lib/system/libdyld.dylib
0x000000002f405000 	/usr/lib/system/libkeymgr.dylib
0x000000002f405000 	/usr/lib/system/liblaunch.dylib
0x000000002f405000 	/usr/lib/system/libmacho.dylib
0x000000002f405000 	/usr/lib/system/libquarantine.dylib
0x000000002f405000 	/usr/lib/system/libremovefile.dylib
0x000000002f405000 	/usr/lib/system/libsystem_asl.dylib
0x000000002f405000 	/usr/lib/system/libsystem_blocks.dylib
0x000000002f405000 	/usr/lib/system/libsystem_c.dylib
0x000000002f405000 	/usr/lib/system/libsystem_configuration.dylib
0x000000002f405000 	/usr/lib/system/libsystem_coreservices.dylib
0x000000002f405000 	/usr/lib/system/libsystem_darwin.dylib
0x000000002f405000 	/usr/lib/system/libsystem_dnssd.dylib
0x000000002f405000 	/usr/lib/system/libsystem_info.dylib
0x000000002f405000 	/usr/lib/system/libsystem_m.dylib
0x000000002f405000 	/usr/lib/system/libsystem_malloc.dylib
0x000000002f405000 	/usr/lib/system/libsystem_network.dylib
0x000000002f405000 	/usr/lib/system/libsystem_networkextension.dylib
0x000000002f405000 	/usr/lib/system/libsystem_notify.dylib
0x000000002f405000 	/usr/lib/system/libsystem_sandbox.dylib
0x000000002f405000 	/usr/lib/system/libsystem_secinit.dylib
0x000000002f405000 	/usr/lib/system/libsystem_kernel.dylib
0x000000002f405000 	/usr/lib/system/libsystem_platform.dylib
0x000000002f405000 	/usr/lib/system/libsystem_pthread.dylib
0x000000002f405000 	/usr/lib/system/libsystem_symptoms.dylib
0x000000002f405000 	/usr/lib/system/libsystem_trace.dylib
0x000000002f405000 	/usr/lib/system/libunwind.dylib
0x000000002f405000 	/usr/lib/system/libxpc.dylib
0x000000002f405000 	/usr/lib/closure/libclosured.dylib
0x000000002f405000 	/usr/lib/libbsm.0.dylib
0x000000002f405000 	/usr/lib/system/libkxld.dylib
0x000000002f405000 	/usr/lib/libOpenScriptingUtil.dylib
0x000000002f405000 	/usr/lib/libcoretls.dylib
0x000000002f405000 	/usr/lib/libcoretls_cfhelpers.dylib
0x000000002f405000 	/usr/lib/libpam.2.dylib
0x000000002f405000 	/usr/lib/libsqlite3.dylib
0x000000002f405000 	/usr/lib/libxar.1.dylib
0x000000002f405000 	/usr/lib/libbz2.1.0.dylib
0x000000002f405000 	/usr/lib/liblzma.5.dylib
0x000000002f405000 	/usr/lib/libnetwork.dylib
0x000000002f405000 	/usr/lib/libapple_nghttp2.dylib
0x000000002f405000 	/usr/lib/libpcap.A.dylib
0x000000002f405000 	/usr/lib/libboringssl.dylib
0x000000002f405000 	/usr/lib/libusrtcp.dylib
0x000000002f405000 	/usr/lib/libapple_crypto.dylib
0x000000002f405000 	/System/Library/Frameworks/CoreServices.framework/Versions/A/Frameworks/FSEvents.framework/Versions/A/FSEvents
0x000000002f405000 	/System/Library/Frameworks/CoreServices.framework/Versions/A/Frameworks/CarbonCore.framework/Versions/A/CarbonCore
0x000000002f405000 	/System/Library/Frameworks/CoreServices.framework/Versions/A/Frameworks/Metadata.framework/Versions/A/Metadata
0x000000002f405000 	/System/Library/Frameworks/CoreServices.framework/Versions/A/Frameworks/OSServices.framework/Versions/A/OSServices
0x000000002f405000 	/System/Library/Frameworks/CoreServices.framework/Versions/A/Frameworks/SearchKit.framework/Versions/A/SearchKit
0x000000002f405000 	/System/Library/Frameworks/CoreServices.framework/Versions/A/Frameworks/AE.framework/Versions/A/AE
0x000000002f405000 	/System/Library/Frameworks/CoreServices.framework/Versions/A/Frameworks/LaunchServices.framework/Versions/A/LaunchServices
0x000000002f405000 	/System/Library/Frameworks/CoreServices.framework/Versions/A/Frameworks/DictionaryServices.framework/Versions/A/DictionaryServices
0x000000002f405000 	/System/Library/Frameworks/CoreServices.framework/Versions/A/Frameworks/SharedFileList.framework/Versions/A/SharedFileList
0x000000002f405000 	/System/Library/Frameworks/NetFS.framework/Versions/A/NetFS
0x000000002f405000 	/System/Library/PrivateFrameworks/NetAuth.framework/Versions/A/NetAuth
0x000000002f405000 	/System/Library/PrivateFrameworks/login.framework/Versions/A/Frameworks/loginsupport.framework/Versions/A/loginsupport
0x000000002f405000 	/System/Library/PrivateFrameworks/TCC.framework/Versions/A/TCC
0x000000002f405000 	/usr/lib/libmecabra.dylib
0x000000002f405000 	/System/Library/Frameworks/ApplicationServices.framework/Versions/A/Frameworks/ATS.framework/Versions/A/ATS
0x000000002f405000 	/System/Library/Frameworks/ApplicationServices.framework/Versions/A/Frameworks/ColorSyncLegacy.framework/Versions/A/ColorSyncLegacy
0x000000002f405000 	/System/Library/Frameworks/ApplicationServices.framework/Versions/A/Frameworks/HIServices.framework/Versions/A/HIServices
0x000000002f405000 	/System/Library/Frameworks/ApplicationServices.framework/Versions/A/Frameworks/LangAnalysis.framework/Versions/A/LangAnalysis
0x000000002f405000 	/System/Library/Frameworks/ApplicationServices.framework/Versions/A/Frameworks/PrintCore.framework/Versions/A/PrintCore
0x000000002f405000 	/System/Library/Frameworks/ApplicationServices.framework/Versions/A/Frameworks/QD.framework/Versions/A/QD
0x000000002f405000 	/System/Library/Frameworks/ApplicationServices.framework/Versions/A/Frameworks/SpeechSynthesis.framework/Versions/A/SpeechSynthesis
0x000000002f405000 	/System/Library/Frameworks/CoreDisplay.framework/Versions/A/CoreDisplay
0x000000002f405000 	/System/Library/Frameworks/Accelerate.framework/Versions/A/Frameworks/vImage.framework/Versions/A/vImage
0x000000002f405000 	/System/Library/Frameworks/Accelerate.framework/Versions/A/Frameworks/vecLib.framework/Versions/A/vecLib
0x000000002f405000 	/System/Library/Frameworks/Accelerate.framework/Versions/A/Frameworks/vecLib.framework/Versions/A/libvDSP.dylib
0x000000002f405000 	/System/Library/Frameworks/Accelerate.framework/Versions/A/Frameworks/vecLib.framework/Versions/A/libBNNS.dylib
0x000000002f405000 	/System/Library/Frameworks/Accelerate.framework/Versions/A/Frameworks/vecLib.framework/Versions/A/libQuadrature.dylib
0x000000002f405000 	/System/Library/Frameworks/Accelerate.framework/Versions/A/Frameworks/vecLib.framework/Versions/A/libvMisc.dylib
0x000000002f405000 	/System/Library/Frameworks/Accelerate.framework/Versions/A/Frameworks/vecLib.framework/Versions/A/libLAPACK.dylib
0x000000002f405000 	/System/Library/Frameworks/Accelerate.framework/Versions/A/Frameworks/vecLib.framework/Versions/A/libBLAS.dylib
0x000000002f405000 	/System/Library/Frameworks/Accelerate.framework/Versions/A/Frameworks/vecLib.framework/Versions/A/libLinearAlgebra.dylib
0x000000002f405000 	/System/Library/Frameworks/Accelerate.framework/Versions/A/Frameworks/vecLib.framework/Versions/A/libSparse.dylib
0x000000002f405000 	/System/Library/Frameworks/Accelerate.framework/Versions/A/Frameworks/vecLib.framework/Versions/A/libSparseBLAS.dylib
0x000000002f405000 	/System/Library/PrivateFrameworks/GPUWrangler.framework/Versions/A/GPUWrangler
0x000000002f405000 	/System/Library/PrivateFrameworks/IOAccelerator.framework/Versions/A/IOAccelerator
0x000000002f405000 	/System/Library/PrivateFrameworks/IOPresentment.framework/Versions/A/IOPresentment
0x000000002f405000 	/System/Library/PrivateFrameworks/DSExternalDisplay.framework/Versions/A/DSExternalDisplay
0x000000002f405000 	/System/Library/Frameworks/OpenGL.framework/Versions/A/Libraries/libCoreFSCache.dylib
0x000000002f405000 	/System/Library/Frameworks/CoreVideo.framework/Versions/A/CoreVideo
0x000000002f405000 	/System/Library/PrivateFrameworks/GraphVisualizer.framework/Versions/A/GraphVisualizer
0x000000002f405000 	/System/Library/Frameworks/MetalPerformanceShaders.framework/Versions/A/MetalPerformanceShaders
0x000000002f405000 	/usr/lib/libFosl_dynamic.dylib
0x000000002f405000 	/System/Library/PrivateFrameworks/FaceCore.framework/Versions/A/FaceCore
0x000000002f405000 	/System/Library/Frameworks/OpenCL.framework/Versions/A/OpenCL
0x000000002f405000 	/usr/lib/libcompression.dylib
0x000000002f405000 	/System/Library/Frameworks/ApplicationServices.framework/Versions/A/Frameworks/ATS.framework/Versions/A/Resources/libFontParser.dylib
0x000000002f405000 	/System/Library/Frameworks/ApplicationServices.framework/Versions/A/Frameworks/ATS.framework/Versions/A/Resources/libFontRegistry.dylib
0x000000002f405000 	/System/Library/Frameworks/ImageIO.framework/Versions/A/Resources/libJPEG.dylib
0x000000002f405000 	/System/Library/Frameworks/ImageIO.framework/Versions/A/Resources/libTIFF.dylib
0x000000002f405000 	/System/Library/Frameworks/ImageIO.framework/Versions/A/Resources/libPng.dylib
0x000000002f405000 	/System/Library/Frameworks/ImageIO.framework/Versions/A/Resources/libGIF.dylib
0x000000002f405000 	/System/Library/Frameworks/ImageIO.framework/Versions/A/Resources/libJP2.dylib
0x000000002f405000 	/System/Library/Frameworks/ImageIO.framework/Versions/A/Resources/libRadiance.dylib
0x000000002f405000 	/System/Library/PrivateFrameworks/AppleJPEG.framework/Versions/A/AppleJPEG
0x000000002f405000 	/System/Library/Frameworks/MetalPerformanceShaders.framework/Frameworks/MPSCore.framework/Versions/A/MPSCore
0x000000002f405000 	/System/Library/Frameworks/MetalPerformanceShaders.framework/Frameworks/MPSImage.framework/Versions/A/MPSImage
0x000000002f405000 	/System/Library/Frameworks/MetalPerformanceShaders.framework/Frameworks/MPSNeuralNetwork.framework/Versions/A/MPSNeuralNetwork
0x000000002f405000 	/System/Library/Frameworks/MetalPerformanceShaders.framework/Frameworks/MPSMatrix.framework/Versions/A/MPSMatrix
0x000000002f405000 	/System/Library/PrivateFrameworks/MetalTools.framework/Versions/A/MetalTools
0x000000002f405000 	/System/Library/Frameworks/OpenGL.framework/Versions/A/Libraries/libGLU.dylib
0x000000002f405000 	/System/Library/Frameworks/OpenGL.framework/Versions/A/Libraries/libGFXShared.dylib
0x000000002f405000 	/System/Library/Frameworks/OpenGL.framework/Versions/A/Libraries/libGL.dylib
0x000000002f405000 	/System/Library/Frameworks/OpenGL.framework/Versions/A/Libraries/libGLImage.dylib
0x000000002f405000 	/System/Library/Frameworks/OpenGL.framework/Versions/A/Libraries/libCVMSPluginSupport.dylib
0x000000002f405000 	/System/Library/Frameworks/OpenGL.framework/Versions/A/Libraries/libCoreVMClient.dylib
0x000000002f405000 	/usr/lib/libcups.2.dylib
0x000000002f405000 	/System/Library/Frameworks/Kerberos.framework/Versions/A/Kerberos
0x000000002f405000 	/System/Library/Frameworks/GSS.framework/Versions/A/GSS
0x000000002f405000 	/usr/lib/libresolv.9.dylib
0x000000002f405000 	/usr/lib/libiconv.2.dylib
0x000000002f405000 	/System/Library/PrivateFrameworks/Heimdal.framework/Versions/A/Heimdal
0x000000002f405000 	/usr/lib/libheimdal-asn1.dylib
0x000000002f405000 	/System/Library/Frameworks/OpenDirectory.framework/Versions/A/OpenDirectory
0x000000002f405000 	/System/Library/PrivateFrameworks/CommonAuth.framework/Versions/A/CommonAuth
0x000000002f405000 	/System/Library/Frameworks/OpenDirectory.framework/Versions/A/Frameworks/CFOpenDirectory.framework/Versions/A/CFOpenDirectory
0x000000002f405000 	/System/Library/Frameworks/SecurityFoundation.framework/Versions/A/SecurityFoundation
0x000000002f405000 	/System/Library/PrivateFrameworks/APFS.framework/Versions/A/APFS
0x000000002f405000 	/usr/lib/libutil.dylib
0x000000002f405000 	/System/Library/PrivateFrameworks/AppleSauce.framework/Versions/A/AppleSauce
0x000000002f405000 	/System/Library/PrivateFrameworks/LinguisticData.framework/Versions/A/LinguisticData
0x000000002f405000 	/usr/lib/libmarisa.dylib
0x000000002f405000 	/System/Library/PrivateFrameworks/Lexicon.framework/Versions/A/Lexicon
0x000000002f405000 	/usr/lib/libChineseTokenizer.dylib
0x000000002f405000 	/usr/lib/libcmph.dylib
0x000000002f405000 	/System/Library/PrivateFrameworks/LanguageModeling.framework/Versions/A/LanguageModeling
0x000000002f405000 	/System/Library/PrivateFrameworks/CoreEmoji.framework/Versions/A/CoreEmoji
0x000000002f405000 	/System/Library/Frameworks/ServiceManagement.framework/Versions/A/ServiceManagement
0x000000002f405000 	/System/Library/PrivateFrameworks/BackgroundTaskManagement.framework/Versions/A/BackgroundTaskManagement
0x000000002f405000 	/usr/lib/libxslt.1.dylib
0x000000002f405000 	/System/Library/Frameworks/Carbon.framework/Versions/A/Frameworks/Ink.framework/Versions/A/Ink
0x000000002f405000 	/System/Library/PrivateFrameworks/TextureIO.framework/Versions/A/TextureIO
0x000000002f405000 	/usr/lib/libate.dylib
0x000000002f405000 	/System/Library/PrivateFrameworks/CrashReporterSupport.framework/Versions/A/CrashReporterSupport
0x000000002f405000 	/System/Library/PrivateFrameworks/Sharing.framework/Versions/A/Sharing
0x000000002f405000 	/System/Library/PrivateFrameworks/IconServices.framework/Versions/A/IconServices
0x000000002f405000 	/System/Library/PrivateFrameworks/AuthKit.framework/Versions/A/AuthKit
0x000000002f405000 	/System/Library/PrivateFrameworks/Apple80211.framework/Versions/A/Apple80211
0x000000002f405000 	/System/Library/PrivateFrameworks/CoreUtils.framework/Versions/A/CoreUtils
0x000000002f405000 	/System/Library/Frameworks/CoreWLAN.framework/Versions/A/CoreWLAN
0x000000002f405000 	/System/Library/Frameworks/IOBluetooth.framework/Versions/A/IOBluetooth
0x000000002f405000 	/System/Library/PrivateFrameworks/ProtocolBuffer.framework/Versions/A/ProtocolBuffer
0x000000002f405000 	/System/Library/PrivateFrameworks/MobileKeyBag.framework/Versions/A/MobileKeyBag
0x000000002f405000 	/System/Library/PrivateFrameworks/CorePhoneNumbers.framework/Versions/A/CorePhoneNumbers
0x000000002f405000 	/System/Library/PrivateFrameworks/AppleIDAuthSupport.framework/Versions/A/AppleIDAuthSupport
0x000000002f405000 	/System/Library/PrivateFrameworks/KeychainCircle.framework/Versions/A/KeychainCircle
0x000000002f405000 	/System/Library/PrivateFrameworks/CoreWiFi.framework/Versions/A/CoreWiFi
0x000000002f405000 	/System/Library/Frameworks/CoreBluetooth.framework/Versions/A/CoreBluetooth
0x000000002f405000 	/System/Library/PrivateFrameworks/DebugSymbols.framework/Versions/A/DebugSymbols
0x000000002f405000 	/System/Library/PrivateFrameworks/CoreSymbolication.framework/Versions/A/CoreSymbolication
0x000000002f405000 	/System/Library/PrivateFrameworks/Symbolication.framework/Versions/A/Symbolication
0x000000002f405000 	/System/Library/PrivateFrameworks/AppleFSCompression.framework/Versions/A/AppleFSCompression
0x000000002f405000 	/System/Library/PrivateFrameworks/SpeechRecognitionCore.framework/Versions/A/SpeechRecognitionCore
0x0000000105e00000 	/Library/Java/JavaVirtualMachines/jdk1.8.0_144.jdk/Contents/Home/jre/lib/server/libjvm.dylib
0x000000002f405000 	/usr/lib/libstdc++.6.0.9.dylib
0x0000000104d27000 	/Library/Java/JavaVirtualMachines/jdk1.8.0_144.jdk/Contents/Home/jre/lib/libverify.dylib
0x0000000104d35000 	/Library/Java/JavaVirtualMachines/jdk1.8.0_144.jdk/Contents/Home/jre/lib/libjava.dylib
0x0000000104db4000 	/Library/Java/JavaVirtualMachines/jdk1.8.0_144.jdk/Contents/Home/jre/lib/libzip.dylib
0x000000002f405000 	/System/Library/Frameworks/JavaVM.framework/Versions/A/Frameworks/JavaRuntimeSupport.framework/Versions/A/JavaRuntimeSupport
0x000000002f405000 	/System/Library/Frameworks/JavaVM.framework/Versions/A/Frameworks/JavaNativeFoundation.framework/Versions/A/JavaNativeFoundation
0x000000002f405000 	/System/Library/Frameworks/JavaVM.framework/Versions/A/JavaVM
0x000000002f405000 	/System/Library/Frameworks/Carbon.framework/Versions/A/Carbon
0x000000002f405000 	/System/Library/PrivateFrameworks/JavaLaunching.framework/Versions/A/JavaLaunching
0x000000002f405000 	/System/Library/Frameworks/Carbon.framework/Versions/A/Frameworks/CommonPanels.framework/Versions/A/CommonPanels
0x000000002f405000 	/System/Library/Frameworks/Carbon.framework/Versions/A/Frameworks/Help.framework/Versions/A/Help
0x000000002f405000 	/System/Library/Frameworks/Carbon.framework/Versions/A/Frameworks/ImageCapture.framework/Versions/A/ImageCapture
0x000000002f405000 	/System/Library/Frameworks/Carbon.framework/Versions/A/Frameworks/OpenScripting.framework/Versions/A/OpenScripting
0x000000002f405000 	/System/Library/Frameworks/Carbon.framework/Versions/A/Frameworks/Print.framework/Versions/A/Print
0x000000002f405000 	/System/Library/Frameworks/Carbon.framework/Versions/A/Frameworks/SecurityHI.framework/Versions/A/SecurityHI
0x000000010af06000 	/Library/Java/JavaVirtualMachines/jdk1.8.0_144.jdk/Contents/Home/jre/lib/libprism_es2.dylib
0x000000002f405000 	/System/Library/PrivateFrameworks/CoreServicesInternal.framework/Versions/A/CoreServicesInternal
0x000000002f405000 	/System/Library/Frameworks/OpenGL.framework/Versions/A/Resources/GLEngine.bundle/GLEngine
0x000000002f405000 	/System/Library/Frameworks/OpenGL.framework/Versions/A/Libraries/libGLProgrammability.dylib
0x000000010afa4000 	/System/Library/Extensions/AppleIntelHD5000GraphicsGLDriver.bundle/Contents/MacOS/AppleIntelHD5000GraphicsGLDriver
0x000000002f405000 	/System/Library/PrivateFrameworks/GPUSupport.framework/Versions/A/Libraries/libGPUSupportMercury.dylib
0x000000010b714000 	/System/Library/Extensions/AMDRadeonX4000GLDriver.bundle/Contents/MacOS/AMDRadeonX4000GLDriver
0x000000002f405000 	/System/Library/Extensions/AMDRadeonX4000GLDriver.bundle/Contents/MacOS/ATIRadeonX4000SCLib.dylib
0x000000002f405000 	/System/Library/Frameworks/OpenGL.framework/Versions/A/Resources/GLRendererFloat.bundle/GLRendererFloat
0x000000002f405000 	/System/Library/Frameworks/OpenCL.framework/Versions/A/Libraries/libcldcpuengine.dylib
0x000000002f405000 	/usr/lib/libcrypto.35.dylib
0x000000002f405000 	/System/Library/PrivateFrameworks/TrustEvaluationAgent.framework/Versions/A/TrustEvaluationAgent
0x000000010b8c0000 	/Library/Java/JavaVirtualMachines/jdk1.8.0_144.jdk/Contents/Home/jre/lib/libglass.dylib
0x000000002f405000 	/System/Library/CoreServices/RawCamera.bundle/Contents/MacOS/RawCamera
0x000000002f405000 	/System/Library/PrivateFrameworks/MobileAsset.framework/Versions/A/MobileAsset
0x000000002f405000 	/System/Library/PrivateFrameworks/StreamingZip.framework/Versions/A/StreamingZip
0x000000002f405000 	/System/Library/Frameworks/MediaToolbox.framework/Versions/A/MediaToolbox
0x000000002f405000 	/System/Library/PrivateFrameworks/CoreAVCHD.framework/Versions/A/CoreAVCHD
0x000000002f405000 	/System/Library/Frameworks/MediaAccessibility.framework/Versions/A/MediaAccessibility
0x000000002f405000 	/System/Library/PrivateFrameworks/Mangrove.framework/Versions/A/Mangrove
0x000000002f405000 	/System/Library/Frameworks/CoreMedia.framework/Versions/A/CoreMedia
0x000000002f405000 	/System/Library/Frameworks/VideoToolbox.framework/Versions/A/VideoToolbox
0x000000002f405000 	/System/Library/PrivateFrameworks/CoreAUC.framework/Versions/A/CoreAUC
0x000000002f405000 	/usr/lib/libspindump.dylib
0x000000002f405000 	/System/Library/PrivateFrameworks/AppleVA.framework/Versions/A/AppleVA
0x000000002f405000 	/System/Library/Frameworks/Accelerate.framework/Versions/A/Frameworks/vImage.framework/Versions/A/Libraries/libCGInterfaces.dylib
0x000000002f405000 	/System/Library/PrivateFrameworks/FamilyControls.framework/Versions/A/FamilyControls
0x000000002f405000 	/System/Library/PrivateFrameworks/CommerceKit.framework/Versions/A/Frameworks/CommerceCore.framework/Versions/A/CommerceCore
0x000000002f405000 	/System/Library/PrivateFrameworks/SystemAdministration.framework/Versions/A/SystemAdministration
0x000000002f405000 	/System/Library/PrivateFrameworks/AppContainer.framework/Versions/A/AppContainer
0x000000002f405000 	/System/Library/PrivateFrameworks/SecCodeWrapper.framework/Versions/A/SecCodeWrapper
0x000000002f405000 	/System/Library/PrivateFrameworks/DiskManagement.framework/Versions/A/DiskManagement
0x000000002f405000 	/System/Library/Frameworks/DirectoryService.framework/Versions/A/DirectoryService
0x000000002f405000 	/System/Library/PrivateFrameworks/DiskImages.framework/Versions/A/DiskImages
0x000000002f405000 	/System/Library/PrivateFrameworks/LoginUIKit.framework/Versions/A/Frameworks/LoginUICore.framework/Versions/A/LoginUICore
0x000000002f405000 	/usr/lib/libCoreStorage.dylib
0x000000002f405000 	/usr/lib/libcsfde.dylib
0x000000002f405000 	/usr/lib/libodfde.dylib
0x000000002f405000 	/System/Library/PrivateFrameworks/MediaKit.framework/Versions/A/MediaKit
0x000000002f405000 	/System/Library/Frameworks/DiscRecording.framework/Versions/A/DiscRecording
0x000000002f405000 	/System/Library/PrivateFrameworks/EFILogin.framework/Versions/A/EFILogin
0x000000002f405000 	/System/Library/PrivateFrameworks/ProtectedCloudStorage.framework/Versions/A/ProtectedCloudStorage
0x000000002f405000 	/usr/lib/libcurl.4.dylib
0x000000002f405000 	/usr/lib/libssl.35.dylib
0x000000002f405000 	/System/Library/Frameworks/LDAP.framework/Versions/A/LDAP
0x000000002f405000 	/usr/lib/libsasl2.2.dylib
0x000000002f405000 	/System/Library/PrivateFrameworks/CoreDaemon.framework/Versions/B/CoreDaemon
0x000000002f405000 	/System/Library/PrivateFrameworks/AppleSRP.framework/Versions/A/AppleSRP
0x0000000125076000 	/Library/Java/JavaVirtualMachines/jdk1.8.0_144.jdk/Contents/Home/jre/lib/libjavafx_font.dylib
0x000000002f405000 	/System/Library/Frameworks/ApplicationServices.framework/Versions/A/Frameworks/ATS.framework/Versions/A/Resources/libTrueTypeScaler.dylib
0x0000000126af1000 	/Library/Java/JavaVirtualMachines/jdk1.8.0_144.jdk/Contents/Home/jre/lib/libawt.dylib
0x0000000126b99000 	/Library/Java/JavaVirtualMachines/jdk1.8.0_144.jdk/Contents/Home/jre/lib/./libmlib_image.dylib
0x0000000126c65000 	/Library/Java/JavaVirtualMachines/jdk1.8.0_144.jdk/Contents/Home/jre/lib/libawt_lwawt.dylib
0x0000000126d1c000 	/Library/Java/JavaVirtualMachines/jdk1.8.0_144.jdk/Contents/Home/jre/lib/./libosxapp.dylib
0x000000002f405000 	/System/Library/Frameworks/ExceptionHandling.framework/Versions/A/ExceptionHandling
0x000000002f405000 	/System/Library/Extensions/AppleIntelHD5000GraphicsMTLDriver.bundle/Contents/MacOS/AppleIntelHD5000GraphicsMTLDriver
0x000000012a7e4000 	/System/Library/Extensions/AMDMTLBronzeDriver.bundle/Contents/MacOS/AMDMTLBronzeDriver
0x000000002f405000 	/System/Library/PrivateFrameworks/IOAccelMemoryInfo.framework/Versions/A/IOAccelMemoryInfo
0x000000012a9c1000 	/Library/Java/JavaVirtualMachines/jdk1.8.0_144.jdk/Contents/Home/jre/lib/libprism_common.dylib
0x000000002f405000 	/System/Library/PrivateFrameworks/GPUCompiler.framework/Versions/3802/Libraries/libmetal_timestamp.dylib
0x000000002f405000 	/System/Library/PrivateFrameworks/ViewBridge.framework/Versions/A/ViewBridge
0x0000000136730000 	/Library/Java/JavaVirtualMachines/jdk1.8.0_144.jdk/Contents/Home/jre/lib/libjfxwebkit.dylib
0x000000012812a000 	/Library/Java/JavaVirtualMachines/jdk1.8.0_144.jdk/Contents/Home/jre/lib/libnio.dylib
0x000000012813a000 	/Library/Java/JavaVirtualMachines/jdk1.8.0_144.jdk/Contents/Home/jre/lib/./libnet.dylib
0x000000012828d000 	/Library/Java/JavaVirtualMachines/jdk1.8.0_144.jdk/Contents/Home/jre/lib/libsunec.dylib

VM Arguments:
jvm_args: -Dfile.encoding=UTF-8 
java_command: gologolo.GoLogoLoApp
java_class_path (initial): /Users/akillhalimi/Documents/goLogoLo/libs/javax.json-1.0.4.jar:/Users/akillhalimi/Documents/goLogoLo/libs/DesktopJavaFramework/build/classes:/Users/akillhalimi/Documents/goLogoLo/libs/jTPS/build/classes:/Users/akillhalimi/Documents/goLogoLo/libs/PropertiesManager/build/classes:/Users/akillhalimi/Documents/goLogoLo/goLogoLo/build/classes
Launcher Type: SUN_STANDARD

Environment Variables:
PATH=/usr/bin:/bin:/usr/sbin:/sbin
LD_LIBRARY_PATH=/Library/Java/JavaVirtualMachines/jdk1.8.0_144.jdk/Contents/Home/jre/lib/amd64:/Library/Java/JavaVirtualMachines/jdk1.8.0_144.jdk/Contents/Home/jre/lib/i386:
SHELL=/bin/bash

Signal Handlers:
SIGSEGV: [libjvm.dylib+0x5b26e5], sa_mask[0]=11111111011111110111111111111111, sa_flags=SA_ONSTACK|SA_RESTART|SA_SIGINFO
SIGBUS: [libjvm.dylib+0x5b26e5], sa_mask[0]=11111111011111110111111111111111, sa_flags=SA_RESTART|SA_SIGINFO
SIGFPE: [libjvm.dylib+0x489100], sa_mask[0]=11111111011111110111111111111111, sa_flags=SA_RESTART|SA_SIGINFO
SIGPIPE: [libjvm.dylib+0x489100], sa_mask[0]=11111111011111110111111111111111, sa_flags=SA_RESTART|SA_SIGINFO
SIGXFSZ: [libjvm.dylib+0x489100], sa_mask[0]=11111111011111110111111111111111, sa_flags=SA_RESTART|SA_SIGINFO
SIGILL: [libjvm.dylib+0x489100], sa_mask[0]=11111111011111110111111111111111, sa_flags=SA_RESTART|SA_SIGINFO
SIGUSR1: SIG_DFL, sa_mask[0]=00000000000000000000000000000000, sa_flags=none
SIGUSR2: [libjvm.dylib+0x488c1e], sa_mask[0]=00100000000000000000000000000000, sa_flags=SA_RESTART|SA_SIGINFO
SIGHUP: [libjvm.dylib+0x4871f5], sa_mask[0]=11111111011111110111111111111111, sa_flags=SA_RESTART|SA_SIGINFO
SIGINT: SIG_IGN, sa_mask[0]=00000000000000000000000000000000, sa_flags=none
SIGTERM: [libjvm.dylib+0x4871f5], sa_mask[0]=11111111011111110111111111111111, sa_flags=SA_RESTART|SA_SIGINFO
SIGQUIT: [libjvm.dylib+0x4871f5], sa_mask[0]=11111111011111110111111111111111, sa_flags=SA_RESTART|SA_SIGINFO


---------------  S Y S T E M  ---------------

OS:Bsduname:Darwin 17.7.0 Darwin Kernel Version 17.7.0: Thu Jun 21 22:53:14 PDT 2018; root:xnu-4570.71.2~1/RELEASE_X86_64 x86_64
rlimit: STACK 8192k, CORE 0k, NPROC 1418, NOFILE 10240, AS infinity
load average:1.62 1.52 1.49

CPU:total 8 (initial active 8) (4 cores per cpu, 2 threads per core) family 6 model 70 stepping 1, cmov, cx8, fxsr, mmx, sse, sse2, sse3, ssse3, sse4.1, sse4.2, popcnt, avx, avx2, aes, clmul, erms, lzcnt, ht, tsc, tscinvbit, bmi1, bmi2

Memory: 4k page, physical 16777216k(2069752k free)

/proc/meminfo:


vm_info: Java HotSpot(TM) 64-Bit Server VM (25.144-b01) for bsd-amd64 JRE (1.8.0_144-b01), built on Jul 21 2017 22:07:42 by "java_re" with gcc 4.2.1 (Based on Apple Inc. build 5658) (LLVM build 2336.11.00)

time: Thu Aug  2 15:15:11 2018
elapsed time: 8 seconds (0d 0h 0m 8s)

