#
# A fatal error has been detected by the Java Runtime Environment:
#
#  SIGSEGV (0xb) at pc=0x00007fff7f0f7060, pid=30140, tid=0x0000000000000307
#
# JRE version: Java(TM) SE Runtime Environment (8.0_144-b01) (build 1.8.0_144-b01)
# Java VM: Java HotSpot(TM) 64-Bit Server VM (25.144-b01 mixed mode bsd-amd64 compressed oops)
# Problematic frame:
# C  [libsystem_platform.dylib+0x5060]  _platform_memmove$VARIANT$Haswell+0x140
#
# Failed to write core dump. Core dumps have been disabled. To enable core dumping, try "ulimit -c unlimited" before starting Java again
#
# If you would like to submit a bug report, please visit:
#   http://bugreport.java.com/bugreport/crash.jsp
# The crash happened outside the Java Virtual Machine in native code.
# See problematic frame for where to report the bug.
#

---------------  T H R E A D  ---------------

Current thread (0x00007fa5678f9800):  JavaThread "JavaFX Application Thread" [_thread_in_native, id=775, stack(0x00007ffeebd48000,0x00007ffeec548000)]

siginfo: si_signo: 11 (SIGSEGV), si_code: 1 (SEGV_MAPERR), si_addr: 0x0000000142fad000

Registers:
RAX=0x0000000145a6a310, RBX=0x0000000142fac200, RCX=0x0000000000000010, RDX=0x0000000000000af0
RSP=0x00007ffeec53eb00, RBP=0x00007ffeec53eb00, RSI=0x0000000142facfd0, RDI=0x0000000145a6b0e0
R8 =0x0000000000000000, R9 =0x00000000000911d0, R10=0x0000000000001ba0, R11=0x0000000002abe110
R12=0x0000000145a6a310, R13=0x0000000000000336, R14=0x0000000000001900, R15=0x0000000000001ba0
RIP=0x00007fff7f0f7060, EFLAGS=0x0000000000010202, ERR=0x0000000000000004
  TRAPNO=0x000000000000000e

Top of Stack: (sp=0x00007ffeec53eb00)
0x00007ffeec53eb00:   00007ffeec53eb50 000000013c8f593f
0x00007ffeec53eb10:   0000000000001900 ffffffacffffffac
0x00007ffeec53eb20:   000004f0000006e8 000000013e5d6b48
0x00007ffeec53eb30:   0000000000000001 000000013e5d6b48
0x00007ffeec53eb40:   00007ffeec53ec08 0000000144f98960
0x00007ffeec53eb50:   00007ffeec53ebb0 000000013c8f543b
0x00007ffeec53eb60:   0000000000000000 0000000000000000
0x00007ffeec53eb70:   0000000000000000 0000022400000320
0x00007ffeec53eb80:   0000000000000000 000000013e5d6b48
0x00007ffeec53eb90:   0000000000000001 0000000143723f18
0x00007ffeec53eba0:   0000000144f98960 0000000144fd42a0
0x00007ffeec53ebb0:   00007ffeec53ec40 000000013c8ee894
0x00007ffeec53ebc0:   0000000144fd42a0 000000013e5d6b48
0x00007ffeec53ebd0:   00007ffeec53ec40 000000013c8ee812
0x00007ffeec53ebe0:   0000000000000000 4228000042280000
0x00007ffeec53ebf0:   0000003400000000 0000022400000320
0x00007ffeec53ec00:   00007ffeec53ec40 ffffffd6ffffffd6
0x00007ffeec53ec10:   0000027800000374 0000000000000001
0x00007ffeec53ec20:   0000000000000001 0000000143723f18
0x00007ffeec53ec30:   0000000144fd42a0 000000013e5d6b48
0x00007ffeec53ec40:   00007ffeec53ec80 000000013c8f4bbf
0x00007ffeec53ec50:   0000027800000374 441e0000445d0000
0x00007ffeec53ec60:   0000000144fd42a0 0000000144f99618
0x00007ffeec53ec70:   0000000000000000 00007ffeec53fb50
0x00007ffeec53ec80:   00007ffeec53ed40 000000013c948908
0x00007ffeec53ec90:   00007ffeec53ed30 000000013ca2322e
0x00007ffeec53eca0:   0000000000000002 00000d0000000000
0x00007ffeec53ecb0:   000089000000c800 00000d0000000000
0x00007ffeec53ecc0:   00007ffeec53fb50 00007ffeec53ed48
0x00007ffeec53ecd0:   000000014398adc8 00007ffeec53eef0
0x00007ffeec53ece0:   000000014373cc60 0000000000000064
0x00007ffeec53ecf0:   00007ffeec53ed10 000000013c9fd9a2 

Instructions: (pc=0x00007fff7f0f7060)
0x00007fff7f0f7040:   80 00 00 00 76 5a 48 f7 c6 1f 00 00 00 74 31 c5
0x00007fff7f0f7050:   fc 29 0f c5 fc 29 57 20 48 83 c7 40 c5 fc 10 0e
0x00007fff7f0f7060:   c5 fc 10 56 20 48 83 c6 40 48 83 ea 40 77 e0 eb
0x00007fff7f0f7070:   2f 66 66 66 66 66 66 2e 0f 1f 84 00 00 00 00 00 

Register to memory mapping:

RAX=0x0000000145a6a310 is an unknown value
RBX=0x0000000142fac200 is an unknown value
RCX=0x0000000000000010 is an unknown value
RDX=0x0000000000000af0 is an unknown value
RSP=0x00007ffeec53eb00 is pointing into the stack for thread: 0x00007fa5678f9800
RBP=0x00007ffeec53eb00 is pointing into the stack for thread: 0x00007fa5678f9800
RSI=0x0000000142facfd0 is an unknown value
RDI=0x0000000145a6b0e0 is an unknown value
R8 =0x0000000000000000 is an unknown value
R9 =0x00000000000911d0 is an unknown value
R10=0x0000000000001ba0 is an unknown value
R11=0x0000000002abe110 is an unknown value
R12=0x0000000145a6a310 is an unknown value
R13=0x0000000000000336 is an unknown value
R14=0x0000000000001900 is an unknown value
R15=0x0000000000001ba0 is an unknown value


Stack: [0x00007ffeebd48000,0x00007ffeec548000],  sp=0x00007ffeec53eb00,  free space=8154k
Native frames: (J=compiled Java code, j=interpreted, Vv=VM code, C=native code)
C  [libsystem_platform.dylib+0x5060]  _platform_memmove$VARIANT$Haswell+0x140
C  [libjfxwebkit.dylib+0x69393f]  _ZN7WebCore12FilterEffect14copyImageBytesEPN3JSC21GenericTypedArrayViewINS1_19Uint8ClampedAdaptorEEES5_RKNS_7IntRectE+0x1df
C  [libjfxwebkit.dylib+0x69343b]  _ZN7WebCore12FilterEffect22copyPremultipliedImageEPN3JSC21GenericTypedArrayViewINS1_19Uint8ClampedAdaptorEEERKNS_7IntRectE+0x1eb
C  [libjfxwebkit.dylib+0x68c894]  _ZN7WebCore14FEGaussianBlur21platformApplySoftwareEv+0x64
C  [libjfxwebkit.dylib+0x692bbf]  _ZN7WebCore12FilterEffect5applyEv+0x11f
C  [libjfxwebkit.dylib+0x6e6908]  _ZN7WebCore26FilterEffectRendererHelper17applyFilterEffectERNS_15GraphicsContextE+0x88
C  [libjfxwebkit.dylib+0x7bca19]  _ZN7WebCore11RenderLayer12applyFiltersEPNS_26FilterEffectRendererHelperERNS_15GraphicsContextERNS0_17LayerPaintingInfoERN3WTF6VectorINS_13LayerFragmentELm1ENS7_15CrashOnOverflowELm16EEE+0x129
C  [libjfxwebkit.dylib+0x7bb16d]  _ZN7WebCore11RenderLayer18paintLayerContentsERNS_15GraphicsContextERKNS0_17LayerPaintingInfoEj+0xd4d
C  [libjfxwebkit.dylib+0x7b89f7]  _ZN7WebCore11RenderLayer10paintLayerERNS_15GraphicsContextERKNS0_17LayerPaintingInfoEj+0x447
C  [libjfxwebkit.dylib+0x7bb0a8]  _ZN7WebCore11RenderLayer18paintLayerContentsERNS_15GraphicsContextERKNS0_17LayerPaintingInfoEj+0xc88
C  [libjfxwebkit.dylib+0x7b89f7]  _ZN7WebCore11RenderLayer10paintLayerERNS_15GraphicsContextERKNS0_17LayerPaintingInfoEj+0x447
C  [libjfxwebkit.dylib+0x7bb0a8]  _ZN7WebCore11RenderLayer18paintLayerContentsERNS_15GraphicsContextERKNS0_17LayerPaintingInfoEj+0xc88
C  [libjfxwebkit.dylib+0x7b89f7]  _ZN7WebCore11RenderLayer10paintLayerERNS_15GraphicsContextERKNS0_17LayerPaintingInfoEj+0x447
C  [libjfxwebkit.dylib+0x7b84f5]  _ZN7WebCore11RenderLayer5paintERNS_15GraphicsContextERKNS_10LayoutRectERKNS_10LayoutSizeEjPNS_12RenderObjectEj+0x105
C  [libjfxwebkit.dylib+0x5a1066]  _ZN7WebCore9FrameView13paintContentsERNS_15GraphicsContextERKNS_7IntRectE+0x1f6
C  [libjfxwebkit.dylib+0x615971]  _ZN7WebCore10ScrollView5paintERNS_15GraphicsContextERKNS_7IntRectE+0x251
C  [libjfxwebkit.dylib+0xa4911f]  _ZN7WebCore7WebPage5paintEP8_jobjectiiii+0x14f
j  com.sun.webkit.WebPage.twkUpdateContent(JLcom/sun/webkit/graphics/WCRenderQueue;IIII)V+0
j  com.sun.webkit.WebPage.updateDirty(Lcom/sun/webkit/graphics/WCRectangle;)V+218
j  com.sun.webkit.WebPage.updateContent(Lcom/sun/webkit/graphics/WCRectangle;)V+48
j  com.sun.javafx.sg.prism.web.NGWebView.update()V+68
j  javafx.scene.web.WebView.handleStagePulse()V+40
j  javafx.scene.web.WebView.lambda$new$29()V+1
j  javafx.scene.web.WebView$$Lambda$436.pulse()V+4
J 4383 C1 com.sun.javafx.tk.Toolkit$$Lambda$216.run()Ljava/lang/Object; (8 bytes) @ 0x000000010f78f50c [0x000000010f78f3c0+0x14c]
v  ~StubRoutines::call_stub
V  [libjvm.dylib+0x2ee70a]
V  [libjvm.dylib+0x34ee68]
J 1360  java.security.AccessController.doPrivileged(Ljava/security/PrivilegedAction;Ljava/security/AccessControlContext;)Ljava/lang/Object; (0 bytes) @ 0x000000010edc8cd5 [0x000000010edc8c00+0xd5]
J 4624 C1 com.sun.javafx.tk.Toolkit.firePulse()V (279 bytes) @ 0x000000010ed14aa4 [0x000000010ed13840+0x1264]
J 4623 C1 com.sun.javafx.tk.quantum.QuantumToolkit.pulse(Z)V (164 bytes) @ 0x000000010ec5c65c [0x000000010ec5c000+0x65c]
J 4518 C1 com.sun.javafx.tk.quantum.QuantumToolkit$$Lambda$41.run()V (8 bytes) @ 0x000000010f82f70c [0x000000010f82f500+0x20c]
J 4499 C1 com.sun.glass.ui.InvokeLaterDispatcher$Future.run()V (91 bytes) @ 0x000000010f814b94 [0x000000010f814a80+0x114]
v  ~StubRoutines::call_stub
V  [libjvm.dylib+0x2ee70a]
V  [libjvm.dylib+0x3258b9]
V  [libjvm.dylib+0x318087]
C  [libglass.dylib+0x456b]  -[GlassRunnable run]+0x6b
C  [Foundation+0x682b5]  __NSThreadPerformPerform+0x14e
C  [CoreFoundation+0xa3a11]  __CFRUNLOOP_IS_CALLING_OUT_TO_A_SOURCE0_PERFORM_FUNCTION__+0x11
C  [CoreFoundation+0x15d42c]  __CFRunLoopDoSource0+0x6c
C  [CoreFoundation+0x86470]  __CFRunLoopDoSources0+0xd0
C  [CoreFoundation+0x858ed]  __CFRunLoopRun+0x50d
C  [CoreFoundation+0x85153]  CFRunLoopRunSpecific+0x1e3
C  [Foundation+0x20f26]  -[NSRunLoop(NSRunLoop) runMode:beforeDate:]+0x115
C  [libglass.dylib+0x66d8]  +[GlassApplication enterNestedEventLoopWithEnv:]+0x88
C  [libglass.dylib+0x713a]  Java_com_sun_glass_ui_mac_MacApplication__1enterNestedEventLoopImpl+0x4a
j  com.sun.glass.ui.mac.MacApplication._enterNestedEventLoopImpl()Ljava/lang/Object;+0
j  com.sun.glass.ui.mac.MacApplication._enterNestedEventLoop()Ljava/lang/Object;+15
j  com.sun.glass.ui.Application.enterNestedEventLoop()Ljava/lang/Object;+14
j  com.sun.glass.ui.EventLoop.enter()Ljava/lang/Object;+42
j  com.sun.javafx.tk.quantum.QuantumToolkit.enterNestedEventLoop(Ljava/lang/Object;)Ljava/lang/Object;+107
j  javafx.stage.Stage.showAndWait()V+93
j  djf.ui.dialogs.AppWebDialog.showWebDialog(Ljava/lang/String;)V+50
j  djf.ui.dialogs.AppDialogsFacade.showAboutDialog(Ldjf/AppTemplate;)V+50
j  djf.ui.controllers.AppHelpController.processAboutRequest()V+4
j  djf.modules.AppGUIModule.lambda$initHelpToolbar$14(Ljavafx/event/ActionEvent;)V+4
j  djf.modules.AppGUIModule$$Lambda$96.handle(Ljavafx/event/Event;)V+8
J 4753 C2 com.sun.javafx.event.EventHandlerManager.dispatchBubblingEvent(Ljavafx/event/Event;)Ljavafx/event/Event; (23 bytes) @ 0x000000010ea58310 [0x000000010ea57e00+0x510]
J 4607 C2 com.sun.javafx.event.CompositeEventDispatcher.dispatchBubblingEvent(Ljavafx/event/Event;)Ljavafx/event/Event; (35 bytes) @ 0x000000010ea81ccc [0x000000010ea81c60+0x6c]
J 4589 C2 com.sun.javafx.event.BasicEventDispatcher.dispatchEvent(Ljavafx/event/Event;Ljavafx/event/EventDispatchChain;)Ljavafx/event/Event; (44 bytes) @ 0x000000010eb6f0ac [0x000000010eb6ef80+0x12c]
J 4589 C2 com.sun.javafx.event.BasicEventDispatcher.dispatchEvent(Ljavafx/event/Event;Ljavafx/event/EventDispatchChain;)Ljavafx/event/Event; (44 bytes) @ 0x000000010eb6f06c [0x000000010eb6ef80+0xec]
J 4589 C2 com.sun.javafx.event.BasicEventDispatcher.dispatchEvent(Ljavafx/event/Event;Ljavafx/event/EventDispatchChain;)Ljavafx/event/Event; (44 bytes) @ 0x000000010eb6f06c [0x000000010eb6ef80+0xec]
J 4589 C2 com.sun.javafx.event.BasicEventDispatcher.dispatchEvent(Ljavafx/event/Event;Ljavafx/event/EventDispatchChain;)Ljavafx/event/Event; (44 bytes) @ 0x000000010eb6f06c [0x000000010eb6ef80+0xec]
J 4479 C2 com.sun.javafx.event.EventDispatchChainImpl.dispatchEvent(Ljavafx/event/Event;)Ljavafx/event/Event; (101 bytes) @ 0x000000010f80c558 [0x000000010f80c4a0+0xb8]
J 3559 C1 com.sun.javafx.event.EventUtil.fireEvent(Ljavafx/event/EventTarget;Ljavafx/event/Event;)Ljavafx/event/Event; (81 bytes) @ 0x000000010f4448ac [0x000000010f443cc0+0xbec]
J 3558 C1 javafx.event.Event.fireEvent(Ljavafx/event/EventTarget;Ljavafx/event/Event;)V (35 bytes) @ 0x000000010f437c6c [0x000000010f437ba0+0xcc]
j  javafx.scene.Node.fireEvent(Ljavafx/event/Event;)V+86
j  javafx.scene.control.Button.fire()V+15
j  com.sun.javafx.scene.control.behavior.ButtonBehavior.mouseReleased(Ljavafx/scene/input/MouseEvent;)V+23
j  com.sun.javafx.scene.control.skin.BehaviorSkinBase$1.handle(Ljavafx/scene/input/MouseEvent;)V+83
j  com.sun.javafx.scene.control.skin.BehaviorSkinBase$1.handle(Ljavafx/event/Event;)V+5
J 4757 C1 com.sun.javafx.event.CompositeEventHandler$NormalEventHandlerRecord.handleBubblingEvent(Ljavafx/event/Event;)V (11 bytes) @ 0x000000010ec7fc4c [0x000000010ec7fb40+0x10c]
J 4753 C2 com.sun.javafx.event.EventHandlerManager.dispatchBubblingEvent(Ljavafx/event/Event;)Ljavafx/event/Event; (23 bytes) @ 0x000000010ea581d4 [0x000000010ea57e00+0x3d4]
J 4607 C2 com.sun.javafx.event.CompositeEventDispatcher.dispatchBubblingEvent(Ljavafx/event/Event;)Ljavafx/event/Event; (35 bytes) @ 0x000000010ea81ccc [0x000000010ea81c60+0x6c]
J 4589 C2 com.sun.javafx.event.BasicEventDispatcher.dispatchEvent(Ljavafx/event/Event;Ljavafx/event/EventDispatchChain;)Ljavafx/event/Event; (44 bytes) @ 0x000000010eb6f0ac [0x000000010eb6ef80+0x12c]
J 4589 C2 com.sun.javafx.event.BasicEventDispatcher.dispatchEvent(Ljavafx/event/Event;Ljavafx/event/EventDispatchChain;)Ljavafx/event/Event; (44 bytes) @ 0x000000010eb6f06c [0x000000010eb6ef80+0xec]
J 4589 C2 com.sun.javafx.event.BasicEventDispatcher.dispatchEvent(Ljavafx/event/Event;Ljavafx/event/EventDispatchChain;)Ljavafx/event/Event; (44 bytes) @ 0x000000010eb6f06c [0x000000010eb6ef80+0xec]
J 4589 C2 com.sun.javafx.event.BasicEventDispatcher.dispatchEvent(Ljavafx/event/Event;Ljavafx/event/EventDispatchChain;)Ljavafx/event/Event; (44 bytes) @ 0x000000010eb6f06c [0x000000010eb6ef80+0xec]
J 4479 C2 com.sun.javafx.event.EventDispatchChainImpl.dispatchEvent(Ljavafx/event/Event;)Ljavafx/event/Event; (101 bytes) @ 0x000000010f80c558 [0x000000010f80c4a0+0xb8]
J 3559 C1 com.sun.javafx.event.EventUtil.fireEvent(Ljavafx/event/EventTarget;Ljavafx/event/Event;)Ljavafx/event/Event; (81 bytes) @ 0x000000010f4443fc [0x000000010f443cc0+0x73c]
J 3991 C1 javafx.scene.Scene$MouseHandler.process(Ljavafx/scene/input/MouseEvent;Z)V (735 bytes) @ 0x000000010f6179bc [0x000000010f614ea0+0x2b1c]
J 4467 C1 javafx.scene.Scene$ScenePeerListener.mouseEvent(Ljavafx/event/EventType;DDDDLjavafx/scene/input/MouseButton;ZZZZZZZZZ)V (50 bytes) @ 0x000000010f800374 [0x000000010f8000a0+0x2d4]
J 4462 C1 com.sun.javafx.tk.quantum.GlassViewEventHandler$MouseEventNotification.run()Ljava/lang/Void; (567 bytes) @ 0x000000010f803d5c [0x000000010f802f80+0xddc]
J 4461 C1 com.sun.javafx.tk.quantum.GlassViewEventHandler$MouseEventNotification.run()Ljava/lang/Object; (5 bytes) @ 0x000000010f801a8c [0x000000010f801a00+0x8c]
v  ~StubRoutines::call_stub
V  [libjvm.dylib+0x2ee70a]
V  [libjvm.dylib+0x34ee68]
J 1360  java.security.AccessController.doPrivileged(Ljava/security/PrivilegedAction;Ljava/security/AccessControlContext;)Ljava/lang/Object; (0 bytes) @ 0x000000010edc8cd5 [0x000000010edc8c00+0xd5]
J 4286 C1 com.sun.javafx.tk.quantum.GlassViewEventHandler$$Lambda$227.get()Ljava/lang/Object; (8 bytes) @ 0x000000010ea565a4 [0x000000010ea563c0+0x1e4]
J 4382 C2 com.sun.javafx.tk.quantum.QuantumToolkit.runWithoutRenderLock(Ljava/util/function/Supplier;)Ljava/lang/Object; (49 bytes) @ 0x000000010f7990c0 [0x000000010f799060+0x60]
J 4283 C1 com.sun.javafx.tk.quantum.GlassViewEventHandler.handleMouseEvent(Lcom/sun/glass/ui/View;JIIIIIIIZZ)V (108 bytes) @ 0x000000010ea2e4a4 [0x000000010ea2e080+0x424]
J 4092 C1 com.sun.glass.ui.View.notifyMouse(IIIIIIIZZ)V (221 bytes) @ 0x000000010f66f33c [0x000000010f66e260+0x10dc]
v  ~StubRoutines::call_stub
V  [libjvm.dylib+0x2ee70a]
V  [libjvm.dylib+0x3258b9]
V  [libjvm.dylib+0x318087]
C  [libglass.dylib+0x2055c]  -[GlassViewDelegate sendJavaMouseEvent:]+0x86c
C  [AppKit+0x975836]  -[NSWindow(NSEventRouting) _reallySendEvent:isDelayedEvent:]+0x7a9
C  [AppKit+0x974c70]  -[NSWindow(NSEventRouting) sendEvent:]+0x1f1
...<more frames>...

Java frames: (J=compiled Java code, j=interpreted, Vv=VM code)
j  com.sun.webkit.WebPage.twkUpdateContent(JLcom/sun/webkit/graphics/WCRenderQueue;IIII)V+0
j  com.sun.webkit.WebPage.updateDirty(Lcom/sun/webkit/graphics/WCRectangle;)V+218
j  com.sun.webkit.WebPage.updateContent(Lcom/sun/webkit/graphics/WCRectangle;)V+48
j  com.sun.javafx.sg.prism.web.NGWebView.update()V+68
j  javafx.scene.web.WebView.handleStagePulse()V+40
j  javafx.scene.web.WebView.lambda$new$29()V+1
j  javafx.scene.web.WebView$$Lambda$436.pulse()V+4
J 4383 C1 com.sun.javafx.tk.Toolkit$$Lambda$216.run()Ljava/lang/Object; (8 bytes) @ 0x000000010f78f50c [0x000000010f78f3c0+0x14c]
v  ~StubRoutines::call_stub
J 1360  java.security.AccessController.doPrivileged(Ljava/security/PrivilegedAction;Ljava/security/AccessControlContext;)Ljava/lang/Object; (0 bytes) @ 0x000000010edc8c63 [0x000000010edc8c00+0x63]
J 4624 C1 com.sun.javafx.tk.Toolkit.firePulse()V (279 bytes) @ 0x000000010ed14aa4 [0x000000010ed13840+0x1264]
J 4623 C1 com.sun.javafx.tk.quantum.QuantumToolkit.pulse(Z)V (164 bytes) @ 0x000000010ec5c65c [0x000000010ec5c000+0x65c]
J 4518 C1 com.sun.javafx.tk.quantum.QuantumToolkit$$Lambda$41.run()V (8 bytes) @ 0x000000010f82f70c [0x000000010f82f500+0x20c]
J 4499 C1 com.sun.glass.ui.InvokeLaterDispatcher$Future.run()V (91 bytes) @ 0x000000010f814b94 [0x000000010f814a80+0x114]
v  ~StubRoutines::call_stub
j  com.sun.glass.ui.mac.MacApplication._enterNestedEventLoopImpl()Ljava/lang/Object;+0
j  com.sun.glass.ui.mac.MacApplication._enterNestedEventLoop()Ljava/lang/Object;+15
j  com.sun.glass.ui.Application.enterNestedEventLoop()Ljava/lang/Object;+14
j  com.sun.glass.ui.EventLoop.enter()Ljava/lang/Object;+42
j  com.sun.javafx.tk.quantum.QuantumToolkit.enterNestedEventLoop(Ljava/lang/Object;)Ljava/lang/Object;+107
j  javafx.stage.Stage.showAndWait()V+93
j  djf.ui.dialogs.AppWebDialog.showWebDialog(Ljava/lang/String;)V+50
j  djf.ui.dialogs.AppDialogsFacade.showAboutDialog(Ldjf/AppTemplate;)V+50
j  djf.ui.controllers.AppHelpController.processAboutRequest()V+4
j  djf.modules.AppGUIModule.lambda$initHelpToolbar$14(Ljavafx/event/ActionEvent;)V+4
j  djf.modules.AppGUIModule$$Lambda$96.handle(Ljavafx/event/Event;)V+8
J 4753 C2 com.sun.javafx.event.EventHandlerManager.dispatchBubblingEvent(Ljavafx/event/Event;)Ljavafx/event/Event; (23 bytes) @ 0x000000010ea58310 [0x000000010ea57e00+0x510]
J 4607 C2 com.sun.javafx.event.CompositeEventDispatcher.dispatchBubblingEvent(Ljavafx/event/Event;)Ljavafx/event/Event; (35 bytes) @ 0x000000010ea81ccc [0x000000010ea81c60+0x6c]
J 4589 C2 com.sun.javafx.event.BasicEventDispatcher.dispatchEvent(Ljavafx/event/Event;Ljavafx/event/EventDispatchChain;)Ljavafx/event/Event; (44 bytes) @ 0x000000010eb6f0ac [0x000000010eb6ef80+0x12c]
J 4589 C2 com.sun.javafx.event.BasicEventDispatcher.dispatchEvent(Ljavafx/event/Event;Ljavafx/event/EventDispatchChain;)Ljavafx/event/Event; (44 bytes) @ 0x000000010eb6f06c [0x000000010eb6ef80+0xec]
J 4589 C2 com.sun.javafx.event.BasicEventDispatcher.dispatchEvent(Ljavafx/event/Event;Ljavafx/event/EventDispatchChain;)Ljavafx/event/Event; (44 bytes) @ 0x000000010eb6f06c [0x000000010eb6ef80+0xec]
J 4589 C2 com.sun.javafx.event.BasicEventDispatcher.dispatchEvent(Ljavafx/event/Event;Ljavafx/event/EventDispatchChain;)Ljavafx/event/Event; (44 bytes) @ 0x000000010eb6f06c [0x000000010eb6ef80+0xec]
J 4479 C2 com.sun.javafx.event.EventDispatchChainImpl.dispatchEvent(Ljavafx/event/Event;)Ljavafx/event/Event; (101 bytes) @ 0x000000010f80c558 [0x000000010f80c4a0+0xb8]
J 3559 C1 com.sun.javafx.event.EventUtil.fireEvent(Ljavafx/event/EventTarget;Ljavafx/event/Event;)Ljavafx/event/Event; (81 bytes) @ 0x000000010f4448ac [0x000000010f443cc0+0xbec]
J 3558 C1 javafx.event.Event.fireEvent(Ljavafx/event/EventTarget;Ljavafx/event/Event;)V (35 bytes) @ 0x000000010f437c6c [0x000000010f437ba0+0xcc]
j  javafx.scene.Node.fireEvent(Ljavafx/event/Event;)V+86
j  javafx.scene.control.Button.fire()V+15
j  com.sun.javafx.scene.control.behavior.ButtonBehavior.mouseReleased(Ljavafx/scene/input/MouseEvent;)V+23
j  com.sun.javafx.scene.control.skin.BehaviorSkinBase$1.handle(Ljavafx/scene/input/MouseEvent;)V+83
j  com.sun.javafx.scene.control.skin.BehaviorSkinBase$1.handle(Ljavafx/event/Event;)V+5
J 4757 C1 com.sun.javafx.event.CompositeEventHandler$NormalEventHandlerRecord.handleBubblingEvent(Ljavafx/event/Event;)V (11 bytes) @ 0x000000010ec7fc4c [0x000000010ec7fb40+0x10c]
J 4753 C2 com.sun.javafx.event.EventHandlerManager.dispatchBubblingEvent(Ljavafx/event/Event;)Ljavafx/event/Event; (23 bytes) @ 0x000000010ea581d4 [0x000000010ea57e00+0x3d4]
J 4607 C2 com.sun.javafx.event.CompositeEventDispatcher.dispatchBubblingEvent(Ljavafx/event/Event;)Ljavafx/event/Event; (35 bytes) @ 0x000000010ea81ccc [0x000000010ea81c60+0x6c]
J 4589 C2 com.sun.javafx.event.BasicEventDispatcher.dispatchEvent(Ljavafx/event/Event;Ljavafx/event/EventDispatchChain;)Ljavafx/event/Event; (44 bytes) @ 0x000000010eb6f0ac [0x000000010eb6ef80+0x12c]
J 4589 C2 com.sun.javafx.event.BasicEventDispatcher.dispatchEvent(Ljavafx/event/Event;Ljavafx/event/EventDispatchChain;)Ljavafx/event/Event; (44 bytes) @ 0x000000010eb6f06c [0x000000010eb6ef80+0xec]
J 4589 C2 com.sun.javafx.event.BasicEventDispatcher.dispatchEvent(Ljavafx/event/Event;Ljavafx/event/EventDispatchChain;)Ljavafx/event/Event; (44 bytes) @ 0x000000010eb6f06c [0x000000010eb6ef80+0xec]
J 4589 C2 com.sun.javafx.event.BasicEventDispatcher.dispatchEvent(Ljavafx/event/Event;Ljavafx/event/EventDispatchChain;)Ljavafx/event/Event; (44 bytes) @ 0x000000010eb6f06c [0x000000010eb6ef80+0xec]
J 4479 C2 com.sun.javafx.event.EventDispatchChainImpl.dispatchEvent(Ljavafx/event/Event;)Ljavafx/event/Event; (101 bytes) @ 0x000000010f80c558 [0x000000010f80c4a0+0xb8]
J 3559 C1 com.sun.javafx.event.EventUtil.fireEvent(Ljavafx/event/EventTarget;Ljavafx/event/Event;)Ljavafx/event/Event; (81 bytes) @ 0x000000010f4443fc [0x000000010f443cc0+0x73c]
J 3991 C1 javafx.scene.Scene$MouseHandler.process(Ljavafx/scene/input/MouseEvent;Z)V (735 bytes) @ 0x000000010f6179bc [0x000000010f614ea0+0x2b1c]
J 4467 C1 javafx.scene.Scene$ScenePeerListener.mouseEvent(Ljavafx/event/EventType;DDDDLjavafx/scene/input/MouseButton;ZZZZZZZZZ)V (50 bytes) @ 0x000000010f800374 [0x000000010f8000a0+0x2d4]
J 4462 C1 com.sun.javafx.tk.quantum.GlassViewEventHandler$MouseEventNotification.run()Ljava/lang/Void; (567 bytes) @ 0x000000010f803d5c [0x000000010f802f80+0xddc]
J 4461 C1 com.sun.javafx.tk.quantum.GlassViewEventHandler$MouseEventNotification.run()Ljava/lang/Object; (5 bytes) @ 0x000000010f801a8c [0x000000010f801a00+0x8c]
v  ~StubRoutines::call_stub
J 1360  java.security.AccessController.doPrivileged(Ljava/security/PrivilegedAction;Ljava/security/AccessControlContext;)Ljava/lang/Object; (0 bytes) @ 0x000000010edc8c63 [0x000000010edc8c00+0x63]
J 4286 C1 com.sun.javafx.tk.quantum.GlassViewEventHandler$$Lambda$227.get()Ljava/lang/Object; (8 bytes) @ 0x000000010ea565a4 [0x000000010ea563c0+0x1e4]
J 4382 C2 com.sun.javafx.tk.quantum.QuantumToolkit.runWithoutRenderLock(Ljava/util/function/Supplier;)Ljava/lang/Object; (49 bytes) @ 0x000000010f7990c0 [0x000000010f799060+0x60]
J 4283 C1 com.sun.javafx.tk.quantum.GlassViewEventHandler.handleMouseEvent(Lcom/sun/glass/ui/View;JIIIIIIIZZ)V (108 bytes) @ 0x000000010ea2e4a4 [0x000000010ea2e080+0x424]
J 4092 C1 com.sun.glass.ui.View.notifyMouse(IIIIIIIZZ)V (221 bytes) @ 0x000000010f66f33c [0x000000010f66e260+0x10dc]
v  ~StubRoutines::call_stub

---------------  P R O C E S S  ---------------

Java Threads: ( => current thread )
  0x00007fa56b095000 JavaThread "URL-Loader-20" daemon [_thread_blocked, id=88835, stack(0x000070000a78f000,0x000070000a88f000)]
  0x00007fa567e0d000 JavaThread "URL-Loader-19" daemon [_thread_blocked, id=128771, stack(0x000070000a68c000,0x000070000a78c000)]
  0x00007fa569933000 JavaThread "URL-Loader-18" daemon [_thread_in_native, id=88579, stack(0x000070000a589000,0x000070000a689000)]
  0x00007fa568a07800 JavaThread "URL-Loader-17" daemon [_thread_blocked, id=88323, stack(0x000070000a486000,0x000070000a586000)]
  0x00007fa569c3c000 JavaThread "URL-Loader-16" daemon [_thread_blocked, id=129539, stack(0x000070000a383000,0x000070000a483000)]
  0x00007fa572300800 JavaThread "URL-Loader-15" daemon [_thread_blocked, id=130051, stack(0x000070000a280000,0x000070000a380000)]
  0x00007fa5721f4000 JavaThread "URL-Loader-14" daemon [_thread_blocked, id=130307, stack(0x000070000a17d000,0x000070000a27d000)]
  0x00007fa569f82800 JavaThread "URL-Loader-13" daemon [_thread_blocked, id=130599, stack(0x000070000a07a000,0x000070000a17a000)]
  0x00007fa57220e000 JavaThread "Thread-6" daemon [_thread_in_native, id=87299, stack(0x0000700009ff7000,0x000070000a077000)]
  0x00007fa572866000 JavaThread "URL-Loader-12" daemon [_thread_blocked, id=62735, stack(0x0000700009ef4000,0x0000700009ff4000)]
  0x00007fa5699fd000 JavaThread "URL-Loader-11" daemon [_thread_blocked, id=62215, stack(0x0000700009df1000,0x0000700009ef1000)]
  0x00007fa569a59000 JavaThread "URL-Loader-10" daemon [_thread_blocked, id=62479, stack(0x0000700009cee000,0x0000700009dee000)]
  0x00007fa573c7f800 JavaThread "URL-Loader-9" daemon [_thread_blocked, id=63235, stack(0x0000700009beb000,0x0000700009ceb000)]
  0x00007fa572842000 JavaThread "URL-Loader-8" daemon [_thread_blocked, id=63747, stack(0x0000700009ae8000,0x0000700009be8000)]
  0x00007fa573c7e800 JavaThread "URL-Loader-7" daemon [_thread_blocked, id=61187, stack(0x00007000099e5000,0x0000700009ae5000)]
  0x00007fa573cac800 JavaThread "URL-Loader-6" daemon [_thread_blocked, id=64259, stack(0x00007000098e2000,0x00007000099e2000)]
  0x00007fa573cac000 JavaThread "URL-Loader-5" daemon [_thread_blocked, id=60679, stack(0x00007000097df000,0x00007000098df000)]
  0x00007fa572849800 JavaThread "URL-Loader-4" daemon [_thread_blocked, id=65027, stack(0x00007000096dc000,0x00007000097dc000)]
  0x00007fa573c83800 JavaThread "Keep-Alive-Timer" daemon [_thread_blocked, id=60423, stack(0x00007000095d9000,0x00007000096d9000)]
  0x00007fa573ad1800 JavaThread "URL-Loader-3" daemon [_thread_blocked, id=65823, stack(0x00007000094d6000,0x00007000095d6000)]
  0x00007fa5726b6800 JavaThread "URL-Loader-2" daemon [_thread_blocked, id=70419, stack(0x00007000090c1000,0x00007000091c1000)]
  0x00007fa5726b7800 JavaThread "URL-Loader-1" daemon [_thread_blocked, id=36883, stack(0x0000700008fbe000,0x00007000090be000)]
  0x00007fa5722cc800 JavaThread "Disposer" daemon [_thread_blocked, id=3351, stack(0x0000700008ebb000,0x0000700008fbb000)]
  0x00007fa568981800 JavaThread "Prism Font Disposer" daemon [_thread_blocked, id=77199, stack(0x0000700008cb2000,0x0000700008db2000)]
  0x00007fa567976000 JavaThread "Java2D Queue Flusher" daemon [_thread_blocked, id=78087, stack(0x0000700008baf000,0x0000700008caf000)]
  0x00007fa567961800 JavaThread "Java2D Disposer" daemon [_thread_blocked, id=79111, stack(0x0000700008aac000,0x0000700008bac000)]
  0x00007fa568855800 JavaThread "JavaFX-Launcher" [_thread_blocked, id=79875, stack(0x00007000089a9000,0x0000700008aa9000)]
  0x00007fa56b801000 JavaThread "Thread-3" daemon [_thread_in_native, id=32515, stack(0x0000700008820000,0x00007000088a0000)]
=>0x00007fa5678f9800 JavaThread "JavaFX Application Thread" [_thread_in_native, id=775, stack(0x00007ffeebd48000,0x00007ffeec548000)]
  0x00007fa5678f8800 JavaThread "Thread-1" daemon [_thread_blocked, id=25859, stack(0x000070000871d000,0x000070000881d000)]
  0x00007fa56881a800 JavaThread "QuantumRenderer-0" daemon [_thread_blocked, id=21763, stack(0x000070000861a000,0x000070000871a000)]
  0x00007fa567813800 JavaThread "Service Thread" daemon [_thread_blocked, id=16643, stack(0x0000700008414000,0x0000700008514000)]
  0x00007fa56983f800 JavaThread "C1 CompilerThread3" daemon [_thread_blocked, id=16387, stack(0x0000700008311000,0x0000700008411000)]
  0x00007fa567808800 JavaThread "C2 CompilerThread2" daemon [_thread_blocked, id=16131, stack(0x000070000820e000,0x000070000830e000)]
  0x00007fa56983f000 JavaThread "C2 CompilerThread1" daemon [_thread_blocked, id=18179, stack(0x000070000810b000,0x000070000820b000)]
  0x00007fa56800b800 JavaThread "C2 CompilerThread0" daemon [_thread_blocked, id=15363, stack(0x0000700008008000,0x0000700008108000)]
  0x00007fa568034000 JavaThread "Signal Dispatcher" daemon [_thread_blocked, id=14855, stack(0x0000700007f05000,0x0000700008005000)]
  0x00007fa569823000 JavaThread "Finalizer" daemon [_thread_blocked, id=19715, stack(0x0000700007e02000,0x0000700007f02000)]
  0x00007fa569820000 JavaThread "Reference Handler" daemon [_thread_blocked, id=12547, stack(0x0000700007cff000,0x0000700007dff000)]
  0x00007fa569801800 JavaThread "main" [_thread_blocked, id=10243, stack(0x00007000072e1000,0x00007000073e1000)]

Other Threads:
  0x00007fa568031800 VMThread [stack: 0x0000700007bfc000,0x0000700007cfc000] [id=19971]
  0x00007fa567814000 WatcherThread [stack: 0x0000700008517000,0x0000700008617000] [id=17411]

VM state:not at safepoint (normal execution)

VM Mutex/Monitor currently owned by a thread: None

Heap:
 PSYoungGen      total 142336K, used 98767K [0x000000076ab00000, 0x0000000774880000, 0x00000007c0000000)
  eden space 125440K, 75% used [0x000000076ab00000,0x0000000770758348,0x0000000772580000)
  from space 16896K, 24% used [0x0000000773680000,0x0000000773a9bc68,0x0000000774700000)
  to   space 17408K, 0% used [0x0000000772580000,0x0000000772580000,0x0000000773680000)
 ParOldGen       total 74752K, used 32612K [0x00000006c0000000, 0x00000006c4900000, 0x000000076ab00000)
  object space 74752K, 43% used [0x00000006c0000000,0x00000006c1fd93f0,0x00000006c4900000)
 Metaspace       used 31511K, capacity 33232K, committed 33536K, reserved 1079296K
  class space    used 4200K, capacity 4508K, committed 4608K, reserved 1048576K

Card table byte_map: [0x0000000105b67000,0x0000000106368000] byte_map_base: 0x0000000102567000

Marking Bits: (ParMarkBitMap*) 0x00000001050f35d0
 Begin Bits: [0x000000011d92d000, 0x000000012192d000)
 End Bits:   [0x000000012192d000, 0x000000012592d000)

Polling page: 0x000000010373c000

CodeCache: size=245760Kb used=15115Kb max_used=15562Kb free=230645Kb
 bounds [0x000000010e92d000, 0x000000010f87d000, 0x000000011d92d000]
 total_blobs=5799 nmethods=4912 adapters=799
 compilation: enabled

Compilation events (10 events):
Event: 637.180 Thread 0x00007fa56983f800 6079       3       java.util.Calendar::isExternallySet (16 bytes)
Event: 637.180 Thread 0x00007fa56983f800 nmethod 6079 0x000000010f6e82d0 code [0x000000010f6e8440, 0x000000010f6e8610]
Event: 637.181 Thread 0x00007fa56983f800 6076  s!   3       sun.net.www.protocol.http.HttpURLConnection::getInputStream (56 bytes)
Event: 637.181 Thread 0x00007fa56983f800 nmethod 6076 0x000000010f823c90 code [0x000000010f823e60, 0x000000010f824758]
Event: 637.181 Thread 0x00007fa56983f800 6077   !   3       sun.net.www.protocol.http.HttpURLConnection$HttpInputStream::read (136 bytes)
Event: 637.182 Thread 0x00007fa56983f800 nmethod 6077 0x000000010eab1890 code [0x000000010eab1a60, 0x000000010eab21f8]
Event: 637.182 Thread 0x00007fa56983f800 6081       1       java.util.Calendar::getFirstDayOfWeek (5 bytes)
Event: 637.182 Thread 0x00007fa56983f800 nmethod 6081 0x000000010ededb50 code [0x000000010ededca0, 0x000000010ededdb0]
Event: 637.182 Thread 0x00007fa56983f800 6082       1       java.util.Calendar::getMinimalDaysInFirstWeek (5 bytes)
Event: 637.182 Thread 0x00007fa56983f800 nmethod 6082 0x000000010ed47c90 code [0x000000010ed47de0, 0x000000010ed47ef0]

GC Heap History (10 events):
Event: 532.888 GC heap before
{Heap before GC invocations=5 (full 1):
 PSYoungGen      total 76288K, used 75800K [0x000000076ab00000, 0x0000000770000000, 0x00000007c0000000)
  eden space 65536K, 100% used [0x000000076ab00000,0x000000076eb00000,0x000000076eb00000)
  from space 10752K, 95% used [0x000000076eb00000,0x000000076f506010,0x000000076f580000)
  to   space 10752K, 0% used [0x000000076f580000,0x000000076f580000,0x0000000770000000)
 ParOldGen       total 74752K, used 15473K [0x00000006c0000000, 0x00000006c4900000, 0x000000076ab00000)
  object space 74752K, 20% used [0x00000006c0000000,0x00000006c0f1c578,0x00000006c4900000)
 Metaspace       used 24817K, capacity 26218K, committed 26496K, reserved 1073152K
  class space    used 3371K, capacity 3643K, committed 3712K, reserved 1048576K
Event: 532.895 GC heap after
Heap after GC invocations=5 (full 1):
 PSYoungGen      total 76288K, used 10200K [0x000000076ab00000, 0x0000000770000000, 0x00000007c0000000)
  eden space 65536K, 0% used [0x000000076ab00000,0x000000076ab00000,0x000000076eb00000)
  from space 10752K, 94% used [0x000000076f580000,0x000000076ff76010,0x0000000770000000)
  to   space 10752K, 0% used [0x000000076eb00000,0x000000076eb00000,0x000000076f580000)
 ParOldGen       total 74752K, used 18705K [0x00000006c0000000, 0x00000006c4900000, 0x000000076ab00000)
  object space 74752K, 25% used [0x00000006c0000000,0x00000006c1244588,0x00000006c4900000)
 Metaspace       used 24817K, capacity 26218K, committed 26496K, reserved 1073152K
  class space    used 3371K, capacity 3643K, committed 3712K, reserved 1048576K
}
Event: 636.516 GC heap before
{Heap before GC invocations=6 (full 1):
 PSYoungGen      total 76288K, used 75726K [0x000000076ab00000, 0x0000000770000000, 0x00000007c0000000)
  eden space 65536K, 99% used [0x000000076ab00000,0x000000076eafda10,0x000000076eb00000)
  from space 10752K, 94% used [0x000000076f580000,0x000000076ff76010,0x0000000770000000)
  to   space 10752K, 0% used [0x000000076eb00000,0x000000076eb00000,0x000000076f580000)
 ParOldGen       total 74752K, used 18705K [0x00000006c0000000, 0x00000006c4900000, 0x000000076ab00000)
  object space 74752K, 25% used [0x00000006c0000000,0x00000006c1244588,0x00000006c4900000)
 Metaspace       used 30976K, capacity 32616K, committed 32896K, reserved 1077248K
  class space    used 4150K, capacity 4458K, committed 4480K, reserved 1048576K
Event: 636.525 GC heap after
Heap after GC invocations=6 (full 1):
 PSYoungGen      total 74752K, used 10741K [0x000000076ab00000, 0x0000000770880000, 0x00000007c0000000)
  eden space 64000K, 0% used [0x000000076ab00000,0x000000076ab00000,0x000000076e980000)
  from space 10752K, 99% used [0x000000076eb00000,0x000000076f57d710,0x000000076f580000)
  to   space 15872K, 0% used [0x000000076f900000,0x000000076f900000,0x0000000770880000)
 ParOldGen       total 74752K, used 26172K [0x00000006c0000000, 0x00000006c4900000, 0x000000076ab00000)
  object space 74752K, 35% used [0x00000006c0000000,0x00000006c198f3f0,0x00000006c4900000)
 Metaspace       used 30976K, capacity 32616K, committed 32896K, reserved 1077248K
  class space    used 4150K, capacity 4458K, committed 4480K, reserved 1048576K
}
Event: 636.541 GC heap before
{Heap before GC invocations=7 (full 1):
 PSYoungGen      total 74752K, used 74649K [0x000000076ab00000, 0x0000000770880000, 0x00000007c0000000)
  eden space 64000K, 99% used [0x000000076ab00000,0x000000076e968f70,0x000000076e980000)
  from space 10752K, 99% used [0x000000076eb00000,0x000000076f57d710,0x000000076f580000)
  to   space 15872K, 0% used [0x000000076f900000,0x000000076f900000,0x0000000770880000)
 ParOldGen       total 74752K, used 26172K [0x00000006c0000000, 0x00000006c4900000, 0x000000076ab00000)
  object space 74752K, 35% used [0x00000006c0000000,0x00000006c198f3f0,0x00000006c4900000)
 Metaspace       used 30985K, capacity 32618K, committed 32896K, reserved 1077248K
  class space    used 4152K, capacity 4459K, committed 4480K, reserved 1048576K
Event: 636.547 GC heap after
Heap after GC invocations=7 (full 1):
 PSYoungGen      total 79872K, used 10352K [0x000000076ab00000, 0x0000000774300000, 0x00000007c0000000)
  eden space 64000K, 0% used [0x000000076ab00000,0x000000076ab00000,0x000000076e980000)
  from space 15872K, 65% used [0x000000076f900000,0x000000077031c048,0x0000000770880000)
  to   space 15872K, 0% used [0x000000076e980000,0x000000076e980000,0x000000076f900000)
 ParOldGen       total 74752K, used 26180K [0x00000006c0000000, 0x00000006c4900000, 0x000000076ab00000)
  object space 74752K, 35% used [0x00000006c0000000,0x00000006c19913f0,0x00000006c4900000)
 Metaspace       used 30985K, capacity 32618K, committed 32896K, reserved 1077248K
  class space    used 4152K, capacity 4459K, committed 4480K, reserved 1048576K
}
Event: 636.555 GC heap before
{Heap before GC invocations=8 (full 1):
 PSYoungGen      total 79872K, used 74234K [0x000000076ab00000, 0x0000000774300000, 0x00000007c0000000)
  eden space 64000K, 99% used [0x000000076ab00000,0x000000076e9629a0,0x000000076e980000)
  from space 15872K, 65% used [0x000000076f900000,0x000000077031c048,0x0000000770880000)
  to   space 15872K, 0% used [0x000000076e980000,0x000000076e980000,0x000000076f900000)
 ParOldGen       total 74752K, used 26180K [0x00000006c0000000, 0x00000006c4900000, 0x000000076ab00000)
  object space 74752K, 35% used [0x00000006c0000000,0x00000006c19913f0,0x00000006c4900000)
 Metaspace       used 30985K, capacity 32618K, committed 32896K, reserved 1077248K
  class space    used 4152K, capacity 4459K, committed 4480K, reserved 1048576K
Event: 636.560 GC heap after
Heap after GC invocations=8 (full 1):
 PSYoungGen      total 79872K, used 4086K [0x000000076ab00000, 0x0000000774700000, 0x00000007c0000000)
  eden space 64000K, 0% used [0x000000076ab00000,0x000000076ab00000,0x000000076e980000)
  from space 15872K, 25% used [0x000000076e980000,0x000000076ed7db40,0x000000076f900000)
  to   space 16896K, 0% used [0x0000000773680000,0x0000000773680000,0x0000000774700000)
 ParOldGen       total 74752K, used 32492K [0x00000006c0000000, 0x00000006c4900000, 0x000000076ab00000)
  object space 74752K, 43% used [0x00000006c0000000,0x00000006c1fbb3f0,0x00000006c4900000)
 Metaspace       used 30985K, capacity 32618K, committed 32896K, reserved 1077248K
  class space    used 4152K, capacity 4459K, committed 4480K, reserved 1048576K
}
Event: 636.568 GC heap before
{Heap before GC invocations=9 (full 1):
 PSYoungGen      total 79872K, used 68086K [0x000000076ab00000, 0x0000000774700000, 0x00000007c0000000)
  eden space 64000K, 99% used [0x000000076ab00000,0x000000076e97fd90,0x000000076e980000)
  from space 15872K, 25% used [0x000000076e980000,0x000000076ed7db40,0x000000076f900000)
  to   space 16896K, 0% used [0x0000000773680000,0x0000000773680000,0x0000000774700000)
 ParOldGen       total 74752K, used 32492K [0x00000006c0000000, 0x00000006c4900000, 0x000000076ab00000)
  object space 74752K, 43% used [0x00000006c0000000,0x00000006c1fbb3f0,0x00000006c4900000)
 Metaspace       used 30985K, capacity 32618K, committed 32896K, reserved 1077248K
  class space    used 4152K, capacity 4459K, committed 4480K, reserved 1048576K
Event: 636.570 GC heap after
Heap after GC invocations=9 (full 1):
 PSYoungGen      total 142336K, used 4207K [0x000000076ab00000, 0x0000000774880000, 0x00000007c0000000)
  eden space 125440K, 0% used [0x000000076ab00000,0x000000076ab00000,0x0000000772580000)
  from space 16896K, 24% used [0x0000000773680000,0x0000000773a9bc68,0x0000000774700000)
  to   space 17408K, 0% used [0x0000000772580000,0x0000000772580000,0x0000000773680000)
 ParOldGen       total 74752K, used 32612K [0x00000006c0000000, 0x00000006c4900000, 0x000000076ab00000)
  object space 74752K, 43% used [0x00000006c0000000,0x00000006c1fd93f0,0x00000006c4900000)
 Metaspace       used 30985K, capacity 32618K, committed 32896K, reserved 1077248K
  class space    used 4152K, capacity 4459K, committed 4480K, reserved 1048576K
}

Deoptimization events (10 events):
Event: 637.031 Thread 0x00007fa56881a800 Uncommon trap: reason=class_check action=maybe_recompile pc=0x000000010f714b48 method=com.sun.scenario.effect.impl.prism.ps.PPSLinearConvolveShadowPeer.getOffset()[F @ 4
Event: 637.033 Thread 0x00007fa56881a800 Uncommon trap: reason=class_check action=maybe_recompile pc=0x000000010f6fa27c method=com.sun.scenario.effect.impl.prism.ps.PPSLinearConvolveShadowPeer.getResultBounds(Lcom/sun/javafx/geom/transform/BaseTransform;Lcom/sun/javafx/geom/Rectangle;[Lcom/sun/s
Event: 637.033 Thread 0x00007fa56881a800 Uncommon trap: reason=class_check action=maybe_recompile pc=0x000000010f714b48 method=com.sun.scenario.effect.impl.prism.ps.PPSLinearConvolveShadowPeer.getOffset()[F @ 4
Event: 637.066 Thread 0x00007fa56881a800 Uncommon trap: reason=class_check action=maybe_recompile pc=0x000000010f6f6f74 method=com.sun.scenario.effect.impl.prism.ps.PPSLinearConvolveShadowPeer.getResultBounds(Lcom/sun/javafx/geom/transform/BaseTransform;Lcom/sun/javafx/geom/Rectangle;[Lcom/sun/s
Event: 637.066 Thread 0x00007fa56881a800 Uncommon trap: reason=class_check action=maybe_recompile pc=0x000000010f6fd3ac method=com.sun.scenario.effect.impl.prism.ps.PPSLinearConvolveShadowPeer.getOffset()[F @ 4
Event: 637.104 Thread 0x00007fa56881a800 Uncommon trap: reason=unstable_if action=reinterpret pc=0x000000010f64f784 method=com.sun.javafx.geom.RectBounds.intersectWith(FFFF)V @ 18
Event: 637.105 Thread 0x00007fa56881a800 Uncommon trap: reason=unstable_if action=reinterpret pc=0x000000010ea42d9c method=com.sun.prism.impl.shape.BasicRoundRectRep.fillRoundRect(Lcom/sun/prism/Graphics;Lcom/sun/javafx/geom/RoundRectangle2D;)V @ 32
Event: 637.105 Thread 0x00007fa56881a800 Uncommon trap: reason=unstable_if action=reinterpret pc=0x000000010f46349c method=com.sun.prism.impl.ps.BaseShaderGraphics.fillRoundRect(FFFFFF)V @ 77
Event: 637.153 Thread 0x00007fa5678f9800 Uncommon trap: reason=unstable_if action=reinterpret pc=0x000000010f1ce4d8 method=com.sun.javafx.image.impl.ByteBgra$ToByteBgraPreConv.doConvert([BII[BIIII)V @ 31
Event: 637.153 Thread 0x00007fa5678f9800 Uncommon trap: reason=unstable_if action=reinterpret pc=0x000000010f3df360 method=com.sun.javafx.image.impl.BaseByteToByteConverter$FourByteReorderer.doConvert([BII[BIIII)V @ 31

Internal exceptions (10 events):
Event: 626.348 Thread 0x00007fa56881a800 Implicit null exception at 0x000000010f2e3143 to 0x000000010f2e376d
Event: 634.162 Thread 0x00007fa5678f9800 Exception <a 'sun/nio/fs/UnixException'> (0x000000076ce461e0) thrown at [/Users/java_re/workspace/8-2-build-macosx-x86_64/jdk8u144/9417/hotspot/src/share/vm/prims/jni.cpp, line 709]
Event: 634.165 Thread 0x00007fa5678f9800 Exception <a 'sun/nio/fs/UnixException'> (0x000000076ce483e0) thrown at [/Users/java_re/workspace/8-2-build-macosx-x86_64/jdk8u144/9417/hotspot/src/share/vm/prims/jni.cpp, line 709]
Event: 634.270 Thread 0x00007fa56881a800 Implicit null exception at 0x000000010f6b360c to 0x000000010f6b3859
Event: 636.928 Thread 0x00007fa57220e000 Exception <a 'sun/nio/fs/UnixException'> (0x000000076f94a178) thrown at [/Users/java_re/workspace/8-2-build-macosx-x86_64/jdk8u144/9417/hotspot/src/share/vm/prims/jni.cpp, line 709]
Event: 636.968 Thread 0x00007fa56881a800 Implicit null exception at 0x000000010f55dce0 to 0x000000010f55ddb9
Event: 637.002 Thread 0x00007fa569c3c000 Exception <a 'sun/net/ConnectionResetException': Connection reset> (0x000000076fd64e18) thrown at [/Users/java_re/workspace/8-2-build-macosx-x86_64/jdk8u144/9417/hotspot/src/share/vm/prims/jni.cpp, line 735]
Event: 637.003 Thread 0x00007fa569c3c000 Exception <a 'java/net/SocketException'> (0x000000076fd656e8) thrown at [/Users/java_re/workspace/8-2-build-macosx-x86_64/jdk8u144/9417/hotspot/src/share/vm/prims/jni.cpp, line 709]
Event: 637.011 Thread 0x00007fa569c3c000 Exception <a 'sun/net/ConnectionResetException': Connection reset> (0x000000077017dc38) thrown at [/Users/java_re/workspace/8-2-build-macosx-x86_64/jdk8u144/9417/hotspot/src/share/vm/prims/jni.cpp, line 735]
Event: 637.011 Thread 0x00007fa569c3c000 Exception <a 'java/net/SocketException'> (0x000000077017e3b0) thrown at [/Users/java_re/workspace/8-2-build-macosx-x86_64/jdk8u144/9417/hotspot/src/share/vm/prims/jni.cpp, line 709]

Events (10 events):
Event: 637.158 Executing VM operation: RevokeBias done
Event: 637.159 Executing VM operation: RevokeBias
Event: 637.159 Executing VM operation: RevokeBias done
Event: 637.161 Thread 0x00007fa56983f000 flushing nmethod 0x000000010eab0d90
Event: 637.180 Thread 0x00007fa56983f800 flushing nmethod 0x000000010ed40790
Event: 637.180 Thread 0x00007fa56983f800 flushing nmethod 0x000000010ed47110
Event: 637.180 Thread 0x00007fa56983f800 flushing nmethod 0x000000010ed47b90
Event: 637.180 Thread 0x00007fa56983f800 flushing nmethod 0x000000010ededb50
Event: 637.181 Thread 0x00007fa56983f800 flushing nmethod 0x000000010eec4490
Event: 637.182 Thread 0x00007fa56983f800 flushing nmethod 0x000000010f1ca790


Dynamic libraries:
0x000000002f405000 	/System/Library/Frameworks/Cocoa.framework/Versions/A/Cocoa
0x000000002f405000 	/System/Library/Frameworks/Security.framework/Versions/A/Security
0x000000002f405000 	/System/Library/Frameworks/ApplicationServices.framework/Versions/A/ApplicationServices
0x000000002f405000 	/usr/lib/libz.1.dylib
0x000000002f405000 	/usr/lib/libSystem.B.dylib
0x000000002f405000 	/usr/lib/libobjc.A.dylib
0x000000002f405000 	/System/Library/Frameworks/CoreFoundation.framework/Versions/A/CoreFoundation
0x000000002f405000 	/System/Library/Frameworks/Foundation.framework/Versions/C/Foundation
0x000000002f405000 	/System/Library/Frameworks/AppKit.framework/Versions/C/AppKit
0x000000002f405000 	/System/Library/Frameworks/CoreData.framework/Versions/A/CoreData
0x000000002f405000 	/System/Library/PrivateFrameworks/RemoteViewServices.framework/Versions/A/RemoteViewServices
0x000000002f405000 	/System/Library/PrivateFrameworks/UIFoundation.framework/Versions/A/UIFoundation
0x000000002f405000 	/System/Library/PrivateFrameworks/DFRFoundation.framework/Versions/A/DFRFoundation
0x000000002f405000 	/System/Library/Frameworks/Metal.framework/Versions/A/Metal
0x000000002f405000 	/System/Library/PrivateFrameworks/DesktopServicesPriv.framework/Versions/A/DesktopServicesPriv
0x000000002f405000 	/usr/lib/libenergytrace.dylib
0x000000002f405000 	/System/Library/PrivateFrameworks/SkyLight.framework/Versions/A/SkyLight
0x000000002f405000 	/System/Library/Frameworks/CoreGraphics.framework/Versions/A/CoreGraphics
0x000000002f405000 	/usr/lib/libScreenReader.dylib
0x000000002f405000 	/System/Library/Frameworks/Accelerate.framework/Versions/A/Accelerate
0x000000002f405000 	/System/Library/Frameworks/IOSurface.framework/Versions/A/IOSurface
0x000000002f405000 	/System/Library/Frameworks/AudioToolbox.framework/Versions/A/AudioToolbox
0x000000002f405000 	/System/Library/Frameworks/AudioUnit.framework/Versions/A/AudioUnit
0x000000002f405000 	/System/Library/PrivateFrameworks/DataDetectorsCore.framework/Versions/A/DataDetectorsCore
0x000000002f405000 	/System/Library/Frameworks/Carbon.framework/Versions/A/Frameworks/HIToolbox.framework/Versions/A/HIToolbox
0x000000002f405000 	/usr/lib/libicucore.A.dylib
0x000000002f405000 	/System/Library/Frameworks/QuartzCore.framework/Versions/A/QuartzCore
0x000000002f405000 	/System/Library/PrivateFrameworks/SignpostNotification.framework/Versions/A/SignpostNotification
0x000000002f405000 	/System/Library/Frameworks/Carbon.framework/Versions/A/Frameworks/SpeechRecognition.framework/Versions/A/SpeechRecognition
0x000000002f405000 	/usr/lib/libauto.dylib
0x000000002f405000 	/usr/lib/libxml2.2.dylib
0x000000002f405000 	/System/Library/PrivateFrameworks/CoreUI.framework/Versions/A/CoreUI
0x000000002f405000 	/System/Library/Frameworks/CoreAudio.framework/Versions/A/CoreAudio
0x000000002f405000 	/System/Library/Frameworks/DiskArbitration.framework/Versions/A/DiskArbitration
0x000000002f405000 	/usr/lib/liblangid.dylib
0x000000002f405000 	/System/Library/PrivateFrameworks/MultitouchSupport.framework/Versions/A/MultitouchSupport
0x000000002f405000 	/System/Library/Frameworks/IOKit.framework/Versions/A/IOKit
0x000000002f405000 	/usr/lib/libDiagnosticMessagesClient.dylib
0x000000002f405000 	/System/Library/Frameworks/CoreServices.framework/Versions/A/CoreServices
0x000000002f405000 	/System/Library/PrivateFrameworks/PerformanceAnalysis.framework/Versions/A/PerformanceAnalysis
0x000000002f405000 	/System/Library/Frameworks/OpenGL.framework/Versions/A/OpenGL
0x000000002f405000 	/System/Library/Frameworks/ColorSync.framework/Versions/A/ColorSync
0x000000002f405000 	/System/Library/Frameworks/CoreImage.framework/Versions/A/CoreImage
0x000000002f405000 	/System/Library/Frameworks/CoreText.framework/Versions/A/CoreText
0x000000002f405000 	/System/Library/Frameworks/ImageIO.framework/Versions/A/ImageIO
0x000000002f405000 	/System/Library/PrivateFrameworks/Backup.framework/Versions/A/Backup
0x000000002f405000 	/usr/lib/libarchive.2.dylib
0x000000002f405000 	/System/Library/Frameworks/CFNetwork.framework/Versions/A/CFNetwork
0x000000002f405000 	/System/Library/Frameworks/SystemConfiguration.framework/Versions/A/SystemConfiguration
0x000000002f405000 	/usr/lib/libCRFSuite.dylib
0x000000002f405000 	/usr/lib/libc++.1.dylib
0x000000002f405000 	/usr/lib/libc++abi.dylib
0x000000002f405000 	/usr/lib/system/libcache.dylib
0x000000002f405000 	/usr/lib/system/libcommonCrypto.dylib
0x000000002f405000 	/usr/lib/system/libcompiler_rt.dylib
0x000000002f405000 	/usr/lib/system/libcopyfile.dylib
0x000000002f405000 	/usr/lib/system/libcorecrypto.dylib
0x000000002f405000 	/usr/lib/system/libdispatch.dylib
0x000000002f405000 	/usr/lib/system/libdyld.dylib
0x000000002f405000 	/usr/lib/system/libkeymgr.dylib
0x000000002f405000 	/usr/lib/system/liblaunch.dylib
0x000000002f405000 	/usr/lib/system/libmacho.dylib
0x000000002f405000 	/usr/lib/system/libquarantine.dylib
0x000000002f405000 	/usr/lib/system/libremovefile.dylib
0x000000002f405000 	/usr/lib/system/libsystem_asl.dylib
0x000000002f405000 	/usr/lib/system/libsystem_blocks.dylib
0x000000002f405000 	/usr/lib/system/libsystem_c.dylib
0x000000002f405000 	/usr/lib/system/libsystem_configuration.dylib
0x000000002f405000 	/usr/lib/system/libsystem_coreservices.dylib
0x000000002f405000 	/usr/lib/system/libsystem_darwin.dylib
0x000000002f405000 	/usr/lib/system/libsystem_dnssd.dylib
0x000000002f405000 	/usr/lib/system/libsystem_info.dylib
0x000000002f405000 	/usr/lib/system/libsystem_m.dylib
0x000000002f405000 	/usr/lib/system/libsystem_malloc.dylib
0x000000002f405000 	/usr/lib/system/libsystem_network.dylib
0x000000002f405000 	/usr/lib/system/libsystem_networkextension.dylib
0x000000002f405000 	/usr/lib/system/libsystem_notify.dylib
0x000000002f405000 	/usr/lib/system/libsystem_sandbox.dylib
0x000000002f405000 	/usr/lib/system/libsystem_secinit.dylib
0x000000002f405000 	/usr/lib/system/libsystem_kernel.dylib
0x000000002f405000 	/usr/lib/system/libsystem_platform.dylib
0x000000002f405000 	/usr/lib/system/libsystem_pthread.dylib
0x000000002f405000 	/usr/lib/system/libsystem_symptoms.dylib
0x000000002f405000 	/usr/lib/system/libsystem_trace.dylib
0x000000002f405000 	/usr/lib/system/libunwind.dylib
0x000000002f405000 	/usr/lib/system/libxpc.dylib
0x000000002f405000 	/usr/lib/closure/libclosured.dylib
0x000000002f405000 	/usr/lib/libbsm.0.dylib
0x000000002f405000 	/usr/lib/system/libkxld.dylib
0x000000002f405000 	/usr/lib/libOpenScriptingUtil.dylib
0x000000002f405000 	/usr/lib/libcoretls.dylib
0x000000002f405000 	/usr/lib/libcoretls_cfhelpers.dylib
0x000000002f405000 	/usr/lib/libpam.2.dylib
0x000000002f405000 	/usr/lib/libsqlite3.dylib
0x000000002f405000 	/usr/lib/libxar.1.dylib
0x000000002f405000 	/usr/lib/libbz2.1.0.dylib
0x000000002f405000 	/usr/lib/liblzma.5.dylib
0x000000002f405000 	/usr/lib/libnetwork.dylib
0x000000002f405000 	/usr/lib/libapple_nghttp2.dylib
0x000000002f405000 	/usr/lib/libpcap.A.dylib
0x000000002f405000 	/usr/lib/libboringssl.dylib
0x000000002f405000 	/usr/lib/libusrtcp.dylib
0x000000002f405000 	/usr/lib/libapple_crypto.dylib
0x000000002f405000 	/System/Library/Frameworks/CoreServices.framework/Versions/A/Frameworks/FSEvents.framework/Versions/A/FSEvents
0x000000002f405000 	/System/Library/Frameworks/CoreServices.framework/Versions/A/Frameworks/CarbonCore.framework/Versions/A/CarbonCore
0x000000002f405000 	/System/Library/Frameworks/CoreServices.framework/Versions/A/Frameworks/Metadata.framework/Versions/A/Metadata
0x000000002f405000 	/System/Library/Frameworks/CoreServices.framework/Versions/A/Frameworks/OSServices.framework/Versions/A/OSServices
0x000000002f405000 	/System/Library/Frameworks/CoreServices.framework/Versions/A/Frameworks/SearchKit.framework/Versions/A/SearchKit
0x000000002f405000 	/System/Library/Frameworks/CoreServices.framework/Versions/A/Frameworks/AE.framework/Versions/A/AE
0x000000002f405000 	/System/Library/Frameworks/CoreServices.framework/Versions/A/Frameworks/LaunchServices.framework/Versions/A/LaunchServices
0x000000002f405000 	/System/Library/Frameworks/CoreServices.framework/Versions/A/Frameworks/DictionaryServices.framework/Versions/A/DictionaryServices
0x000000002f405000 	/System/Library/Frameworks/CoreServices.framework/Versions/A/Frameworks/SharedFileList.framework/Versions/A/SharedFileList
0x000000002f405000 	/System/Library/Frameworks/NetFS.framework/Versions/A/NetFS
0x000000002f405000 	/System/Library/PrivateFrameworks/NetAuth.framework/Versions/A/NetAuth
0x000000002f405000 	/System/Library/PrivateFrameworks/login.framework/Versions/A/Frameworks/loginsupport.framework/Versions/A/loginsupport
0x000000002f405000 	/System/Library/PrivateFrameworks/TCC.framework/Versions/A/TCC
0x000000002f405000 	/usr/lib/libmecabra.dylib
0x000000002f405000 	/System/Library/Frameworks/ApplicationServices.framework/Versions/A/Frameworks/ATS.framework/Versions/A/ATS
0x000000002f405000 	/System/Library/Frameworks/ApplicationServices.framework/Versions/A/Frameworks/ColorSyncLegacy.framework/Versions/A/ColorSyncLegacy
0x000000002f405000 	/System/Library/Frameworks/ApplicationServices.framework/Versions/A/Frameworks/HIServices.framework/Versions/A/HIServices
0x000000002f405000 	/System/Library/Frameworks/ApplicationServices.framework/Versions/A/Frameworks/LangAnalysis.framework/Versions/A/LangAnalysis
0x000000002f405000 	/System/Library/Frameworks/ApplicationServices.framework/Versions/A/Frameworks/PrintCore.framework/Versions/A/PrintCore
0x000000002f405000 	/System/Library/Frameworks/ApplicationServices.framework/Versions/A/Frameworks/QD.framework/Versions/A/QD
0x000000002f405000 	/System/Library/Frameworks/ApplicationServices.framework/Versions/A/Frameworks/SpeechSynthesis.framework/Versions/A/SpeechSynthesis
0x000000002f405000 	/System/Library/Frameworks/CoreDisplay.framework/Versions/A/CoreDisplay
0x000000002f405000 	/System/Library/Frameworks/Accelerate.framework/Versions/A/Frameworks/vImage.framework/Versions/A/vImage
0x000000002f405000 	/System/Library/Frameworks/Accelerate.framework/Versions/A/Frameworks/vecLib.framework/Versions/A/vecLib
0x000000002f405000 	/System/Library/Frameworks/Accelerate.framework/Versions/A/Frameworks/vecLib.framework/Versions/A/libvDSP.dylib
0x000000002f405000 	/System/Library/Frameworks/Accelerate.framework/Versions/A/Frameworks/vecLib.framework/Versions/A/libBNNS.dylib
0x000000002f405000 	/System/Library/Frameworks/Accelerate.framework/Versions/A/Frameworks/vecLib.framework/Versions/A/libQuadrature.dylib
0x000000002f405000 	/System/Library/Frameworks/Accelerate.framework/Versions/A/Frameworks/vecLib.framework/Versions/A/libvMisc.dylib
0x000000002f405000 	/System/Library/Frameworks/Accelerate.framework/Versions/A/Frameworks/vecLib.framework/Versions/A/libLAPACK.dylib
0x000000002f405000 	/System/Library/Frameworks/Accelerate.framework/Versions/A/Frameworks/vecLib.framework/Versions/A/libBLAS.dylib
0x000000002f405000 	/System/Library/Frameworks/Accelerate.framework/Versions/A/Frameworks/vecLib.framework/Versions/A/libLinearAlgebra.dylib
0x000000002f405000 	/System/Library/Frameworks/Accelerate.framework/Versions/A/Frameworks/vecLib.framework/Versions/A/libSparse.dylib
0x000000002f405000 	/System/Library/Frameworks/Accelerate.framework/Versions/A/Frameworks/vecLib.framework/Versions/A/libSparseBLAS.dylib
0x000000002f405000 	/System/Library/PrivateFrameworks/GPUWrangler.framework/Versions/A/GPUWrangler
0x000000002f405000 	/System/Library/PrivateFrameworks/IOAccelerator.framework/Versions/A/IOAccelerator
0x000000002f405000 	/System/Library/PrivateFrameworks/IOPresentment.framework/Versions/A/IOPresentment
0x000000002f405000 	/System/Library/PrivateFrameworks/DSExternalDisplay.framework/Versions/A/DSExternalDisplay
0x000000002f405000 	/System/Library/Frameworks/OpenGL.framework/Versions/A/Libraries/libCoreFSCache.dylib
0x000000002f405000 	/System/Library/Frameworks/CoreVideo.framework/Versions/A/CoreVideo
0x000000002f405000 	/System/Library/PrivateFrameworks/GraphVisualizer.framework/Versions/A/GraphVisualizer
0x000000002f405000 	/System/Library/Frameworks/MetalPerformanceShaders.framework/Versions/A/MetalPerformanceShaders
0x000000002f405000 	/usr/lib/libFosl_dynamic.dylib
0x000000002f405000 	/System/Library/PrivateFrameworks/FaceCore.framework/Versions/A/FaceCore
0x000000002f405000 	/System/Library/Frameworks/OpenCL.framework/Versions/A/OpenCL
0x000000002f405000 	/usr/lib/libcompression.dylib
0x000000002f405000 	/System/Library/Frameworks/ApplicationServices.framework/Versions/A/Frameworks/ATS.framework/Versions/A/Resources/libFontParser.dylib
0x000000002f405000 	/System/Library/Frameworks/ApplicationServices.framework/Versions/A/Frameworks/ATS.framework/Versions/A/Resources/libFontRegistry.dylib
0x000000002f405000 	/System/Library/Frameworks/ImageIO.framework/Versions/A/Resources/libJPEG.dylib
0x000000002f405000 	/System/Library/Frameworks/ImageIO.framework/Versions/A/Resources/libTIFF.dylib
0x000000002f405000 	/System/Library/Frameworks/ImageIO.framework/Versions/A/Resources/libPng.dylib
0x000000002f405000 	/System/Library/Frameworks/ImageIO.framework/Versions/A/Resources/libGIF.dylib
0x000000002f405000 	/System/Library/Frameworks/ImageIO.framework/Versions/A/Resources/libJP2.dylib
0x000000002f405000 	/System/Library/Frameworks/ImageIO.framework/Versions/A/Resources/libRadiance.dylib
0x000000002f405000 	/System/Library/PrivateFrameworks/AppleJPEG.framework/Versions/A/AppleJPEG
0x000000002f405000 	/System/Library/Frameworks/MetalPerformanceShaders.framework/Frameworks/MPSCore.framework/Versions/A/MPSCore
0x000000002f405000 	/System/Library/Frameworks/MetalPerformanceShaders.framework/Frameworks/MPSImage.framework/Versions/A/MPSImage
0x000000002f405000 	/System/Library/Frameworks/MetalPerformanceShaders.framework/Frameworks/MPSNeuralNetwork.framework/Versions/A/MPSNeuralNetwork
0x000000002f405000 	/System/Library/Frameworks/MetalPerformanceShaders.framework/Frameworks/MPSMatrix.framework/Versions/A/MPSMatrix
0x000000002f405000 	/System/Library/PrivateFrameworks/MetalTools.framework/Versions/A/MetalTools
0x000000002f405000 	/System/Library/Frameworks/OpenGL.framework/Versions/A/Libraries/libGLU.dylib
0x000000002f405000 	/System/Library/Frameworks/OpenGL.framework/Versions/A/Libraries/libGFXShared.dylib
0x000000002f405000 	/System/Library/Frameworks/OpenGL.framework/Versions/A/Libraries/libGL.dylib
0x000000002f405000 	/System/Library/Frameworks/OpenGL.framework/Versions/A/Libraries/libGLImage.dylib
0x000000002f405000 	/System/Library/Frameworks/OpenGL.framework/Versions/A/Libraries/libCVMSPluginSupport.dylib
0x000000002f405000 	/System/Library/Frameworks/OpenGL.framework/Versions/A/Libraries/libCoreVMClient.dylib
0x000000002f405000 	/usr/lib/libcups.2.dylib
0x000000002f405000 	/System/Library/Frameworks/Kerberos.framework/Versions/A/Kerberos
0x000000002f405000 	/System/Library/Frameworks/GSS.framework/Versions/A/GSS
0x000000002f405000 	/usr/lib/libresolv.9.dylib
0x000000002f405000 	/usr/lib/libiconv.2.dylib
0x000000002f405000 	/System/Library/PrivateFrameworks/Heimdal.framework/Versions/A/Heimdal
0x000000002f405000 	/usr/lib/libheimdal-asn1.dylib
0x000000002f405000 	/System/Library/Frameworks/OpenDirectory.framework/Versions/A/OpenDirectory
0x000000002f405000 	/System/Library/PrivateFrameworks/CommonAuth.framework/Versions/A/CommonAuth
0x000000002f405000 	/System/Library/Frameworks/OpenDirectory.framework/Versions/A/Frameworks/CFOpenDirectory.framework/Versions/A/CFOpenDirectory
0x000000002f405000 	/System/Library/Frameworks/SecurityFoundation.framework/Versions/A/SecurityFoundation
0x000000002f405000 	/System/Library/PrivateFrameworks/APFS.framework/Versions/A/APFS
0x000000002f405000 	/usr/lib/libutil.dylib
0x000000002f405000 	/System/Library/PrivateFrameworks/AppleSauce.framework/Versions/A/AppleSauce
0x000000002f405000 	/System/Library/PrivateFrameworks/LinguisticData.framework/Versions/A/LinguisticData
0x000000002f405000 	/usr/lib/libmarisa.dylib
0x000000002f405000 	/System/Library/PrivateFrameworks/Lexicon.framework/Versions/A/Lexicon
0x000000002f405000 	/usr/lib/libChineseTokenizer.dylib
0x000000002f405000 	/usr/lib/libcmph.dylib
0x000000002f405000 	/System/Library/PrivateFrameworks/LanguageModeling.framework/Versions/A/LanguageModeling
0x000000002f405000 	/System/Library/PrivateFrameworks/CoreEmoji.framework/Versions/A/CoreEmoji
0x000000002f405000 	/System/Library/Frameworks/ServiceManagement.framework/Versions/A/ServiceManagement
0x000000002f405000 	/System/Library/PrivateFrameworks/BackgroundTaskManagement.framework/Versions/A/BackgroundTaskManagement
0x000000002f405000 	/usr/lib/libxslt.1.dylib
0x000000002f405000 	/System/Library/Frameworks/Carbon.framework/Versions/A/Frameworks/Ink.framework/Versions/A/Ink
0x000000002f405000 	/System/Library/PrivateFrameworks/TextureIO.framework/Versions/A/TextureIO
0x000000002f405000 	/usr/lib/libate.dylib
0x000000002f405000 	/System/Library/PrivateFrameworks/CrashReporterSupport.framework/Versions/A/CrashReporterSupport
0x000000002f405000 	/System/Library/PrivateFrameworks/Sharing.framework/Versions/A/Sharing
0x000000002f405000 	/System/Library/PrivateFrameworks/IconServices.framework/Versions/A/IconServices
0x000000002f405000 	/System/Library/PrivateFrameworks/AuthKit.framework/Versions/A/AuthKit
0x000000002f405000 	/System/Library/PrivateFrameworks/Apple80211.framework/Versions/A/Apple80211
0x000000002f405000 	/System/Library/PrivateFrameworks/CoreUtils.framework/Versions/A/CoreUtils
0x000000002f405000 	/System/Library/Frameworks/CoreWLAN.framework/Versions/A/CoreWLAN
0x000000002f405000 	/System/Library/Frameworks/IOBluetooth.framework/Versions/A/IOBluetooth
0x000000002f405000 	/System/Library/PrivateFrameworks/ProtocolBuffer.framework/Versions/A/ProtocolBuffer
0x000000002f405000 	/System/Library/PrivateFrameworks/MobileKeyBag.framework/Versions/A/MobileKeyBag
0x000000002f405000 	/System/Library/PrivateFrameworks/CorePhoneNumbers.framework/Versions/A/CorePhoneNumbers
0x000000002f405000 	/System/Library/PrivateFrameworks/AppleIDAuthSupport.framework/Versions/A/AppleIDAuthSupport
0x000000002f405000 	/System/Library/PrivateFrameworks/KeychainCircle.framework/Versions/A/KeychainCircle
0x000000002f405000 	/System/Library/PrivateFrameworks/CoreWiFi.framework/Versions/A/CoreWiFi
0x000000002f405000 	/System/Library/Frameworks/CoreBluetooth.framework/Versions/A/CoreBluetooth
0x000000002f405000 	/System/Library/PrivateFrameworks/DebugSymbols.framework/Versions/A/DebugSymbols
0x000000002f405000 	/System/Library/PrivateFrameworks/CoreSymbolication.framework/Versions/A/CoreSymbolication
0x000000002f405000 	/System/Library/PrivateFrameworks/Symbolication.framework/Versions/A/Symbolication
0x000000002f405000 	/System/Library/PrivateFrameworks/AppleFSCompression.framework/Versions/A/AppleFSCompression
0x000000002f405000 	/System/Library/PrivateFrameworks/SpeechRecognitionCore.framework/Versions/A/SpeechRecognitionCore
0x0000000104800000 	/Library/Java/JavaVirtualMachines/jdk1.8.0_144.jdk/Contents/Home/jre/lib/server/libjvm.dylib
0x000000002f405000 	/usr/lib/libstdc++.6.0.9.dylib
0x00000001036f9000 	/Library/Java/JavaVirtualMachines/jdk1.8.0_144.jdk/Contents/Home/jre/lib/libverify.dylib
0x0000000103707000 	/Library/Java/JavaVirtualMachines/jdk1.8.0_144.jdk/Contents/Home/jre/lib/libjava.dylib
0x0000000103786000 	/Library/Java/JavaVirtualMachines/jdk1.8.0_144.jdk/Contents/Home/jre/lib/libzip.dylib
0x000000002f405000 	/System/Library/Frameworks/JavaVM.framework/Versions/A/Frameworks/JavaRuntimeSupport.framework/Versions/A/JavaRuntimeSupport
0x000000002f405000 	/System/Library/Frameworks/JavaVM.framework/Versions/A/Frameworks/JavaNativeFoundation.framework/Versions/A/JavaNativeFoundation
0x000000002f405000 	/System/Library/Frameworks/JavaVM.framework/Versions/A/JavaVM
0x000000002f405000 	/System/Library/Frameworks/Carbon.framework/Versions/A/Carbon
0x000000002f405000 	/System/Library/PrivateFrameworks/JavaLaunching.framework/Versions/A/JavaLaunching
0x000000002f405000 	/System/Library/Frameworks/Carbon.framework/Versions/A/Frameworks/CommonPanels.framework/Versions/A/CommonPanels
0x000000002f405000 	/System/Library/Frameworks/Carbon.framework/Versions/A/Frameworks/Help.framework/Versions/A/Help
0x000000002f405000 	/System/Library/Frameworks/Carbon.framework/Versions/A/Frameworks/ImageCapture.framework/Versions/A/ImageCapture
0x000000002f405000 	/System/Library/Frameworks/Carbon.framework/Versions/A/Frameworks/OpenScripting.framework/Versions/A/OpenScripting
0x000000002f405000 	/System/Library/Frameworks/Carbon.framework/Versions/A/Frameworks/Print.framework/Versions/A/Print
0x000000002f405000 	/System/Library/Frameworks/Carbon.framework/Versions/A/Frameworks/SecurityHI.framework/Versions/A/SecurityHI
0x000000010b253000 	/Library/Java/JavaVirtualMachines/jdk1.8.0_144.jdk/Contents/Home/jre/lib/libprism_es2.dylib
0x000000002f405000 	/System/Library/PrivateFrameworks/CoreServicesInternal.framework/Versions/A/CoreServicesInternal
0x000000002f405000 	/System/Library/Frameworks/OpenGL.framework/Versions/A/Resources/GLEngine.bundle/GLEngine
0x000000002f405000 	/System/Library/Frameworks/OpenGL.framework/Versions/A/Libraries/libGLProgrammability.dylib
0x000000010b2fd000 	/System/Library/Extensions/AppleIntelHD5000GraphicsGLDriver.bundle/Contents/MacOS/AppleIntelHD5000GraphicsGLDriver
0x000000002f405000 	/System/Library/PrivateFrameworks/GPUSupport.framework/Versions/A/Libraries/libGPUSupportMercury.dylib
0x000000010ba6e000 	/System/Library/Extensions/AMDRadeonX4000GLDriver.bundle/Contents/MacOS/AMDRadeonX4000GLDriver
0x000000002f405000 	/System/Library/Extensions/AMDRadeonX4000GLDriver.bundle/Contents/MacOS/ATIRadeonX4000SCLib.dylib
0x000000002f405000 	/System/Library/Frameworks/OpenGL.framework/Versions/A/Resources/GLRendererFloat.bundle/GLRendererFloat
0x000000002f405000 	/System/Library/Frameworks/OpenCL.framework/Versions/A/Libraries/libcldcpuengine.dylib
0x000000002f405000 	/usr/lib/libcrypto.35.dylib
0x000000002f405000 	/System/Library/PrivateFrameworks/TrustEvaluationAgent.framework/Versions/A/TrustEvaluationAgent
0x000000010bc1a000 	/Library/Java/JavaVirtualMachines/jdk1.8.0_144.jdk/Contents/Home/jre/lib/libglass.dylib
0x000000002f405000 	/System/Library/CoreServices/RawCamera.bundle/Contents/MacOS/RawCamera
0x000000002f405000 	/System/Library/PrivateFrameworks/MobileAsset.framework/Versions/A/MobileAsset
0x000000002f405000 	/System/Library/PrivateFrameworks/StreamingZip.framework/Versions/A/StreamingZip
0x000000002f405000 	/System/Library/Frameworks/MediaToolbox.framework/Versions/A/MediaToolbox
0x000000002f405000 	/System/Library/PrivateFrameworks/CoreAVCHD.framework/Versions/A/CoreAVCHD
0x000000002f405000 	/System/Library/Frameworks/MediaAccessibility.framework/Versions/A/MediaAccessibility
0x000000002f405000 	/System/Library/PrivateFrameworks/Mangrove.framework/Versions/A/Mangrove
0x000000002f405000 	/System/Library/Frameworks/CoreMedia.framework/Versions/A/CoreMedia
0x000000002f405000 	/System/Library/Frameworks/VideoToolbox.framework/Versions/A/VideoToolbox
0x000000002f405000 	/System/Library/PrivateFrameworks/CoreAUC.framework/Versions/A/CoreAUC
0x000000002f405000 	/usr/lib/libspindump.dylib
0x000000002f405000 	/System/Library/PrivateFrameworks/AppleVA.framework/Versions/A/AppleVA
0x000000002f405000 	/System/Library/Frameworks/Accelerate.framework/Versions/A/Frameworks/vImage.framework/Versions/A/Libraries/libCGInterfaces.dylib
0x000000002f405000 	/System/Library/PrivateFrameworks/FamilyControls.framework/Versions/A/FamilyControls
0x000000002f405000 	/System/Library/PrivateFrameworks/CommerceKit.framework/Versions/A/Frameworks/CommerceCore.framework/Versions/A/CommerceCore
0x000000002f405000 	/System/Library/PrivateFrameworks/SystemAdministration.framework/Versions/A/SystemAdministration
0x000000002f405000 	/System/Library/PrivateFrameworks/AppContainer.framework/Versions/A/AppContainer
0x000000002f405000 	/System/Library/PrivateFrameworks/SecCodeWrapper.framework/Versions/A/SecCodeWrapper
0x000000002f405000 	/System/Library/PrivateFrameworks/DiskManagement.framework/Versions/A/DiskManagement
0x000000002f405000 	/System/Library/Frameworks/DirectoryService.framework/Versions/A/DirectoryService
0x000000002f405000 	/System/Library/PrivateFrameworks/DiskImages.framework/Versions/A/DiskImages
0x000000002f405000 	/System/Library/PrivateFrameworks/LoginUIKit.framework/Versions/A/Frameworks/LoginUICore.framework/Versions/A/LoginUICore
0x000000002f405000 	/usr/lib/libCoreStorage.dylib
0x000000002f405000 	/usr/lib/libcsfde.dylib
0x000000002f405000 	/usr/lib/libodfde.dylib
0x000000002f405000 	/System/Library/PrivateFrameworks/MediaKit.framework/Versions/A/MediaKit
0x000000002f405000 	/System/Library/Frameworks/DiscRecording.framework/Versions/A/DiscRecording
0x000000002f405000 	/System/Library/PrivateFrameworks/EFILogin.framework/Versions/A/EFILogin
0x000000002f405000 	/System/Library/PrivateFrameworks/ProtectedCloudStorage.framework/Versions/A/ProtectedCloudStorage
0x000000002f405000 	/usr/lib/libcurl.4.dylib
0x000000002f405000 	/usr/lib/libssl.35.dylib
0x000000002f405000 	/System/Library/Frameworks/LDAP.framework/Versions/A/LDAP
0x000000002f405000 	/usr/lib/libsasl2.2.dylib
0x000000002f405000 	/System/Library/PrivateFrameworks/CoreDaemon.framework/Versions/B/CoreDaemon
0x000000002f405000 	/System/Library/PrivateFrameworks/AppleSRP.framework/Versions/A/AppleSRP
0x000000010de4d000 	/Library/Java/JavaVirtualMachines/jdk1.8.0_144.jdk/Contents/Home/jre/lib/libjavafx_font.dylib
0x000000002f405000 	/System/Library/Frameworks/ApplicationServices.framework/Versions/A/Frameworks/ATS.framework/Versions/A/Resources/libTrueTypeScaler.dylib
0x000000010e4d7000 	/Library/Java/JavaVirtualMachines/jdk1.8.0_144.jdk/Contents/Home/jre/lib/libawt.dylib
0x000000010e57f000 	/Library/Java/JavaVirtualMachines/jdk1.8.0_144.jdk/Contents/Home/jre/lib/./libmlib_image.dylib
0x000000010e694000 	/Library/Java/JavaVirtualMachines/jdk1.8.0_144.jdk/Contents/Home/jre/lib/libawt_lwawt.dylib
0x000000010e74b000 	/Library/Java/JavaVirtualMachines/jdk1.8.0_144.jdk/Contents/Home/jre/lib/./libosxapp.dylib
0x000000002f405000 	/System/Library/Frameworks/ExceptionHandling.framework/Versions/A/ExceptionHandling
0x000000002f405000 	/System/Library/Extensions/AppleIntelHD5000GraphicsMTLDriver.bundle/Contents/MacOS/AppleIntelHD5000GraphicsMTLDriver
0x00000001291ae000 	/Library/Java/JavaVirtualMachines/jdk1.8.0_144.jdk/Contents/Home/jre/lib/libprism_common.dylib
0x00000001291bc000 	/System/Library/Extensions/AMDMTLBronzeDriver.bundle/Contents/MacOS/AMDMTLBronzeDriver
0x000000002f405000 	/System/Library/PrivateFrameworks/IOAccelMemoryInfo.framework/Versions/A/IOAccelMemoryInfo
0x000000002f405000 	/System/Library/PrivateFrameworks/GPUCompiler.framework/Versions/3802/Libraries/libmetal_timestamp.dylib
0x000000002f405000 	/System/Library/PrivateFrameworks/ViewBridge.framework/Versions/A/ViewBridge
0x000000002f405000 	/System/Library/PrivateFrameworks/login.framework/Versions/A/login
0x000000013c262000 	/Library/Java/JavaVirtualMachines/jdk1.8.0_144.jdk/Contents/Home/jre/lib/libjfxwebkit.dylib
0x0000000129811000 	/Library/Java/JavaVirtualMachines/jdk1.8.0_144.jdk/Contents/Home/jre/lib/libnio.dylib
0x000000012a7eb000 	/Library/Java/JavaVirtualMachines/jdk1.8.0_144.jdk/Contents/Home/jre/lib/./libnet.dylib
0x000000012a8ee000 	/Library/Java/JavaVirtualMachines/jdk1.8.0_144.jdk/Contents/Home/jre/lib/libsunec.dylib

VM Arguments:
jvm_args: -Dfile.encoding=UTF-8 
java_command: gologolo.GoLogoLoApp
java_class_path (initial): /Users/akillhalimi/Documents/goLogoLo/libs/javax.json-1.0.4.jar:/Users/akillhalimi/Documents/goLogoLo/libs/DesktopJavaFramework/build/classes:/Users/akillhalimi/Documents/goLogoLo/libs/jTPS/build/classes:/Users/akillhalimi/Documents/goLogoLo/libs/PropertiesManager/build/classes:/Users/akillhalimi/Documents/goLogoLo/goLogoLo/build/classes
Launcher Type: SUN_STANDARD

Environment Variables:
PATH=/usr/bin:/bin:/usr/sbin:/sbin
LD_LIBRARY_PATH=/Library/Java/JavaVirtualMachines/jdk1.8.0_144.jdk/Contents/Home/jre/lib/amd64:/Library/Java/JavaVirtualMachines/jdk1.8.0_144.jdk/Contents/Home/jre/lib/i386:
SHELL=/bin/bash

Signal Handlers:
SIGSEGV: [libjvm.dylib+0x5b26e5], sa_mask[0]=11111111011111110111111111111111, sa_flags=SA_ONSTACK|SA_RESTART|SA_SIGINFO
SIGBUS: [libjvm.dylib+0x5b26e5], sa_mask[0]=11111111011111110111111111111111, sa_flags=SA_RESTART|SA_SIGINFO
SIGFPE: [libjvm.dylib+0x489100], sa_mask[0]=11111111011111110111111111111111, sa_flags=SA_RESTART|SA_SIGINFO
SIGPIPE: [libjvm.dylib+0x489100], sa_mask[0]=11111111011111110111111111111111, sa_flags=SA_RESTART|SA_SIGINFO
SIGXFSZ: [libjvm.dylib+0x489100], sa_mask[0]=11111111011111110111111111111111, sa_flags=SA_RESTART|SA_SIGINFO
SIGILL: [libjvm.dylib+0x489100], sa_mask[0]=11111111011111110111111111111111, sa_flags=SA_RESTART|SA_SIGINFO
SIGUSR1: SIG_DFL, sa_mask[0]=00000000000000000000000000000000, sa_flags=none
SIGUSR2: [libjvm.dylib+0x488c1e], sa_mask[0]=00100000000000000000000000000000, sa_flags=SA_RESTART|SA_SIGINFO
SIGHUP: [libjvm.dylib+0x4871f5], sa_mask[0]=11111111011111110111111111111111, sa_flags=SA_RESTART|SA_SIGINFO
SIGINT: SIG_IGN, sa_mask[0]=00000000000000000000000000000000, sa_flags=none
SIGTERM: [libjvm.dylib+0x4871f5], sa_mask[0]=11111111011111110111111111111111, sa_flags=SA_RESTART|SA_SIGINFO
SIGQUIT: [libjvm.dylib+0x4871f5], sa_mask[0]=11111111011111110111111111111111, sa_flags=SA_RESTART|SA_SIGINFO


---------------  S Y S T E M  ---------------

OS:Bsduname:Darwin 17.7.0 Darwin Kernel Version 17.7.0: Thu Jun 21 22:53:14 PDT 2018; root:xnu-4570.71.2~1/RELEASE_X86_64 x86_64
rlimit: STACK 8192k, CORE 0k, NPROC 1418, NOFILE 10240, AS infinity
load average:1.85 1.88 1.71

CPU:total 8 (initial active 8) (4 cores per cpu, 2 threads per core) family 6 model 70 stepping 1, cmov, cx8, fxsr, mmx, sse, sse2, sse3, ssse3, sse4.1, sse4.2, popcnt, avx, avx2, aes, clmul, erms, lzcnt, ht, tsc, tscinvbit, bmi1, bmi2

Memory: 4k page, physical 16777216k(3681980k free)

/proc/meminfo:


vm_info: Java HotSpot(TM) 64-Bit Server VM (25.144-b01) for bsd-amd64 JRE (1.8.0_144-b01), built on Jul 21 2017 22:07:42 by "java_re" with gcc 4.2.1 (Based on Apple Inc. build 5658) (LLVM build 2336.11.00)

time: Mon Aug  6 18:16:27 2018
elapsed time: 637 seconds (0d 0h 10m 37s)

