#
# A fatal error has been detected by the Java Runtime Environment:
#
#  SIGSEGV (0xb) at pc=0x00007fff7f0f7060, pid=26731, tid=0x0000000000000307
#
# JRE version: Java(TM) SE Runtime Environment (8.0_144-b01) (build 1.8.0_144-b01)
# Java VM: Java HotSpot(TM) 64-Bit Server VM (25.144-b01 mixed mode bsd-amd64 compressed oops)
# Problematic frame:
# C  [libsystem_platform.dylib+0x5060]  _platform_memmove$VARIANT$Haswell+0x140
#
# Failed to write core dump. Core dumps have been disabled. To enable core dumping, try "ulimit -c unlimited" before starting Java again
#
# If you would like to submit a bug report, please visit:
#   http://bugreport.java.com/bugreport/crash.jsp
# The crash happened outside the Java Virtual Machine in native code.
# See problematic frame for where to report the bug.
#

---------------  T H R E A D  ---------------

Current thread (0x00007ff8e99b3800):  JavaThread "JavaFX Application Thread" [_thread_in_native, id=775, stack(0x00007ffeedb99000,0x00007ffeee399000)]

siginfo: si_signo: 11 (SIGSEGV), si_code: 1 (SEGV_MAPERR), si_addr: 0x0000000130bad000

Registers:
RAX=0x000000013026a310, RBX=0x0000000130bac200, RCX=0x0000000000000010, RDX=0x0000000000000af0
RSP=0x00007ffeee38f020, RBP=0x00007ffeee38f020, RSI=0x0000000130bacfd0, RDI=0x000000013026b0e0
R8 =0x0000000000000000, R9 =0x00000000000911d0, R10=0x0000000000001ba0, R11=0xffffffffff6be110
R12=0x000000013026a310, R13=0x0000000000000336, R14=0x0000000000001900, R15=0x0000000000001ba0
RIP=0x00007fff7f0f7060, EFLAGS=0x0000000000010202, ERR=0x0000000000000004
  TRAPNO=0x000000000000000e

Top of Stack: (sp=0x00007ffeee38f020)
0x00007ffeee38f020:   00007ffeee38f070 00000001352ea93f
0x00007ffeee38f030:   0000000000001900 ffffffacffffffac
0x00007ffeee38f040:   000004f0000006e8 000000013a1a9ab0
0x00007ffeee38f050:   0000000000000001 000000013a1a9ab0
0x00007ffeee38f060:   00007ffeee38f128 000000013ad7e510
0x00007ffeee38f070:   00007ffeee38f0d0 00000001352ea43b
0x00007ffeee38f080:   0000000000000000 0000000000000000
0x00007ffeee38f090:   0000000000000000 0000022400000320
0x00007ffeee38f0a0:   0000000000000000 000000013a1a9ab0
0x00007ffeee38f0b0:   0000000000000001 000000013a112dc8
0x00007ffeee38f0c0:   000000013ad7e510 000000012dfccbd0
0x00007ffeee38f0d0:   00007ffeee38f160 00000001352e3894
0x00007ffeee38f0e0:   000000012dfccbd0 000000013a1a9ab0
0x00007ffeee38f0f0:   00007ffeee38f160 00000001352e3812
0x00007ffeee38f100:   0000000000000000 4228000042280000
0x00007ffeee38f110:   0000003400000000 0000022400000320
0x00007ffeee38f120:   00007ffeee38f160 ffffffd6ffffffd6
0x00007ffeee38f130:   0000027800000374 0000000000000001
0x00007ffeee38f140:   0000000000000001 000000013a112dc8
0x00007ffeee38f150:   000000012dfccbd0 000000013a1a9ab0
0x00007ffeee38f160:   00007ffeee38f1a0 00000001352e9bbf
0x00007ffeee38f170:   0000027800000374 441e0000445d0000
0x00007ffeee38f180:   000000012dfccbd0 000000013a35a578
0x00007ffeee38f190:   0000000000000000 00007ffeee390070
0x00007ffeee38f1a0:   00007ffeee38f260 000000013533d908
0x00007ffeee38f1b0:   00007ffeee38f250 000000013541822e
0x00007ffeee38f1c0:   0000000000000002 00000d0000000000
0x00007ffeee38f1d0:   000089000000c800 00000d0000000000
0x00007ffeee38f1e0:   00007ffeee390070 00007ffeee38f268
0x00007ffeee38f1f0:   000000012dfdf620 00007ffeee38f410
0x00007ffeee38f200:   000000012cdf4790 0000000000000064
0x00007ffeee38f210:   00007ffeee38f230 00000001353f29a2 

Instructions: (pc=0x00007fff7f0f7060)
0x00007fff7f0f7040:   80 00 00 00 76 5a 48 f7 c6 1f 00 00 00 74 31 c5
0x00007fff7f0f7050:   fc 29 0f c5 fc 29 57 20 48 83 c7 40 c5 fc 10 0e
0x00007fff7f0f7060:   c5 fc 10 56 20 48 83 c6 40 48 83 ea 40 77 e0 eb
0x00007fff7f0f7070:   2f 66 66 66 66 66 66 2e 0f 1f 84 00 00 00 00 00 

Register to memory mapping:

RAX=0x000000013026a310 is an unknown value
RBX=0x0000000130bac200 is an unknown value
RCX=0x0000000000000010 is an unknown value
RDX=0x0000000000000af0 is an unknown value
RSP=0x00007ffeee38f020 is pointing into the stack for thread: 0x00007ff8e99b3800
RBP=0x00007ffeee38f020 is pointing into the stack for thread: 0x00007ff8e99b3800
RSI=0x0000000130bacfd0 is an unknown value
RDI=0x000000013026b0e0 is an unknown value
R8 =0x0000000000000000 is an unknown value
R9 =0x00000000000911d0 is an unknown value
R10=0x0000000000001ba0 is an unknown value
R11=0xffffffffff6be110 is an unknown value
R12=0x000000013026a310 is an unknown value
R13=0x0000000000000336 is an unknown value
R14=0x0000000000001900 is an unknown value
R15=0x0000000000001ba0 is an unknown value


Stack: [0x00007ffeedb99000,0x00007ffeee399000],  sp=0x00007ffeee38f020,  free space=8152k
Native frames: (J=compiled Java code, j=interpreted, Vv=VM code, C=native code)
C  [libsystem_platform.dylib+0x5060]  _platform_memmove$VARIANT$Haswell+0x140
C  [libjfxwebkit.dylib+0x69393f]  WebCore::FilterEffect::copyImageBytes(JSC::GenericTypedArrayView<JSC::Uint8ClampedAdaptor>*, JSC::GenericTypedArrayView<JSC::Uint8ClampedAdaptor>*, WebCore::IntRect const&)+0x1df
C  [libjfxwebkit.dylib+0x69343b]  WebCore::FilterEffect::copyPremultipliedImage(JSC::GenericTypedArrayView<JSC::Uint8ClampedAdaptor>*, WebCore::IntRect const&)+0x1eb
C  [libjfxwebkit.dylib+0x68c894]  WebCore::FEGaussianBlur::platformApplySoftware()+0x64
C  [libjfxwebkit.dylib+0x692bbf]  WebCore::FilterEffect::apply()+0x11f
C  [libjfxwebkit.dylib+0x6e6908]  WebCore::FilterEffectRendererHelper::applyFilterEffect(WebCore::GraphicsContext&)+0x88
C  [libjfxwebkit.dylib+0x7bca19]  WebCore::RenderLayer::applyFilters(WebCore::FilterEffectRendererHelper*, WebCore::GraphicsContext&, WebCore::RenderLayer::LayerPaintingInfo&, WTF::Vector<WebCore::LayerFragment, 1ul, WTF::CrashOnOverflow, 16ul>&)+0x129
C  [libjfxwebkit.dylib+0x7bb16d]  WebCore::RenderLayer::paintLayerContents(WebCore::GraphicsContext&, WebCore::RenderLayer::LayerPaintingInfo const&, unsigned int)+0xd4d
C  [libjfxwebkit.dylib+0x7b89f7]  WebCore::RenderLayer::paintLayer(WebCore::GraphicsContext&, WebCore::RenderLayer::LayerPaintingInfo const&, unsigned int)+0x447
C  [libjfxwebkit.dylib+0x7bb0a8]  WebCore::RenderLayer::paintLayerContents(WebCore::GraphicsContext&, WebCore::RenderLayer::LayerPaintingInfo const&, unsigned int)+0xc88
C  [libjfxwebkit.dylib+0x7b89f7]  WebCore::RenderLayer::paintLayer(WebCore::GraphicsContext&, WebCore::RenderLayer::LayerPaintingInfo const&, unsigned int)+0x447
C  [libjfxwebkit.dylib+0x7bb0a8]  WebCore::RenderLayer::paintLayerContents(WebCore::GraphicsContext&, WebCore::RenderLayer::LayerPaintingInfo const&, unsigned int)+0xc88
C  [libjfxwebkit.dylib+0x7b89f7]  WebCore::RenderLayer::paintLayer(WebCore::GraphicsContext&, WebCore::RenderLayer::LayerPaintingInfo const&, unsigned int)+0x447
C  [libjfxwebkit.dylib+0x7b84f5]  WebCore::RenderLayer::paint(WebCore::GraphicsContext&, WebCore::LayoutRect const&, WebCore::LayoutSize const&, unsigned int, WebCore::RenderObject*, unsigned int)+0x105
C  [libjfxwebkit.dylib+0x5a1066]  WebCore::FrameView::paintContents(WebCore::GraphicsContext&, WebCore::IntRect const&)+0x1f6
C  [libjfxwebkit.dylib+0x615971]  WebCore::ScrollView::paint(WebCore::GraphicsContext&, WebCore::IntRect const&)+0x251
C  [libjfxwebkit.dylib+0xa4911f]  WebCore::WebPage::paint(_jobject*, int, int, int, int)+0x14f
j  com.sun.webkit.WebPage.twkUpdateContent(JLcom/sun/webkit/graphics/WCRenderQueue;IIII)V+0
j  com.sun.webkit.WebPage.updateDirty(Lcom/sun/webkit/graphics/WCRectangle;)V+218
j  com.sun.webkit.WebPage.updateContent(Lcom/sun/webkit/graphics/WCRectangle;)V+48
j  com.sun.javafx.sg.prism.web.NGWebView.update()V+68
j  javafx.scene.web.WebView.handleStagePulse()V+40
j  javafx.scene.web.WebView.lambda$new$29()V+1
j  javafx.scene.web.WebView$$Lambda$389.pulse()V+4
J 4007 C1 com.sun.javafx.tk.Toolkit$$Lambda$211.run()Ljava/lang/Object; (8 bytes) @ 0x0000000109a2f40c [0x0000000109a2f2c0+0x14c]
v  ~StubRoutines::call_stub
V  [libjvm.dylib+0x2ee70a]  JavaCalls::call_helper(JavaValue*, methodHandle*, JavaCallArguments*, Thread*)+0x6ae
V  [libjvm.dylib+0x34ee68]  JVM_DoPrivileged+0x4b8
J 1389  java.security.AccessController.doPrivileged(Ljava/security/PrivilegedAction;Ljava/security/AccessControlContext;)Ljava/lang/Object; (0 bytes) @ 0x0000000109dd5c55 [0x0000000109dd5b80+0xd5]
J 4600 C1 com.sun.javafx.tk.Toolkit.firePulse()V (279 bytes) @ 0x0000000109db8da4 [0x0000000109db7b40+0x1264]
j  com.sun.javafx.tk.quantum.QuantumToolkit.pulse(Z)V+97
J 4092 C1 com.sun.javafx.tk.quantum.QuantumToolkit$$Lambda$41.run()V (8 bytes) @ 0x0000000109bdd04c [0x0000000109bdce40+0x20c]
J 4091 C1 com.sun.glass.ui.InvokeLaterDispatcher$Future.run()V (91 bytes) @ 0x0000000109bde994 [0x0000000109bde880+0x114]
v  ~StubRoutines::call_stub
V  [libjvm.dylib+0x2ee70a]  JavaCalls::call_helper(JavaValue*, methodHandle*, JavaCallArguments*, Thread*)+0x6ae
V  [libjvm.dylib+0x3258b9]  jni_invoke_nonstatic(JNIEnv_*, JavaValue*, _jobject*, JNICallType, _jmethodID*, JNI_ArgumentPusher*, Thread*)+0x2ec
V  [libjvm.dylib+0x318087]  jni_CallVoidMethod+0x16b
C  [libglass.dylib+0x456b]  -[GlassRunnable run]+0x6b
C  [Foundation+0x682b5]  __NSThreadPerformPerform+0x14e
C  [CoreFoundation+0xa3a11]  __CFRUNLOOP_IS_CALLING_OUT_TO_A_SOURCE0_PERFORM_FUNCTION__+0x11
C  [CoreFoundation+0x15d42c]  __CFRunLoopDoSource0+0x6c
C  [CoreFoundation+0x86470]  __CFRunLoopDoSources0+0xd0
C  [CoreFoundation+0x858ed]  __CFRunLoopRun+0x50d
C  [CoreFoundation+0x85153]  CFRunLoopRunSpecific+0x1e3
C  [HIToolbox+0x2fd96]  RunCurrentEventLoopInMode+0x11e
C  [HIToolbox+0x2fa0f]  ReceiveNextEventCommon+0x16e
C  [HIToolbox+0x2f884]  _BlockUntilNextEventMatchingListInModeWithFilter+0x40
C  [AppKit+0x41a73]  _DPSNextEvent+0x825
C  [AppKit+0x7d7e34]  -[NSApplication(NSEvent) _nextEventMatchingEventMask:untilDate:inMode:dequeue:]+0xbe4
C  [libglass.dylib+0x66fc]  +[GlassApplication enterNestedEventLoopWithEnv:]+0xac
C  [libglass.dylib+0x713a]  Java_com_sun_glass_ui_mac_MacApplication__1enterNestedEventLoopImpl+0x4a
j  com.sun.glass.ui.mac.MacApplication._enterNestedEventLoopImpl()Ljava/lang/Object;+0
j  com.sun.glass.ui.mac.MacApplication._enterNestedEventLoop()Ljava/lang/Object;+15
j  com.sun.glass.ui.Application.enterNestedEventLoop()Ljava/lang/Object;+14
j  com.sun.glass.ui.EventLoop.enter()Ljava/lang/Object;+42
j  com.sun.javafx.tk.quantum.QuantumToolkit.enterNestedEventLoop(Ljava/lang/Object;)Ljava/lang/Object;+107
j  javafx.stage.Stage.showAndWait()V+93
j  djf.ui.dialogs.AppWebDialog.showWebDialog(Ljava/lang/String;)V+50
j  djf.ui.dialogs.AppDialogsFacade.showAboutDialog(Ldjf/AppTemplate;)V+50
j  djf.ui.controllers.AppHelpController.processAboutRequest()V+4
j  djf.modules.AppGUIModule.lambda$initHelpToolbar$14(Ljavafx/event/ActionEvent;)V+4
j  djf.modules.AppGUIModule$$Lambda$96.handle(Ljavafx/event/Event;)V+8
J 3881 C1 com.sun.javafx.event.CompositeEventHandler.dispatchBubblingEvent(Ljavafx/event/Event;)V (57 bytes) @ 0x000000010a57d654 [0x000000010a57d280+0x3d4]
J 1441 C1 com.sun.javafx.event.EventHandlerManager.dispatchBubblingEvent(Ljavafx/event/Event;)Ljavafx/event/Event; (23 bytes) @ 0x0000000109de7124 [0x0000000109de6a80+0x6a4]
J 1440 C1 com.sun.javafx.event.CompositeEventDispatcher.dispatchBubblingEvent(Ljavafx/event/Event;)Ljavafx/event/Event; (35 bytes) @ 0x0000000109de7adc [0x0000000109de7920+0x1bc]
J 1411 C1 com.sun.javafx.event.BasicEventDispatcher.dispatchEvent(Ljavafx/event/Event;Ljavafx/event/EventDispatchChain;)Ljavafx/event/Event; (44 bytes) @ 0x0000000109ddf33c [0x0000000109ddf000+0x33c]
J 1390 C1 com.sun.javafx.event.EventDispatchChainImpl.dispatchEvent(Ljavafx/event/Event;)Ljavafx/event/Event; (101 bytes) @ 0x0000000109dd60d4 [0x0000000109dd5f20+0x1b4]
J 1411 C1 com.sun.javafx.event.BasicEventDispatcher.dispatchEvent(Ljavafx/event/Event;Ljavafx/event/EventDispatchChain;)Ljavafx/event/Event; (44 bytes) @ 0x0000000109ddf254 [0x0000000109ddf000+0x254]
J 1390 C1 com.sun.javafx.event.EventDispatchChainImpl.dispatchEvent(Ljavafx/event/Event;)Ljavafx/event/Event; (101 bytes) @ 0x0000000109dd60d4 [0x0000000109dd5f20+0x1b4]
J 1411 C1 com.sun.javafx.event.BasicEventDispatcher.dispatchEvent(Ljavafx/event/Event;Ljavafx/event/EventDispatchChain;)Ljavafx/event/Event; (44 bytes) @ 0x0000000109ddf254 [0x0000000109ddf000+0x254]
J 1390 C1 com.sun.javafx.event.EventDispatchChainImpl.dispatchEvent(Ljavafx/event/Event;)Ljavafx/event/Event; (101 bytes) @ 0x0000000109dd60d4 [0x0000000109dd5f20+0x1b4]
J 1411 C1 com.sun.javafx.event.BasicEventDispatcher.dispatchEvent(Ljavafx/event/Event;Ljavafx/event/EventDispatchChain;)Ljavafx/event/Event; (44 bytes) @ 0x0000000109ddf254 [0x0000000109ddf000+0x254]
J 1390 C1 com.sun.javafx.event.EventDispatchChainImpl.dispatchEvent(Ljavafx/event/Event;)Ljavafx/event/Event; (101 bytes) @ 0x0000000109dd60d4 [0x0000000109dd5f20+0x1b4]
J 3367 C1 com.sun.javafx.event.EventUtil.fireEvent(Ljavafx/event/EventTarget;Ljavafx/event/Event;)Ljavafx/event/Event; (81 bytes) @ 0x000000010a36f03c [0x000000010a36e480+0xbbc]
J 3081 C1 javafx.event.Event.fireEvent(Ljavafx/event/EventTarget;Ljavafx/event/Event;)V (35 bytes) @ 0x000000010a28b5ec [0x000000010a28b520+0xcc]
j  javafx.scene.Node.fireEvent(Ljavafx/event/Event;)V+86
j  javafx.scene.control.Button.fire()V+15
j  com.sun.javafx.scene.control.behavior.ButtonBehavior.mouseReleased(Ljavafx/scene/input/MouseEvent;)V+23
j  com.sun.javafx.scene.control.skin.BehaviorSkinBase$1.handle(Ljavafx/scene/input/MouseEvent;)V+83
j  com.sun.javafx.scene.control.skin.BehaviorSkinBase$1.handle(Ljavafx/event/Event;)V+5
J 3736 C1 com.sun.javafx.event.CompositeEventHandler$NormalEventHandlerRecord.handleBubblingEvent(Ljavafx/event/Event;)V (11 bytes) @ 0x000000010a4ef28c [0x000000010a4ef180+0x10c]
J 3881 C1 com.sun.javafx.event.CompositeEventHandler.dispatchBubblingEvent(Ljavafx/event/Event;)V (57 bytes) @ 0x000000010a57d4c4 [0x000000010a57d280+0x244]
J 1441 C1 com.sun.javafx.event.EventHandlerManager.dispatchBubblingEvent(Ljavafx/event/Event;)Ljavafx/event/Event; (23 bytes) @ 0x0000000109de7124 [0x0000000109de6a80+0x6a4]
J 1440 C1 com.sun.javafx.event.CompositeEventDispatcher.dispatchBubblingEvent(Ljavafx/event/Event;)Ljavafx/event/Event; (35 bytes) @ 0x0000000109de7adc [0x0000000109de7920+0x1bc]
J 1411 C1 com.sun.javafx.event.BasicEventDispatcher.dispatchEvent(Ljavafx/event/Event;Ljavafx/event/EventDispatchChain;)Ljavafx/event/Event; (44 bytes) @ 0x0000000109ddf33c [0x0000000109ddf000+0x33c]
J 1390 C1 com.sun.javafx.event.EventDispatchChainImpl.dispatchEvent(Ljavafx/event/Event;)Ljavafx/event/Event; (101 bytes) @ 0x0000000109dd60d4 [0x0000000109dd5f20+0x1b4]
J 1411 C1 com.sun.javafx.event.BasicEventDispatcher.dispatchEvent(Ljavafx/event/Event;Ljavafx/event/EventDispatchChain;)Ljavafx/event/Event; (44 bytes) @ 0x0000000109ddf254 [0x0000000109ddf000+0x254]
J 1390 C1 com.sun.javafx.event.EventDispatchChainImpl.dispatchEvent(Ljavafx/event/Event;)Ljavafx/event/Event; (101 bytes) @ 0x0000000109dd60d4 [0x0000000109dd5f20+0x1b4]
J 1411 C1 com.sun.javafx.event.BasicEventDispatcher.dispatchEvent(Ljavafx/event/Event;Ljavafx/event/EventDispatchChain;)Ljavafx/event/Event; (44 bytes) @ 0x0000000109ddf254 [0x0000000109ddf000+0x254]
J 1390 C1 com.sun.javafx.event.EventDispatchChainImpl.dispatchEvent(Ljavafx/event/Event;)Ljavafx/event/Event; (101 bytes) @ 0x0000000109dd60d4 [0x0000000109dd5f20+0x1b4]
J 1411 C1 com.sun.javafx.event.BasicEventDispatcher.dispatchEvent(Ljavafx/event/Event;Ljavafx/event/EventDispatchChain;)Ljavafx/event/Event; (44 bytes) @ 0x0000000109ddf254 [0x0000000109ddf000+0x254]
J 1390 C1 com.sun.javafx.event.EventDispatchChainImpl.dispatchEvent(Ljavafx/event/Event;)Ljavafx/event/Event; (101 bytes) @ 0x0000000109dd60d4 [0x0000000109dd5f20+0x1b4]
J 3367 C1 com.sun.javafx.event.EventUtil.fireEvent(Ljavafx/event/EventTarget;Ljavafx/event/Event;)Ljavafx/event/Event; (81 bytes) @ 0x000000010a36ebac [0x000000010a36e480+0x72c]
J 3349 C1 javafx.scene.Scene$MouseHandler.process(Ljavafx/scene/input/MouseEvent;Z)V (735 bytes) @ 0x000000010a3627fc [0x000000010a35fce0+0x2b1c]
J 3899 C1 javafx.scene.Scene$ScenePeerListener.mouseEvent(Ljavafx/event/EventType;DDDDLjavafx/scene/input/MouseButton;ZZZZZZZZZ)V (50 bytes) @ 0x000000010a5897f4 [0x000000010a589520+0x2d4]
J 3895 C1 com.sun.javafx.tk.quantum.GlassViewEventHandler$MouseEventNotification.run()Ljava/lang/Void; (567 bytes) @ 0x000000010a58509c [0x000000010a5842c0+0xddc]
J 3894 C1 com.sun.javafx.tk.quantum.GlassViewEventHandler$MouseEventNotification.run()Ljava/lang/Object; (5 bytes) @ 0x000000010a580dcc [0x000000010a580d40+0x8c]
v  ~StubRoutines::call_stub
V  [libjvm.dylib+0x2ee70a]  JavaCalls::call_helper(JavaValue*, methodHandle*, JavaCallArguments*, Thread*)+0x6ae
V  [libjvm.dylib+0x34ee68]  JVM_DoPrivileged+0x4b8
...<more frames>...

Java frames: (J=compiled Java code, j=interpreted, Vv=VM code)
j  com.sun.webkit.WebPage.twkUpdateContent(JLcom/sun/webkit/graphics/WCRenderQueue;IIII)V+0
j  com.sun.webkit.WebPage.updateDirty(Lcom/sun/webkit/graphics/WCRectangle;)V+218
j  com.sun.webkit.WebPage.updateContent(Lcom/sun/webkit/graphics/WCRectangle;)V+48
j  com.sun.javafx.sg.prism.web.NGWebView.update()V+68
j  javafx.scene.web.WebView.handleStagePulse()V+40
j  javafx.scene.web.WebView.lambda$new$29()V+1
j  javafx.scene.web.WebView$$Lambda$389.pulse()V+4
J 4007 C1 com.sun.javafx.tk.Toolkit$$Lambda$211.run()Ljava/lang/Object; (8 bytes) @ 0x0000000109a2f40c [0x0000000109a2f2c0+0x14c]
v  ~StubRoutines::call_stub
J 1389  java.security.AccessController.doPrivileged(Ljava/security/PrivilegedAction;Ljava/security/AccessControlContext;)Ljava/lang/Object; (0 bytes) @ 0x0000000109dd5be3 [0x0000000109dd5b80+0x63]
J 4600 C1 com.sun.javafx.tk.Toolkit.firePulse()V (279 bytes) @ 0x0000000109db8da4 [0x0000000109db7b40+0x1264]
j  com.sun.javafx.tk.quantum.QuantumToolkit.pulse(Z)V+97
J 4092 C1 com.sun.javafx.tk.quantum.QuantumToolkit$$Lambda$41.run()V (8 bytes) @ 0x0000000109bdd04c [0x0000000109bdce40+0x20c]
J 4091 C1 com.sun.glass.ui.InvokeLaterDispatcher$Future.run()V (91 bytes) @ 0x0000000109bde994 [0x0000000109bde880+0x114]
v  ~StubRoutines::call_stub
j  com.sun.glass.ui.mac.MacApplication._enterNestedEventLoopImpl()Ljava/lang/Object;+0
j  com.sun.glass.ui.mac.MacApplication._enterNestedEventLoop()Ljava/lang/Object;+15
j  com.sun.glass.ui.Application.enterNestedEventLoop()Ljava/lang/Object;+14
j  com.sun.glass.ui.EventLoop.enter()Ljava/lang/Object;+42
j  com.sun.javafx.tk.quantum.QuantumToolkit.enterNestedEventLoop(Ljava/lang/Object;)Ljava/lang/Object;+107
j  javafx.stage.Stage.showAndWait()V+93
j  djf.ui.dialogs.AppWebDialog.showWebDialog(Ljava/lang/String;)V+50
j  djf.ui.dialogs.AppDialogsFacade.showAboutDialog(Ldjf/AppTemplate;)V+50
j  djf.ui.controllers.AppHelpController.processAboutRequest()V+4
j  djf.modules.AppGUIModule.lambda$initHelpToolbar$14(Ljavafx/event/ActionEvent;)V+4
j  djf.modules.AppGUIModule$$Lambda$96.handle(Ljavafx/event/Event;)V+8
J 3881 C1 com.sun.javafx.event.CompositeEventHandler.dispatchBubblingEvent(Ljavafx/event/Event;)V (57 bytes) @ 0x000000010a57d654 [0x000000010a57d280+0x3d4]
J 1441 C1 com.sun.javafx.event.EventHandlerManager.dispatchBubblingEvent(Ljavafx/event/Event;)Ljavafx/event/Event; (23 bytes) @ 0x0000000109de7124 [0x0000000109de6a80+0x6a4]
J 1440 C1 com.sun.javafx.event.CompositeEventDispatcher.dispatchBubblingEvent(Ljavafx/event/Event;)Ljavafx/event/Event; (35 bytes) @ 0x0000000109de7adc [0x0000000109de7920+0x1bc]
J 1411 C1 com.sun.javafx.event.BasicEventDispatcher.dispatchEvent(Ljavafx/event/Event;Ljavafx/event/EventDispatchChain;)Ljavafx/event/Event; (44 bytes) @ 0x0000000109ddf33c [0x0000000109ddf000+0x33c]
J 1390 C1 com.sun.javafx.event.EventDispatchChainImpl.dispatchEvent(Ljavafx/event/Event;)Ljavafx/event/Event; (101 bytes) @ 0x0000000109dd60d4 [0x0000000109dd5f20+0x1b4]
J 1411 C1 com.sun.javafx.event.BasicEventDispatcher.dispatchEvent(Ljavafx/event/Event;Ljavafx/event/EventDispatchChain;)Ljavafx/event/Event; (44 bytes) @ 0x0000000109ddf254 [0x0000000109ddf000+0x254]
J 1390 C1 com.sun.javafx.event.EventDispatchChainImpl.dispatchEvent(Ljavafx/event/Event;)Ljavafx/event/Event; (101 bytes) @ 0x0000000109dd60d4 [0x0000000109dd5f20+0x1b4]
J 1411 C1 com.sun.javafx.event.BasicEventDispatcher.dispatchEvent(Ljavafx/event/Event;Ljavafx/event/EventDispatchChain;)Ljavafx/event/Event; (44 bytes) @ 0x0000000109ddf254 [0x0000000109ddf000+0x254]
J 1390 C1 com.sun.javafx.event.EventDispatchChainImpl.dispatchEvent(Ljavafx/event/Event;)Ljavafx/event/Event; (101 bytes) @ 0x0000000109dd60d4 [0x0000000109dd5f20+0x1b4]
J 1411 C1 com.sun.javafx.event.BasicEventDispatcher.dispatchEvent(Ljavafx/event/Event;Ljavafx/event/EventDispatchChain;)Ljavafx/event/Event; (44 bytes) @ 0x0000000109ddf254 [0x0000000109ddf000+0x254]
J 1390 C1 com.sun.javafx.event.EventDispatchChainImpl.dispatchEvent(Ljavafx/event/Event;)Ljavafx/event/Event; (101 bytes) @ 0x0000000109dd60d4 [0x0000000109dd5f20+0x1b4]
J 3367 C1 com.sun.javafx.event.EventUtil.fireEvent(Ljavafx/event/EventTarget;Ljavafx/event/Event;)Ljavafx/event/Event; (81 bytes) @ 0x000000010a36f03c [0x000000010a36e480+0xbbc]
J 3081 C1 javafx.event.Event.fireEvent(Ljavafx/event/EventTarget;Ljavafx/event/Event;)V (35 bytes) @ 0x000000010a28b5ec [0x000000010a28b520+0xcc]
j  javafx.scene.Node.fireEvent(Ljavafx/event/Event;)V+86
j  javafx.scene.control.Button.fire()V+15
j  com.sun.javafx.scene.control.behavior.ButtonBehavior.mouseReleased(Ljavafx/scene/input/MouseEvent;)V+23
j  com.sun.javafx.scene.control.skin.BehaviorSkinBase$1.handle(Ljavafx/scene/input/MouseEvent;)V+83
j  com.sun.javafx.scene.control.skin.BehaviorSkinBase$1.handle(Ljavafx/event/Event;)V+5
J 3736 C1 com.sun.javafx.event.CompositeEventHandler$NormalEventHandlerRecord.handleBubblingEvent(Ljavafx/event/Event;)V (11 bytes) @ 0x000000010a4ef28c [0x000000010a4ef180+0x10c]
J 3881 C1 com.sun.javafx.event.CompositeEventHandler.dispatchBubblingEvent(Ljavafx/event/Event;)V (57 bytes) @ 0x000000010a57d4c4 [0x000000010a57d280+0x244]
J 1441 C1 com.sun.javafx.event.EventHandlerManager.dispatchBubblingEvent(Ljavafx/event/Event;)Ljavafx/event/Event; (23 bytes) @ 0x0000000109de7124 [0x0000000109de6a80+0x6a4]
J 1440 C1 com.sun.javafx.event.CompositeEventDispatcher.dispatchBubblingEvent(Ljavafx/event/Event;)Ljavafx/event/Event; (35 bytes) @ 0x0000000109de7adc [0x0000000109de7920+0x1bc]
J 1411 C1 com.sun.javafx.event.BasicEventDispatcher.dispatchEvent(Ljavafx/event/Event;Ljavafx/event/EventDispatchChain;)Ljavafx/event/Event; (44 bytes) @ 0x0000000109ddf33c [0x0000000109ddf000+0x33c]
J 1390 C1 com.sun.javafx.event.EventDispatchChainImpl.dispatchEvent(Ljavafx/event/Event;)Ljavafx/event/Event; (101 bytes) @ 0x0000000109dd60d4 [0x0000000109dd5f20+0x1b4]
J 1411 C1 com.sun.javafx.event.BasicEventDispatcher.dispatchEvent(Ljavafx/event/Event;Ljavafx/event/EventDispatchChain;)Ljavafx/event/Event; (44 bytes) @ 0x0000000109ddf254 [0x0000000109ddf000+0x254]
J 1390 C1 com.sun.javafx.event.EventDispatchChainImpl.dispatchEvent(Ljavafx/event/Event;)Ljavafx/event/Event; (101 bytes) @ 0x0000000109dd60d4 [0x0000000109dd5f20+0x1b4]
J 1411 C1 com.sun.javafx.event.BasicEventDispatcher.dispatchEvent(Ljavafx/event/Event;Ljavafx/event/EventDispatchChain;)Ljavafx/event/Event; (44 bytes) @ 0x0000000109ddf254 [0x0000000109ddf000+0x254]
J 1390 C1 com.sun.javafx.event.EventDispatchChainImpl.dispatchEvent(Ljavafx/event/Event;)Ljavafx/event/Event; (101 bytes) @ 0x0000000109dd60d4 [0x0000000109dd5f20+0x1b4]
J 1411 C1 com.sun.javafx.event.BasicEventDispatcher.dispatchEvent(Ljavafx/event/Event;Ljavafx/event/EventDispatchChain;)Ljavafx/event/Event; (44 bytes) @ 0x0000000109ddf254 [0x0000000109ddf000+0x254]
J 1390 C1 com.sun.javafx.event.EventDispatchChainImpl.dispatchEvent(Ljavafx/event/Event;)Ljavafx/event/Event; (101 bytes) @ 0x0000000109dd60d4 [0x0000000109dd5f20+0x1b4]
J 3367 C1 com.sun.javafx.event.EventUtil.fireEvent(Ljavafx/event/EventTarget;Ljavafx/event/Event;)Ljavafx/event/Event; (81 bytes) @ 0x000000010a36ebac [0x000000010a36e480+0x72c]
J 3349 C1 javafx.scene.Scene$MouseHandler.process(Ljavafx/scene/input/MouseEvent;Z)V (735 bytes) @ 0x000000010a3627fc [0x000000010a35fce0+0x2b1c]
J 3899 C1 javafx.scene.Scene$ScenePeerListener.mouseEvent(Ljavafx/event/EventType;DDDDLjavafx/scene/input/MouseButton;ZZZZZZZZZ)V (50 bytes) @ 0x000000010a5897f4 [0x000000010a589520+0x2d4]
J 3895 C1 com.sun.javafx.tk.quantum.GlassViewEventHandler$MouseEventNotification.run()Ljava/lang/Void; (567 bytes) @ 0x000000010a58509c [0x000000010a5842c0+0xddc]
J 3894 C1 com.sun.javafx.tk.quantum.GlassViewEventHandler$MouseEventNotification.run()Ljava/lang/Object; (5 bytes) @ 0x000000010a580dcc [0x000000010a580d40+0x8c]
v  ~StubRoutines::call_stub
J 1389  java.security.AccessController.doPrivileged(Ljava/security/PrivilegedAction;Ljava/security/AccessControlContext;)Ljava/lang/Object; (0 bytes) @ 0x0000000109dd5be3 [0x0000000109dd5b80+0x63]
J 3732 C1 com.sun.javafx.tk.quantum.GlassViewEventHandler$$Lambda$222.get()Ljava/lang/Object; (8 bytes) @ 0x000000010a4f0664 [0x000000010a4f0480+0x1e4]
J 1367 C1 com.sun.javafx.tk.quantum.QuantumToolkit.runWithoutRenderLock(Ljava/util/function/Supplier;)Ljava/lang/Object; (49 bytes) @ 0x0000000109dce5f4 [0x0000000109dce0c0+0x534]
J 3729 C1 com.sun.javafx.tk.quantum.GlassViewEventHandler.handleMouseEvent(Lcom/sun/glass/ui/View;JIIIIIIIZZ)V (108 bytes) @ 0x000000010a4f1164 [0x000000010a4f0d40+0x424]
J 3353 C1 com.sun.glass.ui.View.notifyMouse(IIIIIIIZZ)V (221 bytes) @ 0x000000010a36773c [0x000000010a366660+0x10dc]
v  ~StubRoutines::call_stub

---------------  P R O C E S S  ---------------

Java Threads: ( => current thread )
  0x00007ff8eb73c800 JavaThread "URL-Loader-20" daemon [_thread_blocked, id=89603, stack(0x00007000077a4000,0x00007000078a4000)]
  0x00007ff8f40f7000 JavaThread "URL-Loader-19" daemon [_thread_blocked, id=89091, stack(0x00007000076a1000,0x00007000077a1000)]
  0x00007ff8eb73c000 JavaThread "URL-Loader-18" daemon [_thread_blocked, id=128771, stack(0x000070000759e000,0x000070000769e000)]
  0x00007ff8f4027800 JavaThread "URL-Loader-17" daemon [_thread_blocked, id=129283, stack(0x000070000749b000,0x000070000759b000)]
  0x00007ff8f42aa000 JavaThread "URL-Loader-16" daemon [_thread_blocked, id=129539, stack(0x0000700007398000,0x0000700007498000)]
  0x00007ff8ea361800 JavaThread "URL-Loader-15" daemon [_thread_blocked, id=88323, stack(0x0000700007295000,0x0000700007395000)]
  0x00007ff8ea1c4800 JavaThread "URL-Loader-14" daemon [_thread_blocked, id=130051, stack(0x0000700007192000,0x0000700007292000)]
  0x00007ff8ea113000 JavaThread "URL-Loader-13" daemon [_thread_blocked, id=87847, stack(0x000070000708f000,0x000070000718f000)]
  0x00007ff8ef07b000 JavaThread "Thread-6" daemon [_thread_in_native, id=130563, stack(0x000070000700c000,0x000070000708c000)]
  0x00007ff8ea9b1800 JavaThread "URL-Loader-12" daemon [_thread_blocked, id=64519, stack(0x0000700006f09000,0x0000700007009000)]
  0x00007ff8eb028800 JavaThread "URL-Loader-11" daemon [_thread_blocked, id=63755, stack(0x0000700006e06000,0x0000700006f06000)]
  0x00007ff8ea3ab000 JavaThread "URL-Loader-10" daemon [_thread_blocked, id=64015, stack(0x0000700006d03000,0x0000700006e03000)]
  0x00007ff8eb269000 JavaThread "URL-Loader-9" daemon [_thread_blocked, id=65027, stack(0x0000700006c00000,0x0000700006d00000)]
  0x00007ff8eb0e2000 JavaThread "URL-Loader-8" daemon [_thread_blocked, id=63491, stack(0x0000700006afd000,0x0000700006bfd000)]
  0x00007ff8ea325000 JavaThread "URL-Loader-7" daemon [_thread_blocked, id=65795, stack(0x00007000069fa000,0x0000700006afa000)]
  0x00007ff8eb02e000 JavaThread "URL-Loader-6" daemon [_thread_blocked, id=62979, stack(0x00007000068f7000,0x00007000069f7000)]
  0x00007ff8eb71b800 JavaThread "URL-Loader-5" daemon [_thread_blocked, id=66055, stack(0x00007000067f4000,0x00007000068f4000)]
  0x00007ff8eaa26800 JavaThread "URL-Loader-4" daemon [_thread_blocked, id=66307, stack(0x00007000066f1000,0x00007000067f1000)]
  0x00007ff8eb0a6800 JavaThread "Keep-Alive-Timer" daemon [_thread_blocked, id=61959, stack(0x00007000065ee000,0x00007000066ee000)]
  0x00007ff8f42a7800 JavaThread "URL-Loader-3" daemon [_thread_blocked, id=61471, stack(0x00007000064eb000,0x00007000065eb000)]
  0x00007ff8ea45c000 JavaThread "URL-Loader-2" daemon [_thread_blocked, id=57871, stack(0x00007000061dc000,0x00007000062dc000)]
  0x00007ff8ea4ec800 JavaThread "URL-Loader-1" daemon [_thread_blocked, id=34311, stack(0x00007000060d9000,0x00007000061d9000)]
  0x00007ff8f4020800 JavaThread "Disposer" daemon [_thread_blocked, id=17927, stack(0x0000700005fd6000,0x00007000060d6000)]
  0x00007ff8eb1f5000 JavaThread "Prism Font Disposer" daemon [_thread_blocked, id=78627, stack(0x0000700005cc7000,0x0000700005dc7000)]
  0x00007ff8ea136000 JavaThread "Java2D Queue Flusher" daemon [_thread_blocked, id=80391, stack(0x0000700005bc4000,0x0000700005cc4000)]
  0x00007ff8e9a27000 JavaThread "Java2D Disposer" daemon [_thread_blocked, id=51207, stack(0x0000700005ac1000,0x0000700005bc1000)]
  0x00007ff8ea96c000 JavaThread "JavaFX-Launcher" [_thread_blocked, id=50179, stack(0x00007000059be000,0x0000700005abe000)]
  0x00007ff8eb0c2800 JavaThread "Thread-3" daemon [_thread_in_native, id=33539, stack(0x0000700005835000,0x00007000058b5000)]
=>0x00007ff8e99b3800 JavaThread "JavaFX Application Thread" [_thread_in_native, id=775, stack(0x00007ffeedb99000,0x00007ffeee399000)]
  0x00007ff8ea954000 JavaThread "Thread-1" daemon [_thread_blocked, id=26627, stack(0x0000700005732000,0x0000700005832000)]
  0x00007ff8ec800000 JavaThread "QuantumRenderer-0" daemon [_thread_blocked, id=21763, stack(0x000070000562f000,0x000070000572f000)]
  0x00007ff8eb016800 JavaThread "Service Thread" daemon [_thread_blocked, id=14851, stack(0x0000700005429000,0x0000700005529000)]
  0x00007ff8ea811000 JavaThread "C1 CompilerThread3" daemon [_thread_blocked, id=16131, stack(0x0000700005326000,0x0000700005426000)]
  0x00007ff8ea810000 JavaThread "C2 CompilerThread2" daemon [_thread_blocked, id=16387, stack(0x0000700005223000,0x0000700005323000)]
  0x00007ff8ea803000 JavaThread "C2 CompilerThread1" daemon [_thread_blocked, id=16643, stack(0x0000700005120000,0x0000700005220000)]
  0x00007ff8ea053000 JavaThread "C2 CompilerThread0" daemon [_thread_blocked, id=17155, stack(0x000070000501d000,0x000070000511d000)]
  0x00007ff8ea019800 JavaThread "Signal Dispatcher" daemon [_thread_blocked, id=13831, stack(0x0000700004f1a000,0x000070000501a000)]
  0x00007ff8ea032800 JavaThread "Finalizer" daemon [_thread_blocked, id=12291, stack(0x0000700004e17000,0x0000700004f17000)]
  0x00007ff8ea030000 JavaThread "Reference Handler" daemon [_thread_blocked, id=19459, stack(0x0000700004d14000,0x0000700004e14000)]
  0x00007ff8ea002800 JavaThread "main" [_thread_blocked, id=10243, stack(0x00007000042f6000,0x00007000043f6000)]

Other Threads:
  0x00007ff8ea02b800 VMThread [stack: 0x0000700004c11000,0x0000700004d11000] [id=19971]
  0x00007ff8eb049000 WatcherThread [stack: 0x000070000552c000,0x000070000562c000] [id=15107]

VM state:not at safepoint (normal execution)

VM Mutex/Monitor currently owned by a thread: None

Heap:
 PSYoungGen      total 144384K, used 58695K [0x000000076ab00000, 0x0000000774a80000, 0x00000007c0000000)
  eden space 128000K, 34% used [0x000000076ab00000,0x000000076d696818,0x0000000772800000)
  from space 16384K, 85% used [0x0000000773880000,0x000000077463b630,0x0000000774880000)
  to   space 16896K, 0% used [0x0000000772800000,0x0000000772800000,0x0000000773880000)
 ParOldGen       total 74752K, used 15107K [0x00000006c0000000, 0x00000006c4900000, 0x000000076ab00000)
  object space 74752K, 20% used [0x00000006c0000000,0x00000006c0ec0f20,0x00000006c4900000)
 Metaspace       used 30708K, capacity 32256K, committed 32384K, reserved 1077248K
  class space    used 4094K, capacity 4401K, committed 4480K, reserved 1048576K

Card table byte_map: [0x0000000103d67000,0x0000000104568000] byte_map_base: 0x0000000100767000

Marking Bits: (ParMarkBitMap*) 0x00000001032f35d0
 Begin Bits: [0x0000000118922000, 0x000000011c922000)
 End Bits:   [0x000000011c922000, 0x0000000120922000)

Polling page: 0x00000001018eb000

CodeCache: size=245760Kb used=13880Kb max_used=14364Kb free=231880Kb
 bounds [0x0000000109922000, 0x000000010a752000, 0x0000000118922000]
 total_blobs=5448 nmethods=4565 adapters=795
 compilation: enabled

Compilation events (10 events):
Event: 17.665 Thread 0x00007ff8ea811000 5378       3       com.sun.scenario.effect.impl.state.GaussianShadowState::setShadowColor (20 bytes)
Event: 17.665 Thread 0x00007ff8ea811000 nmethod 5378 0x000000010a1b93d0 code [0x000000010a1b9540, 0x000000010a1b97a8]
Event: 17.679 Thread 0x00007ff8ea803000 5379 %     4       com.sun.javafx.iio.png.PNGImageLoader2::doPaethFilter @ 36 (91 bytes)
Event: 17.679 Thread 0x00007ff8ea810000 5380       4       com.sun.javafx.image.impl.ByteBgra$ToByteBgraPreConv::doConvert (214 bytes)
Event: 17.682 Thread 0x00007ff8ea810000 nmethod 5380 0x000000010a1b8dd0 code [0x000000010a1b8f20, 0x000000010a1b9298]
Event: 17.682 Thread 0x00007ff8ea810000 5381       4       com.sun.javafx.image.impl.BaseByteToByteConverter$FourByteReorderer::doConvert (138 bytes)
Event: 17.683 Thread 0x00007ff8ea811000 5382       3       com.sun.prism.impl.BaseResourcePool::used (22 bytes)
Event: 17.684 Thread 0x00007ff8ea811000 nmethod 5382 0x000000010a1b8710 code [0x000000010a1b88a0, 0x000000010a1b8c88]
Event: 17.685 Thread 0x00007ff8ea803000 nmethod 5379% 0x0000000109aab950 code [0x0000000109aabac0, 0x0000000109aac0d8]
Event: 17.686 Thread 0x00007ff8ea810000 nmethod 5381 0x000000010a1b8050 code [0x000000010a1b81a0, 0x000000010a1b8558]

GC Heap History (10 events):
Event: 16.022 GC heap before
{Heap before GC invocations=3 (full 1):
 PSYoungGen      total 76288K, used 65536K [0x000000076ab00000, 0x0000000770000000, 0x00000007c0000000)
  eden space 65536K, 100% used [0x000000076ab00000,0x000000076eb00000,0x000000076eb00000)
  from space 10752K, 0% used [0x000000076eb00000,0x000000076eb00000,0x000000076f580000)
  to   space 10752K, 0% used [0x000000076f580000,0x000000076f580000,0x0000000770000000)
 ParOldGen       total 74752K, used 8849K [0x00000006c0000000, 0x00000006c4900000, 0x000000076ab00000)
  object space 74752K, 11% used [0x00000006c0000000,0x00000006c08a45f0,0x00000006c4900000)
 Metaspace       used 29484K, capacity 30946K, committed 31232K, reserved 1077248K
  class space    used 3975K, capacity 4252K, committed 4352K, reserved 1048576K
Event: 16.030 GC heap after
Heap after GC invocations=3 (full 1):
 PSYoungGen      total 76288K, used 10734K [0x000000076ab00000, 0x0000000770000000, 0x00000007c0000000)
  eden space 65536K, 0% used [0x000000076ab00000,0x000000076ab00000,0x000000076eb00000)
  from space 10752K, 99% used [0x000000076f580000,0x000000076fffb9a8,0x0000000770000000)
  to   space 10752K, 0% used [0x000000076eb00000,0x000000076eb00000,0x000000076f580000)
 ParOldGen       total 74752K, used 14229K [0x00000006c0000000, 0x00000006c4900000, 0x000000076ab00000)
  object space 74752K, 19% used [0x00000006c0000000,0x00000006c0de5558,0x00000006c4900000)
 Metaspace       used 29484K, capacity 30946K, committed 31232K, reserved 1077248K
  class space    used 3975K, capacity 4252K, committed 4352K, reserved 1048576K
}
Event: 16.478 GC heap before
{Heap before GC invocations=4 (full 1):
 PSYoungGen      total 76288K, used 76247K [0x000000076ab00000, 0x0000000770000000, 0x00000007c0000000)
  eden space 65536K, 99% used [0x000000076ab00000,0x000000076eafa620,0x000000076eb00000)
  from space 10752K, 99% used [0x000000076f580000,0x000000076fffb9a8,0x0000000770000000)
  to   space 10752K, 0% used [0x000000076eb00000,0x000000076eb00000,0x000000076f580000)
 ParOldGen       total 74752K, used 14229K [0x00000006c0000000, 0x00000006c4900000, 0x000000076ab00000)
  object space 74752K, 19% used [0x00000006c0000000,0x00000006c0de5558,0x00000006c4900000)
 Metaspace       used 29909K, capacity 31460K, committed 31744K, reserved 1077248K
  class space    used 4019K, capacity 4317K, committed 4352K, reserved 1048576K
Event: 16.482 GC heap after
Heap after GC invocations=4 (full 1):
 PSYoungGen      total 76288K, used 10739K [0x000000076ab00000, 0x0000000770000000, 0x00000007c0000000)
  eden space 65536K, 0% used [0x000000076ab00000,0x000000076ab00000,0x000000076eb00000)
  from space 10752K, 99% used [0x000000076eb00000,0x000000076f57cea0,0x000000076f580000)
  to   space 10752K, 0% used [0x000000076f580000,0x000000076f580000,0x0000000770000000)
 ParOldGen       total 74752K, used 15039K [0x00000006c0000000, 0x00000006c4900000, 0x000000076ab00000)
  object space 74752K, 20% used [0x00000006c0000000,0x00000006c0eaff10,0x00000006c4900000)
 Metaspace       used 29909K, capacity 31460K, committed 31744K, reserved 1077248K
  class space    used 4019K, capacity 4317K, committed 4352K, reserved 1048576K
}
Event: 16.491 GC heap before
{Heap before GC invocations=5 (full 1):
 PSYoungGen      total 76288K, used 76268K [0x000000076ab00000, 0x0000000770000000, 0x00000007c0000000)
  eden space 65536K, 99% used [0x000000076ab00000,0x000000076eafe2b0,0x000000076eb00000)
  from space 10752K, 99% used [0x000000076eb00000,0x000000076f57cea0,0x000000076f580000)
  to   space 10752K, 0% used [0x000000076f580000,0x000000076f580000,0x0000000770000000)
 ParOldGen       total 74752K, used 15039K [0x00000006c0000000, 0x00000006c4900000, 0x000000076ab00000)
  object space 74752K, 20% used [0x00000006c0000000,0x00000006c0eaff10,0x00000006c4900000)
 Metaspace       used 29909K, capacity 31460K, committed 31744K, reserved 1077248K
  class space    used 4019K, capacity 4317K, committed 4352K, reserved 1048576K
Event: 16.495 GC heap after
Heap after GC invocations=5 (full 1):
 PSYoungGen      total 76288K, used 10748K [0x000000076ab00000, 0x0000000773c00000, 0x00000007c0000000)
  eden space 65536K, 0% used [0x000000076ab00000,0x000000076ab00000,0x000000076eb00000)
  from space 10752K, 99% used [0x000000076f580000,0x000000076ffff2e0,0x0000000770000000)
  to   space 10752K, 0% used [0x000000076eb00000,0x000000076eb00000,0x000000076f580000)
 ParOldGen       total 74752K, used 15067K [0x00000006c0000000, 0x00000006c4900000, 0x000000076ab00000)
  object space 74752K, 20% used [0x00000006c0000000,0x00000006c0eb6f20,0x00000006c4900000)
 Metaspace       used 29909K, capacity 31460K, committed 31744K, reserved 1077248K
  class space    used 4019K, capacity 4317K, committed 4352K, reserved 1048576K
}
Event: 16.503 GC heap before
{Heap before GC invocations=6 (full 1):
 PSYoungGen      total 76288K, used 76222K [0x000000076ab00000, 0x0000000773c00000, 0x00000007c0000000)
  eden space 65536K, 99% used [0x000000076ab00000,0x000000076eaf05e8,0x000000076eb00000)
  from space 10752K, 99% used [0x000000076f580000,0x000000076ffff2e0,0x0000000770000000)
  to   space 10752K, 0% used [0x000000076eb00000,0x000000076eb00000,0x000000076f580000)
 ParOldGen       total 74752K, used 15067K [0x00000006c0000000, 0x00000006c4900000, 0x000000076ab00000)
  object space 74752K, 20% used [0x00000006c0000000,0x00000006c0eb6f20,0x00000006c4900000)
 Metaspace       used 29909K, capacity 31460K, committed 31744K, reserved 1077248K
  class space    used 4019K, capacity 4317K, committed 4352K, reserved 1048576K
Event: 16.506 GC heap after
Heap after GC invocations=6 (full 1):
 PSYoungGen      total 76288K, used 10747K [0x000000076ab00000, 0x0000000774880000, 0x00000007c0000000)
  eden space 65536K, 0% used [0x000000076ab00000,0x000000076ab00000,0x000000076eb00000)
  from space 10752K, 99% used [0x000000076eb00000,0x000000076f57ee58,0x000000076f580000)
  to   space 16384K, 0% used [0x0000000773880000,0x0000000773880000,0x0000000774880000)
 ParOldGen       total 74752K, used 15099K [0x00000006c0000000, 0x00000006c4900000, 0x000000076ab00000)
  object space 74752K, 20% used [0x00000006c0000000,0x00000006c0ebef20,0x00000006c4900000)
 Metaspace       used 29909K, capacity 31460K, committed 31744K, reserved 1077248K
  class space    used 4019K, capacity 4317K, committed 4352K, reserved 1048576K
}
Event: 16.514 GC heap before
{Heap before GC invocations=7 (full 1):
 PSYoungGen      total 76288K, used 76210K [0x000000076ab00000, 0x0000000774880000, 0x00000007c0000000)
  eden space 65536K, 99% used [0x000000076ab00000,0x000000076eaeda30,0x000000076eb00000)
  from space 10752K, 99% used [0x000000076eb00000,0x000000076f57ee58,0x000000076f580000)
  to   space 16384K, 0% used [0x0000000773880000,0x0000000773880000,0x0000000774880000)
 ParOldGen       total 74752K, used 15099K [0x00000006c0000000, 0x00000006c4900000, 0x000000076ab00000)
  object space 74752K, 20% used [0x00000006c0000000,0x00000006c0ebef20,0x00000006c4900000)
 Metaspace       used 29909K, capacity 31460K, committed 31744K, reserved 1077248K
  class space    used 4019K, capacity 4317K, committed 4352K, reserved 1048576K
Event: 16.521 GC heap after
Heap after GC invocations=7 (full 1):
 PSYoungGen      total 144384K, used 14061K [0x000000076ab00000, 0x0000000774a80000, 0x00000007c0000000)
  eden space 128000K, 0% used [0x000000076ab00000,0x000000076ab00000,0x0000000772800000)
  from space 16384K, 85% used [0x0000000773880000,0x000000077463b630,0x0000000774880000)
  to   space 16896K, 0% used [0x0000000772800000,0x0000000772800000,0x0000000773880000)
 ParOldGen       total 74752K, used 15107K [0x00000006c0000000, 0x00000006c4900000, 0x000000076ab00000)
  object space 74752K, 20% used [0x00000006c0000000,0x00000006c0ec0f20,0x00000006c4900000)
 Metaspace       used 29909K, capacity 31460K, committed 31744K, reserved 1077248K
  class space    used 4019K, capacity 4317K, committed 4352K, reserved 1048576K
}

Deoptimization events (10 events):
Event: 17.076 Thread 0x00007ff8ec800000 Uncommon trap: reason=class_check action=maybe_recompile pc=0x000000010a2d2cc8 method=com.sun.javafx.geom.Path2D$TxIterator.currentSegment([F)I @ 40
Event: 17.076 Thread 0x00007ff8ec800000 Uncommon trap: reason=class_check action=maybe_recompile pc=0x000000010a2d2cc8 method=com.sun.javafx.geom.Path2D$TxIterator.currentSegment([F)I @ 40
Event: 17.076 Thread 0x00007ff8ec800000 Uncommon trap: reason=class_check action=maybe_recompile pc=0x000000010a2d2cc8 method=com.sun.javafx.geom.Path2D$TxIterator.currentSegment([F)I @ 40
Event: 17.077 Thread 0x00007ff8ec800000 Uncommon trap: reason=unstable_if action=reinterpret pc=0x000000010a2aa3a8 method=com.sun.prism.es2.ES2Texture.updateFilterState()V @ 24
Event: 17.077 Thread 0x00007ff8ec800000 Uncommon trap: reason=unstable_if action=reinterpret pc=0x0000000109ae9834 method=com.sun.prism.impl.GlyphCache.render(Lcom/sun/prism/impl/BaseContext;Lcom/sun/javafx/scene/text/GlyphList;FFIILcom/sun/prism/paint/Color;Lcom/sun/prism/paint/Color;Lcom/sun/
Event: 17.077 Thread 0x00007ff8ec800000 Uncommon trap: reason=unstable_if action=reinterpret pc=0x000000010a386fe0 method=com.sun.javafx.font.PrismFontStrike.getQuantizedPosition(Lcom/sun/javafx/geom/Point2D;)I @ 4
Event: 17.077 Thread 0x00007ff8ec800000 Uncommon trap: reason=unstable_if action=reinterpret pc=0x000000010a48ba98 method=com.sun.prism.impl.GlyphCache.addDataToQuad(Lcom/sun/prism/impl/GlyphCache$GlyphData;Lcom/sun/prism/impl/VertexBuffer;Lcom/sun/prism/Texture;FFFF)V @ 149
Event: 17.077 Thread 0x00007ff8ec800000 Uncommon trap: reason=unstable_if action=reinterpret pc=0x000000010a38196c method=com.sun.javafx.font.PrismFontStrike.getQuantizedPosition(Lcom/sun/javafx/geom/Point2D;)I @ 4
Event: 17.680 Thread 0x00007ff8e99b3800 Uncommon trap: reason=unstable_if action=reinterpret pc=0x0000000109a2e8d8 method=com.sun.javafx.image.impl.ByteBgra$ToByteBgraPreConv.doConvert([BII[BIIII)V @ 31
Event: 17.680 Thread 0x00007ff8e99b3800 Uncommon trap: reason=unstable_if action=reinterpret pc=0x000000010a5cefa0 method=com.sun.javafx.image.impl.BaseByteToByteConverter$FourByteReorderer.doConvert([BII[BIIII)V @ 31

Internal exceptions (10 events):
Event: 4.502 Thread 0x00007ff8e99b3800 Implicit null exception at 0x0000000109ec7511 to 0x0000000109ec7ab1
Event: 10.854 Thread 0x00007ff8ec800000 Implicit null exception at 0x000000010a4329da to 0x000000010a432d2d
Event: 10.855 Thread 0x00007ff8ec800000 Implicit null exception at 0x000000010a45a11c to 0x000000010a45aec9
Event: 10.855 Thread 0x00007ff8ec800000 Implicit null exception at 0x000000010a45f52f to 0x000000010a45f839
Event: 14.270 Thread 0x00007ff8e99b3800 Exception <a 'sun/nio/fs/UnixException'> (0x000000076d766148) thrown at [/Users/java_re/workspace/8-2-build-macosx-x86_64/jdk8u144/9417/hotspot/src/share/vm/prims/jni.cpp, line 709]
Event: 14.272 Thread 0x00007ff8e99b3800 Exception <a 'sun/nio/fs/UnixException'> (0x000000076d768348) thrown at [/Users/java_re/workspace/8-2-build-macosx-x86_64/jdk8u144/9417/hotspot/src/share/vm/prims/jni.cpp, line 709]
Event: 14.374 Thread 0x00007ff8ec800000 Implicit null exception at 0x000000010a39cc1f to 0x000000010a39cf60
Event: 16.838 Thread 0x00007ff8eb02e000 Implicit null exception at 0x0000000109bfb56f to 0x0000000109bfb5d9
Event: 16.850 Thread 0x00007ff8ef07b000 Exception <a 'sun/nio/fs/UnixException'> (0x000000076c1e3978) thrown at [/Users/java_re/workspace/8-2-build-macosx-x86_64/jdk8u144/9417/hotspot/src/share/vm/prims/jni.cpp, line 709]
Event: 16.884 Thread 0x00007ff8ec800000 Implicit null exception at 0x000000010a4bd4a0 to 0x000000010a4bd579

Events (10 events):
Event: 17.680 Thread 0x00007ff8e99b3800 DEOPT UNPACKING pc=0x0000000109927229 sp=0x00007ffeee38e238 mode 2
Event: 17.680 Thread 0x00007ff8e99b3800 DEOPT PACKING pc=0x0000000109a252f7 sp=0x00007ffeee38e280
Event: 17.680 Thread 0x00007ff8e99b3800 DEOPT UNPACKING pc=0x0000000109969633 sp=0x00007ffeee38dfb8 mode 0
Event: 17.680 Thread 0x00007ff8e99b3800 Uncommon trap: trap_request=0xffffff65 fr.pc=0x000000010a5cefa0
Event: 17.680 Thread 0x00007ff8e99b3800 DEOPT PACKING pc=0x000000010a5cefa0 sp=0x00007ffeee38e260
Event: 17.680 Thread 0x00007ff8e99b3800 DEOPT UNPACKING pc=0x0000000109927229 sp=0x00007ffeee38e238 mode 2
Event: 17.683 Executing VM operation: RevokeBias
Event: 17.683 Executing VM operation: RevokeBias done
Event: 17.683 Executing VM operation: RevokeBias
Event: 17.683 Executing VM operation: RevokeBias done


Dynamic libraries:
0x000000002f405000 	/System/Library/Frameworks/Cocoa.framework/Versions/A/Cocoa
0x000000002f405000 	/System/Library/Frameworks/Security.framework/Versions/A/Security
0x000000002f405000 	/System/Library/Frameworks/ApplicationServices.framework/Versions/A/ApplicationServices
0x000000002f405000 	/usr/lib/libz.1.dylib
0x000000002f405000 	/usr/lib/libSystem.B.dylib
0x000000002f405000 	/usr/lib/libobjc.A.dylib
0x000000002f405000 	/System/Library/Frameworks/CoreFoundation.framework/Versions/A/CoreFoundation
0x000000002f405000 	/System/Library/Frameworks/Foundation.framework/Versions/C/Foundation
0x000000002f405000 	/System/Library/Frameworks/AppKit.framework/Versions/C/AppKit
0x000000002f405000 	/System/Library/Frameworks/CoreData.framework/Versions/A/CoreData
0x000000002f405000 	/System/Library/PrivateFrameworks/RemoteViewServices.framework/Versions/A/RemoteViewServices
0x000000002f405000 	/System/Library/PrivateFrameworks/UIFoundation.framework/Versions/A/UIFoundation
0x000000002f405000 	/System/Library/PrivateFrameworks/DFRFoundation.framework/Versions/A/DFRFoundation
0x000000002f405000 	/System/Library/Frameworks/Metal.framework/Versions/A/Metal
0x000000002f405000 	/System/Library/PrivateFrameworks/DesktopServicesPriv.framework/Versions/A/DesktopServicesPriv
0x000000002f405000 	/usr/lib/libenergytrace.dylib
0x000000002f405000 	/System/Library/PrivateFrameworks/SkyLight.framework/Versions/A/SkyLight
0x000000002f405000 	/System/Library/Frameworks/CoreGraphics.framework/Versions/A/CoreGraphics
0x000000002f405000 	/usr/lib/libScreenReader.dylib
0x000000002f405000 	/System/Library/Frameworks/Accelerate.framework/Versions/A/Accelerate
0x000000002f405000 	/System/Library/Frameworks/IOSurface.framework/Versions/A/IOSurface
0x000000002f405000 	/System/Library/Frameworks/AudioToolbox.framework/Versions/A/AudioToolbox
0x000000002f405000 	/System/Library/Frameworks/AudioUnit.framework/Versions/A/AudioUnit
0x000000002f405000 	/System/Library/PrivateFrameworks/DataDetectorsCore.framework/Versions/A/DataDetectorsCore
0x000000002f405000 	/System/Library/Frameworks/Carbon.framework/Versions/A/Frameworks/HIToolbox.framework/Versions/A/HIToolbox
0x000000002f405000 	/usr/lib/libicucore.A.dylib
0x000000002f405000 	/System/Library/Frameworks/QuartzCore.framework/Versions/A/QuartzCore
0x000000002f405000 	/System/Library/PrivateFrameworks/SignpostNotification.framework/Versions/A/SignpostNotification
0x000000002f405000 	/System/Library/Frameworks/Carbon.framework/Versions/A/Frameworks/SpeechRecognition.framework/Versions/A/SpeechRecognition
0x000000002f405000 	/usr/lib/libauto.dylib
0x000000002f405000 	/usr/lib/libxml2.2.dylib
0x000000002f405000 	/System/Library/PrivateFrameworks/CoreUI.framework/Versions/A/CoreUI
0x000000002f405000 	/System/Library/Frameworks/CoreAudio.framework/Versions/A/CoreAudio
0x000000002f405000 	/System/Library/Frameworks/DiskArbitration.framework/Versions/A/DiskArbitration
0x000000002f405000 	/usr/lib/liblangid.dylib
0x000000002f405000 	/System/Library/PrivateFrameworks/MultitouchSupport.framework/Versions/A/MultitouchSupport
0x000000002f405000 	/System/Library/Frameworks/IOKit.framework/Versions/A/IOKit
0x000000002f405000 	/usr/lib/libDiagnosticMessagesClient.dylib
0x000000002f405000 	/System/Library/Frameworks/CoreServices.framework/Versions/A/CoreServices
0x000000002f405000 	/System/Library/PrivateFrameworks/PerformanceAnalysis.framework/Versions/A/PerformanceAnalysis
0x000000002f405000 	/System/Library/Frameworks/OpenGL.framework/Versions/A/OpenGL
0x000000002f405000 	/System/Library/Frameworks/ColorSync.framework/Versions/A/ColorSync
0x000000002f405000 	/System/Library/Frameworks/CoreImage.framework/Versions/A/CoreImage
0x000000002f405000 	/System/Library/Frameworks/CoreText.framework/Versions/A/CoreText
0x000000002f405000 	/System/Library/Frameworks/ImageIO.framework/Versions/A/ImageIO
0x000000002f405000 	/System/Library/PrivateFrameworks/Backup.framework/Versions/A/Backup
0x000000002f405000 	/usr/lib/libarchive.2.dylib
0x000000002f405000 	/System/Library/Frameworks/CFNetwork.framework/Versions/A/CFNetwork
0x000000002f405000 	/System/Library/Frameworks/SystemConfiguration.framework/Versions/A/SystemConfiguration
0x000000002f405000 	/usr/lib/libCRFSuite.dylib
0x000000002f405000 	/usr/lib/libc++.1.dylib
0x000000002f405000 	/usr/lib/libc++abi.dylib
0x000000002f405000 	/usr/lib/system/libcache.dylib
0x000000002f405000 	/usr/lib/system/libcommonCrypto.dylib
0x000000002f405000 	/usr/lib/system/libcompiler_rt.dylib
0x000000002f405000 	/usr/lib/system/libcopyfile.dylib
0x000000002f405000 	/usr/lib/system/libcorecrypto.dylib
0x000000002f405000 	/usr/lib/system/libdispatch.dylib
0x000000002f405000 	/usr/lib/system/libdyld.dylib
0x000000002f405000 	/usr/lib/system/libkeymgr.dylib
0x000000002f405000 	/usr/lib/system/liblaunch.dylib
0x000000002f405000 	/usr/lib/system/libmacho.dylib
0x000000002f405000 	/usr/lib/system/libquarantine.dylib
0x000000002f405000 	/usr/lib/system/libremovefile.dylib
0x000000002f405000 	/usr/lib/system/libsystem_asl.dylib
0x000000002f405000 	/usr/lib/system/libsystem_blocks.dylib
0x000000002f405000 	/usr/lib/system/libsystem_c.dylib
0x000000002f405000 	/usr/lib/system/libsystem_configuration.dylib
0x000000002f405000 	/usr/lib/system/libsystem_coreservices.dylib
0x000000002f405000 	/usr/lib/system/libsystem_darwin.dylib
0x000000002f405000 	/usr/lib/system/libsystem_dnssd.dylib
0x000000002f405000 	/usr/lib/system/libsystem_info.dylib
0x000000002f405000 	/usr/lib/system/libsystem_m.dylib
0x000000002f405000 	/usr/lib/system/libsystem_malloc.dylib
0x000000002f405000 	/usr/lib/system/libsystem_network.dylib
0x000000002f405000 	/usr/lib/system/libsystem_networkextension.dylib
0x000000002f405000 	/usr/lib/system/libsystem_notify.dylib
0x000000002f405000 	/usr/lib/system/libsystem_sandbox.dylib
0x000000002f405000 	/usr/lib/system/libsystem_secinit.dylib
0x000000002f405000 	/usr/lib/system/libsystem_kernel.dylib
0x000000002f405000 	/usr/lib/system/libsystem_platform.dylib
0x000000002f405000 	/usr/lib/system/libsystem_pthread.dylib
0x000000002f405000 	/usr/lib/system/libsystem_symptoms.dylib
0x000000002f405000 	/usr/lib/system/libsystem_trace.dylib
0x000000002f405000 	/usr/lib/system/libunwind.dylib
0x000000002f405000 	/usr/lib/system/libxpc.dylib
0x000000002f405000 	/usr/lib/closure/libclosured.dylib
0x000000002f405000 	/usr/lib/libbsm.0.dylib
0x000000002f405000 	/usr/lib/system/libkxld.dylib
0x000000002f405000 	/usr/lib/libOpenScriptingUtil.dylib
0x000000002f405000 	/usr/lib/libcoretls.dylib
0x000000002f405000 	/usr/lib/libcoretls_cfhelpers.dylib
0x000000002f405000 	/usr/lib/libpam.2.dylib
0x000000002f405000 	/usr/lib/libsqlite3.dylib
0x000000002f405000 	/usr/lib/libxar.1.dylib
0x000000002f405000 	/usr/lib/libbz2.1.0.dylib
0x000000002f405000 	/usr/lib/liblzma.5.dylib
0x000000002f405000 	/usr/lib/libnetwork.dylib
0x000000002f405000 	/usr/lib/libapple_nghttp2.dylib
0x000000002f405000 	/usr/lib/libpcap.A.dylib
0x000000002f405000 	/usr/lib/libboringssl.dylib
0x000000002f405000 	/usr/lib/libusrtcp.dylib
0x000000002f405000 	/usr/lib/libapple_crypto.dylib
0x000000002f405000 	/System/Library/Frameworks/CoreServices.framework/Versions/A/Frameworks/FSEvents.framework/Versions/A/FSEvents
0x000000002f405000 	/System/Library/Frameworks/CoreServices.framework/Versions/A/Frameworks/CarbonCore.framework/Versions/A/CarbonCore
0x000000002f405000 	/System/Library/Frameworks/CoreServices.framework/Versions/A/Frameworks/Metadata.framework/Versions/A/Metadata
0x000000002f405000 	/System/Library/Frameworks/CoreServices.framework/Versions/A/Frameworks/OSServices.framework/Versions/A/OSServices
0x000000002f405000 	/System/Library/Frameworks/CoreServices.framework/Versions/A/Frameworks/SearchKit.framework/Versions/A/SearchKit
0x000000002f405000 	/System/Library/Frameworks/CoreServices.framework/Versions/A/Frameworks/AE.framework/Versions/A/AE
0x000000002f405000 	/System/Library/Frameworks/CoreServices.framework/Versions/A/Frameworks/LaunchServices.framework/Versions/A/LaunchServices
0x000000002f405000 	/System/Library/Frameworks/CoreServices.framework/Versions/A/Frameworks/DictionaryServices.framework/Versions/A/DictionaryServices
0x000000002f405000 	/System/Library/Frameworks/CoreServices.framework/Versions/A/Frameworks/SharedFileList.framework/Versions/A/SharedFileList
0x000000002f405000 	/System/Library/Frameworks/NetFS.framework/Versions/A/NetFS
0x000000002f405000 	/System/Library/PrivateFrameworks/NetAuth.framework/Versions/A/NetAuth
0x000000002f405000 	/System/Library/PrivateFrameworks/login.framework/Versions/A/Frameworks/loginsupport.framework/Versions/A/loginsupport
0x000000002f405000 	/System/Library/PrivateFrameworks/TCC.framework/Versions/A/TCC
0x000000002f405000 	/usr/lib/libmecabra.dylib
0x000000002f405000 	/System/Library/Frameworks/ApplicationServices.framework/Versions/A/Frameworks/ATS.framework/Versions/A/ATS
0x000000002f405000 	/System/Library/Frameworks/ApplicationServices.framework/Versions/A/Frameworks/ColorSyncLegacy.framework/Versions/A/ColorSyncLegacy
0x000000002f405000 	/System/Library/Frameworks/ApplicationServices.framework/Versions/A/Frameworks/HIServices.framework/Versions/A/HIServices
0x000000002f405000 	/System/Library/Frameworks/ApplicationServices.framework/Versions/A/Frameworks/LangAnalysis.framework/Versions/A/LangAnalysis
0x000000002f405000 	/System/Library/Frameworks/ApplicationServices.framework/Versions/A/Frameworks/PrintCore.framework/Versions/A/PrintCore
0x000000002f405000 	/System/Library/Frameworks/ApplicationServices.framework/Versions/A/Frameworks/QD.framework/Versions/A/QD
0x000000002f405000 	/System/Library/Frameworks/ApplicationServices.framework/Versions/A/Frameworks/SpeechSynthesis.framework/Versions/A/SpeechSynthesis
0x000000002f405000 	/System/Library/Frameworks/CoreDisplay.framework/Versions/A/CoreDisplay
0x000000002f405000 	/System/Library/Frameworks/Accelerate.framework/Versions/A/Frameworks/vImage.framework/Versions/A/vImage
0x000000002f405000 	/System/Library/Frameworks/Accelerate.framework/Versions/A/Frameworks/vecLib.framework/Versions/A/vecLib
0x000000002f405000 	/System/Library/Frameworks/Accelerate.framework/Versions/A/Frameworks/vecLib.framework/Versions/A/libvDSP.dylib
0x000000002f405000 	/System/Library/Frameworks/Accelerate.framework/Versions/A/Frameworks/vecLib.framework/Versions/A/libBNNS.dylib
0x000000002f405000 	/System/Library/Frameworks/Accelerate.framework/Versions/A/Frameworks/vecLib.framework/Versions/A/libQuadrature.dylib
0x000000002f405000 	/System/Library/Frameworks/Accelerate.framework/Versions/A/Frameworks/vecLib.framework/Versions/A/libvMisc.dylib
0x000000002f405000 	/System/Library/Frameworks/Accelerate.framework/Versions/A/Frameworks/vecLib.framework/Versions/A/libLAPACK.dylib
0x000000002f405000 	/System/Library/Frameworks/Accelerate.framework/Versions/A/Frameworks/vecLib.framework/Versions/A/libBLAS.dylib
0x000000002f405000 	/System/Library/Frameworks/Accelerate.framework/Versions/A/Frameworks/vecLib.framework/Versions/A/libLinearAlgebra.dylib
0x000000002f405000 	/System/Library/Frameworks/Accelerate.framework/Versions/A/Frameworks/vecLib.framework/Versions/A/libSparse.dylib
0x000000002f405000 	/System/Library/Frameworks/Accelerate.framework/Versions/A/Frameworks/vecLib.framework/Versions/A/libSparseBLAS.dylib
0x000000002f405000 	/System/Library/PrivateFrameworks/GPUWrangler.framework/Versions/A/GPUWrangler
0x000000002f405000 	/System/Library/PrivateFrameworks/IOAccelerator.framework/Versions/A/IOAccelerator
0x000000002f405000 	/System/Library/PrivateFrameworks/IOPresentment.framework/Versions/A/IOPresentment
0x000000002f405000 	/System/Library/PrivateFrameworks/DSExternalDisplay.framework/Versions/A/DSExternalDisplay
0x000000002f405000 	/System/Library/Frameworks/OpenGL.framework/Versions/A/Libraries/libCoreFSCache.dylib
0x000000002f405000 	/System/Library/Frameworks/CoreVideo.framework/Versions/A/CoreVideo
0x000000002f405000 	/System/Library/PrivateFrameworks/GraphVisualizer.framework/Versions/A/GraphVisualizer
0x000000002f405000 	/System/Library/Frameworks/MetalPerformanceShaders.framework/Versions/A/MetalPerformanceShaders
0x000000002f405000 	/usr/lib/libFosl_dynamic.dylib
0x000000002f405000 	/System/Library/PrivateFrameworks/FaceCore.framework/Versions/A/FaceCore
0x000000002f405000 	/System/Library/Frameworks/OpenCL.framework/Versions/A/OpenCL
0x000000002f405000 	/usr/lib/libcompression.dylib
0x000000002f405000 	/System/Library/Frameworks/ApplicationServices.framework/Versions/A/Frameworks/ATS.framework/Versions/A/Resources/libFontParser.dylib
0x000000002f405000 	/System/Library/Frameworks/ApplicationServices.framework/Versions/A/Frameworks/ATS.framework/Versions/A/Resources/libFontRegistry.dylib
0x000000002f405000 	/System/Library/Frameworks/ImageIO.framework/Versions/A/Resources/libJPEG.dylib
0x000000002f405000 	/System/Library/Frameworks/ImageIO.framework/Versions/A/Resources/libTIFF.dylib
0x000000002f405000 	/System/Library/Frameworks/ImageIO.framework/Versions/A/Resources/libPng.dylib
0x000000002f405000 	/System/Library/Frameworks/ImageIO.framework/Versions/A/Resources/libGIF.dylib
0x000000002f405000 	/System/Library/Frameworks/ImageIO.framework/Versions/A/Resources/libJP2.dylib
0x000000002f405000 	/System/Library/Frameworks/ImageIO.framework/Versions/A/Resources/libRadiance.dylib
0x000000002f405000 	/System/Library/PrivateFrameworks/AppleJPEG.framework/Versions/A/AppleJPEG
0x000000002f405000 	/System/Library/Frameworks/MetalPerformanceShaders.framework/Frameworks/MPSCore.framework/Versions/A/MPSCore
0x000000002f405000 	/System/Library/Frameworks/MetalPerformanceShaders.framework/Frameworks/MPSImage.framework/Versions/A/MPSImage
0x000000002f405000 	/System/Library/Frameworks/MetalPerformanceShaders.framework/Frameworks/MPSNeuralNetwork.framework/Versions/A/MPSNeuralNetwork
0x000000002f405000 	/System/Library/Frameworks/MetalPerformanceShaders.framework/Frameworks/MPSMatrix.framework/Versions/A/MPSMatrix
0x000000002f405000 	/System/Library/PrivateFrameworks/MetalTools.framework/Versions/A/MetalTools
0x000000002f405000 	/System/Library/Frameworks/OpenGL.framework/Versions/A/Libraries/libGLU.dylib
0x000000002f405000 	/System/Library/Frameworks/OpenGL.framework/Versions/A/Libraries/libGFXShared.dylib
0x000000002f405000 	/System/Library/Frameworks/OpenGL.framework/Versions/A/Libraries/libGL.dylib
0x000000002f405000 	/System/Library/Frameworks/OpenGL.framework/Versions/A/Libraries/libGLImage.dylib
0x000000002f405000 	/System/Library/Frameworks/OpenGL.framework/Versions/A/Libraries/libCVMSPluginSupport.dylib
0x000000002f405000 	/System/Library/Frameworks/OpenGL.framework/Versions/A/Libraries/libCoreVMClient.dylib
0x000000002f405000 	/usr/lib/libcups.2.dylib
0x000000002f405000 	/System/Library/Frameworks/Kerberos.framework/Versions/A/Kerberos
0x000000002f405000 	/System/Library/Frameworks/GSS.framework/Versions/A/GSS
0x000000002f405000 	/usr/lib/libresolv.9.dylib
0x000000002f405000 	/usr/lib/libiconv.2.dylib
0x000000002f405000 	/System/Library/PrivateFrameworks/Heimdal.framework/Versions/A/Heimdal
0x000000002f405000 	/usr/lib/libheimdal-asn1.dylib
0x000000002f405000 	/System/Library/Frameworks/OpenDirectory.framework/Versions/A/OpenDirectory
0x000000002f405000 	/System/Library/PrivateFrameworks/CommonAuth.framework/Versions/A/CommonAuth
0x000000002f405000 	/System/Library/Frameworks/OpenDirectory.framework/Versions/A/Frameworks/CFOpenDirectory.framework/Versions/A/CFOpenDirectory
0x000000002f405000 	/System/Library/Frameworks/SecurityFoundation.framework/Versions/A/SecurityFoundation
0x000000002f405000 	/System/Library/PrivateFrameworks/APFS.framework/Versions/A/APFS
0x000000002f405000 	/usr/lib/libutil.dylib
0x000000002f405000 	/System/Library/PrivateFrameworks/AppleSauce.framework/Versions/A/AppleSauce
0x000000002f405000 	/System/Library/PrivateFrameworks/LinguisticData.framework/Versions/A/LinguisticData
0x000000002f405000 	/usr/lib/libmarisa.dylib
0x000000002f405000 	/System/Library/PrivateFrameworks/Lexicon.framework/Versions/A/Lexicon
0x000000002f405000 	/usr/lib/libChineseTokenizer.dylib
0x000000002f405000 	/usr/lib/libcmph.dylib
0x000000002f405000 	/System/Library/PrivateFrameworks/LanguageModeling.framework/Versions/A/LanguageModeling
0x000000002f405000 	/System/Library/PrivateFrameworks/CoreEmoji.framework/Versions/A/CoreEmoji
0x000000002f405000 	/System/Library/Frameworks/ServiceManagement.framework/Versions/A/ServiceManagement
0x000000002f405000 	/System/Library/PrivateFrameworks/BackgroundTaskManagement.framework/Versions/A/BackgroundTaskManagement
0x000000002f405000 	/usr/lib/libxslt.1.dylib
0x000000002f405000 	/System/Library/Frameworks/Carbon.framework/Versions/A/Frameworks/Ink.framework/Versions/A/Ink
0x000000002f405000 	/System/Library/PrivateFrameworks/TextureIO.framework/Versions/A/TextureIO
0x000000002f405000 	/usr/lib/libate.dylib
0x000000002f405000 	/System/Library/PrivateFrameworks/CrashReporterSupport.framework/Versions/A/CrashReporterSupport
0x000000002f405000 	/System/Library/PrivateFrameworks/Sharing.framework/Versions/A/Sharing
0x000000002f405000 	/System/Library/PrivateFrameworks/IconServices.framework/Versions/A/IconServices
0x000000002f405000 	/System/Library/PrivateFrameworks/AuthKit.framework/Versions/A/AuthKit
0x000000002f405000 	/System/Library/PrivateFrameworks/Apple80211.framework/Versions/A/Apple80211
0x000000002f405000 	/System/Library/PrivateFrameworks/CoreUtils.framework/Versions/A/CoreUtils
0x000000002f405000 	/System/Library/Frameworks/CoreWLAN.framework/Versions/A/CoreWLAN
0x000000002f405000 	/System/Library/Frameworks/IOBluetooth.framework/Versions/A/IOBluetooth
0x000000002f405000 	/System/Library/PrivateFrameworks/ProtocolBuffer.framework/Versions/A/ProtocolBuffer
0x000000002f405000 	/System/Library/PrivateFrameworks/MobileKeyBag.framework/Versions/A/MobileKeyBag
0x000000002f405000 	/System/Library/PrivateFrameworks/CorePhoneNumbers.framework/Versions/A/CorePhoneNumbers
0x000000002f405000 	/System/Library/PrivateFrameworks/AppleIDAuthSupport.framework/Versions/A/AppleIDAuthSupport
0x000000002f405000 	/System/Library/PrivateFrameworks/KeychainCircle.framework/Versions/A/KeychainCircle
0x000000002f405000 	/System/Library/PrivateFrameworks/CoreWiFi.framework/Versions/A/CoreWiFi
0x000000002f405000 	/System/Library/Frameworks/CoreBluetooth.framework/Versions/A/CoreBluetooth
0x000000002f405000 	/System/Library/PrivateFrameworks/DebugSymbols.framework/Versions/A/DebugSymbols
0x000000002f405000 	/System/Library/PrivateFrameworks/CoreSymbolication.framework/Versions/A/CoreSymbolication
0x000000002f405000 	/System/Library/PrivateFrameworks/Symbolication.framework/Versions/A/Symbolication
0x000000002f405000 	/System/Library/PrivateFrameworks/AppleFSCompression.framework/Versions/A/AppleFSCompression
0x000000002f405000 	/System/Library/PrivateFrameworks/SpeechRecognitionCore.framework/Versions/A/SpeechRecognitionCore
0x0000000102a00000 	/Library/Java/JavaVirtualMachines/jdk1.8.0_144.jdk/Contents/Home/jre/lib/server/libjvm.dylib
0x000000002f405000 	/usr/lib/libstdc++.6.0.9.dylib
0x00000001018a8000 	/Library/Java/JavaVirtualMachines/jdk1.8.0_144.jdk/Contents/Home/jre/lib/libverify.dylib
0x00000001018b6000 	/Library/Java/JavaVirtualMachines/jdk1.8.0_144.jdk/Contents/Home/jre/lib/libjava.dylib
0x0000000101935000 	/Library/Java/JavaVirtualMachines/jdk1.8.0_144.jdk/Contents/Home/jre/lib/libzip.dylib
0x000000002f405000 	/System/Library/Frameworks/JavaVM.framework/Versions/A/Frameworks/JavaRuntimeSupport.framework/Versions/A/JavaRuntimeSupport
0x000000002f405000 	/System/Library/Frameworks/JavaVM.framework/Versions/A/Frameworks/JavaNativeFoundation.framework/Versions/A/JavaNativeFoundation
0x000000002f405000 	/System/Library/Frameworks/JavaVM.framework/Versions/A/JavaVM
0x000000002f405000 	/System/Library/Frameworks/Carbon.framework/Versions/A/Carbon
0x000000002f405000 	/System/Library/PrivateFrameworks/JavaLaunching.framework/Versions/A/JavaLaunching
0x000000002f405000 	/System/Library/Frameworks/Carbon.framework/Versions/A/Frameworks/CommonPanels.framework/Versions/A/CommonPanels
0x000000002f405000 	/System/Library/Frameworks/Carbon.framework/Versions/A/Frameworks/Help.framework/Versions/A/Help
0x000000002f405000 	/System/Library/Frameworks/Carbon.framework/Versions/A/Frameworks/ImageCapture.framework/Versions/A/ImageCapture
0x000000002f405000 	/System/Library/Frameworks/Carbon.framework/Versions/A/Frameworks/OpenScripting.framework/Versions/A/OpenScripting
0x000000002f405000 	/System/Library/Frameworks/Carbon.framework/Versions/A/Frameworks/Print.framework/Versions/A/Print
0x000000002f405000 	/System/Library/Frameworks/Carbon.framework/Versions/A/Frameworks/SecurityHI.framework/Versions/A/SecurityHI
0x0000000109403000 	/Library/Java/JavaVirtualMachines/jdk1.8.0_144.jdk/Contents/Home/jre/lib/libprism_es2.dylib
0x000000002f405000 	/System/Library/PrivateFrameworks/CoreServicesInternal.framework/Versions/A/CoreServicesInternal
0x000000002f405000 	/System/Library/Frameworks/OpenGL.framework/Versions/A/Resources/GLEngine.bundle/GLEngine
0x000000002f405000 	/System/Library/Frameworks/OpenGL.framework/Versions/A/Libraries/libGLProgrammability.dylib
0x0000000120922000 	/System/Library/Extensions/AppleIntelHD5000GraphicsGLDriver.bundle/Contents/MacOS/AppleIntelHD5000GraphicsGLDriver
0x000000002f405000 	/System/Library/PrivateFrameworks/GPUSupport.framework/Versions/A/Libraries/libGPUSupportMercury.dylib
0x00000001094b5000 	/System/Library/Extensions/AMDRadeonX4000GLDriver.bundle/Contents/MacOS/AMDRadeonX4000GLDriver
0x000000002f405000 	/System/Library/Extensions/AMDRadeonX4000GLDriver.bundle/Contents/MacOS/ATIRadeonX4000SCLib.dylib
0x000000002f405000 	/System/Library/Frameworks/OpenGL.framework/Versions/A/Resources/GLRendererFloat.bundle/GLRendererFloat
0x000000002f405000 	/System/Library/Frameworks/OpenCL.framework/Versions/A/Libraries/libcldcpuengine.dylib
0x000000002f405000 	/usr/lib/libcrypto.35.dylib
0x000000002f405000 	/System/Library/PrivateFrameworks/TrustEvaluationAgent.framework/Versions/A/TrustEvaluationAgent
0x0000000109661000 	/Library/Java/JavaVirtualMachines/jdk1.8.0_144.jdk/Contents/Home/jre/lib/libglass.dylib
0x000000002f405000 	/System/Library/CoreServices/RawCamera.bundle/Contents/MacOS/RawCamera
0x000000002f405000 	/System/Library/PrivateFrameworks/MobileAsset.framework/Versions/A/MobileAsset
0x000000002f405000 	/System/Library/PrivateFrameworks/StreamingZip.framework/Versions/A/StreamingZip
0x000000002f405000 	/System/Library/Frameworks/MediaToolbox.framework/Versions/A/MediaToolbox
0x000000002f405000 	/System/Library/PrivateFrameworks/CoreAVCHD.framework/Versions/A/CoreAVCHD
0x000000002f405000 	/System/Library/Frameworks/MediaAccessibility.framework/Versions/A/MediaAccessibility
0x000000002f405000 	/System/Library/PrivateFrameworks/Mangrove.framework/Versions/A/Mangrove
0x000000002f405000 	/System/Library/Frameworks/CoreMedia.framework/Versions/A/CoreMedia
0x000000002f405000 	/System/Library/Frameworks/VideoToolbox.framework/Versions/A/VideoToolbox
0x000000002f405000 	/System/Library/PrivateFrameworks/CoreAUC.framework/Versions/A/CoreAUC
0x000000002f405000 	/usr/lib/libspindump.dylib
0x000000002f405000 	/System/Library/PrivateFrameworks/AppleVA.framework/Versions/A/AppleVA
0x000000002f405000 	/System/Library/Frameworks/Accelerate.framework/Versions/A/Frameworks/vImage.framework/Versions/A/Libraries/libCGInterfaces.dylib
0x000000002f405000 	/System/Library/PrivateFrameworks/FamilyControls.framework/Versions/A/FamilyControls
0x000000002f405000 	/System/Library/PrivateFrameworks/CommerceKit.framework/Versions/A/Frameworks/CommerceCore.framework/Versions/A/CommerceCore
0x000000002f405000 	/System/Library/PrivateFrameworks/SystemAdministration.framework/Versions/A/SystemAdministration
0x000000002f405000 	/System/Library/PrivateFrameworks/AppContainer.framework/Versions/A/AppContainer
0x000000002f405000 	/System/Library/PrivateFrameworks/SecCodeWrapper.framework/Versions/A/SecCodeWrapper
0x000000002f405000 	/System/Library/PrivateFrameworks/DiskManagement.framework/Versions/A/DiskManagement
0x000000002f405000 	/System/Library/Frameworks/DirectoryService.framework/Versions/A/DirectoryService
0x000000002f405000 	/System/Library/PrivateFrameworks/DiskImages.framework/Versions/A/DiskImages
0x000000002f405000 	/System/Library/PrivateFrameworks/LoginUIKit.framework/Versions/A/Frameworks/LoginUICore.framework/Versions/A/LoginUICore
0x000000002f405000 	/usr/lib/libCoreStorage.dylib
0x000000002f405000 	/usr/lib/libcsfde.dylib
0x000000002f405000 	/usr/lib/libodfde.dylib
0x000000002f405000 	/System/Library/PrivateFrameworks/MediaKit.framework/Versions/A/MediaKit
0x000000002f405000 	/System/Library/Frameworks/DiscRecording.framework/Versions/A/DiscRecording
0x000000002f405000 	/System/Library/PrivateFrameworks/EFILogin.framework/Versions/A/EFILogin
0x000000002f405000 	/System/Library/PrivateFrameworks/ProtectedCloudStorage.framework/Versions/A/ProtectedCloudStorage
0x000000002f405000 	/usr/lib/libcurl.4.dylib
0x000000002f405000 	/usr/lib/libssl.35.dylib
0x000000002f405000 	/System/Library/Frameworks/LDAP.framework/Versions/A/LDAP
0x000000002f405000 	/usr/lib/libsasl2.2.dylib
0x000000002f405000 	/System/Library/PrivateFrameworks/CoreDaemon.framework/Versions/B/CoreDaemon
0x000000002f405000 	/System/Library/PrivateFrameworks/AppleSRP.framework/Versions/A/AppleSRP
0x0000000109870000 	/Library/Java/JavaVirtualMachines/jdk1.8.0_144.jdk/Contents/Home/jre/lib/libjavafx_font.dylib
0x000000002f405000 	/System/Library/Frameworks/ApplicationServices.framework/Versions/A/Frameworks/ATS.framework/Versions/A/Resources/libTrueTypeScaler.dylib
0x0000000123690000 	/Library/Java/JavaVirtualMachines/jdk1.8.0_144.jdk/Contents/Home/jre/lib/libawt.dylib
0x0000000123738000 	/Library/Java/JavaVirtualMachines/jdk1.8.0_144.jdk/Contents/Home/jre/lib/./libmlib_image.dylib
0x0000000123804000 	/Library/Java/JavaVirtualMachines/jdk1.8.0_144.jdk/Contents/Home/jre/lib/libawt_lwawt.dylib
0x00000001217e1000 	/Library/Java/JavaVirtualMachines/jdk1.8.0_144.jdk/Contents/Home/jre/lib/./libosxapp.dylib
0x000000002f405000 	/System/Library/Frameworks/ExceptionHandling.framework/Versions/A/ExceptionHandling
0x000000002f405000 	/System/Library/Extensions/AppleIntelHD5000GraphicsMTLDriver.bundle/Contents/MacOS/AppleIntelHD5000GraphicsMTLDriver
0x0000000127351000 	/System/Library/Extensions/AMDMTLBronzeDriver.bundle/Contents/MacOS/AMDMTLBronzeDriver
0x000000002f405000 	/System/Library/PrivateFrameworks/IOAccelMemoryInfo.framework/Versions/A/IOAccelMemoryInfo
0x000000002f405000 	/System/Library/PrivateFrameworks/GPUCompiler.framework/Versions/3802/Libraries/libmetal_timestamp.dylib
0x000000012754b000 	/Library/Java/JavaVirtualMachines/jdk1.8.0_144.jdk/Contents/Home/jre/lib/libprism_common.dylib
0x000000002f405000 	/System/Library/PrivateFrameworks/ViewBridge.framework/Versions/A/ViewBridge
0x0000000134c57000 	/Library/Java/JavaVirtualMachines/jdk1.8.0_144.jdk/Contents/Home/jre/lib/libjfxwebkit.dylib
0x0000000127c6c000 	/Library/Java/JavaVirtualMachines/jdk1.8.0_144.jdk/Contents/Home/jre/lib/libnio.dylib
0x0000000127ef8000 	/Library/Java/JavaVirtualMachines/jdk1.8.0_144.jdk/Contents/Home/jre/lib/./libnet.dylib
0x0000000127f0f000 	/Library/Java/JavaVirtualMachines/jdk1.8.0_144.jdk/Contents/Home/jre/lib/libsunec.dylib

VM Arguments:
jvm_args: -Dfile.encoding=UTF-8 
java_command: gologolo.GoLogoLoApp
java_class_path (initial): /Users/akillhalimi/Documents/goLogoLo/libs/javax.json-1.0.4.jar:/Users/akillhalimi/Documents/goLogoLo/libs/DesktopJavaFramework/build/classes:/Users/akillhalimi/Documents/goLogoLo/libs/jTPS/build/classes:/Users/akillhalimi/Documents/goLogoLo/libs/PropertiesManager/build/classes:/Users/akillhalimi/Documents/goLogoLo/goLogoLo/build/classes
Launcher Type: SUN_STANDARD

Environment Variables:
PATH=/usr/bin:/bin:/usr/sbin:/sbin
LD_LIBRARY_PATH=/Library/Java/JavaVirtualMachines/jdk1.8.0_144.jdk/Contents/Home/jre/lib/amd64:/Library/Java/JavaVirtualMachines/jdk1.8.0_144.jdk/Contents/Home/jre/lib/i386:
SHELL=/bin/bash

Signal Handlers:
SIGSEGV: [libjvm.dylib+0x5b26e5], sa_mask[0]=11111111011111110111111111111111, sa_flags=SA_ONSTACK|SA_RESTART|SA_SIGINFO
SIGBUS: [libjvm.dylib+0x5b26e5], sa_mask[0]=11111111011111110111111111111111, sa_flags=SA_RESTART|SA_SIGINFO
SIGFPE: [libjvm.dylib+0x489100], sa_mask[0]=11111111011111110111111111111111, sa_flags=SA_RESTART|SA_SIGINFO
SIGPIPE: [libjvm.dylib+0x489100], sa_mask[0]=11111111011111110111111111111111, sa_flags=SA_RESTART|SA_SIGINFO
SIGXFSZ: [libjvm.dylib+0x489100], sa_mask[0]=11111111011111110111111111111111, sa_flags=SA_RESTART|SA_SIGINFO
SIGILL: [libjvm.dylib+0x489100], sa_mask[0]=11111111011111110111111111111111, sa_flags=SA_RESTART|SA_SIGINFO
SIGUSR1: SIG_DFL, sa_mask[0]=00000000000000000000000000000000, sa_flags=none
SIGUSR2: [libjvm.dylib+0x488c1e], sa_mask[0]=00100000000000000000000000000000, sa_flags=SA_RESTART|SA_SIGINFO
SIGHUP: [libjvm.dylib+0x4871f5], sa_mask[0]=11111111011111110111111111111111, sa_flags=SA_RESTART|SA_SIGINFO
SIGINT: SIG_IGN, sa_mask[0]=00000000000000000000000000000000, sa_flags=none
SIGTERM: [libjvm.dylib+0x4871f5], sa_mask[0]=11111111011111110111111111111111, sa_flags=SA_RESTART|SA_SIGINFO
SIGQUIT: [libjvm.dylib+0x4871f5], sa_mask[0]=11111111011111110111111111111111, sa_flags=SA_RESTART|SA_SIGINFO


---------------  S Y S T E M  ---------------

OS:Bsduname:Darwin 17.7.0 Darwin Kernel Version 17.7.0: Thu Jun 21 22:53:14 PDT 2018; root:xnu-4570.71.2~1/RELEASE_X86_64 x86_64
rlimit: STACK 8192k, CORE 0k, NPROC 1418, NOFILE 10240, AS infinity
load average:1.62 1.88 2.13

CPU:total 8 (initial active 8) (4 cores per cpu, 2 threads per core) family 6 model 70 stepping 1, cmov, cx8, fxsr, mmx, sse, sse2, sse3, ssse3, sse4.1, sse4.2, popcnt, avx, avx2, aes, clmul, erms, lzcnt, ht, tsc, tscinvbit, bmi1, bmi2

Memory: 4k page, physical 16777216k(2780156k free)

/proc/meminfo:


vm_info: Java HotSpot(TM) 64-Bit Server VM (25.144-b01) for bsd-amd64 JRE (1.8.0_144-b01), built on Jul 21 2017 22:07:42 by "java_re" with gcc 4.2.1 (Based on Apple Inc. build 5658) (LLVM build 2336.11.00)

time: Thu Aug  2 10:06:31 2018
elapsed time: 17 seconds (0d 0h 0m 17s)

